   1              		.cpu cortex-m3
   2              		.eabi_attribute 20, 1
   3              		.eabi_attribute 21, 1
   4              		.eabi_attribute 23, 3
   5              		.eabi_attribute 24, 1
   6              		.eabi_attribute 25, 1
   7              		.eabi_attribute 26, 1
   8              		.eabi_attribute 30, 6
   9              		.eabi_attribute 34, 1
  10              		.eabi_attribute 18, 4
  11              		.file	"opensensors.c"
  12              		.text
  13              	.Ltext0:
  14              		.cfi_sections	.debug_frame
  15              		.section	.rodata
  16              		.align	2
  19              	rreg_uriquery:
  20 0000 683D7563 		.ascii	"h=ucb\000"
  20      6200
  21 0006 0000     		.align	2
  24              	infoBoardname:
  25 0008 43433235 		.ascii	"CC2538\000"
  25      333800
  26 000f 00       		.align	2
  29              	infouCName:
  30 0010 43433235 		.ascii	"CC2538\000"
  30      333800
  31 0017 00       		.align	2
  34              	infoRadioName:
  35 0018 43433235 		.ascii	"CC2538 SoC\000"
  35      33382053 
  35      6F4300
  36 0023 00       		.align	2
  39              	infoStackName:
  40 0024 4F70656E 		.ascii	"OpenWSN \000"
  40      57534E20 
  40      00
  41              		.comm	opensensors_vars,88,4
  42              		.text
  43              		.align	1
  44              		.global	opensensors_init
  45              		.syntax unified
  46              		.thumb
  47              		.thumb_func
  48              		.fpu softvfp
  50              	opensensors_init:
  51              	.LFB0:
  52              		.file 1 "build\\openmote-cc2538_armgcc\\drivers\\common\\opensensors.c"
   1:build\openmote-cc2538_armgcc\drivers\common/opensensors.c **** /**
   2:build\openmote-cc2538_armgcc\drivers\common/opensensors.c **** \brief Definition of the "opensensors" driver.
   3:build\openmote-cc2538_armgcc\drivers\common/opensensors.c **** 
   4:build\openmote-cc2538_armgcc\drivers\common/opensensors.c **** \author Nicola Accettura <nicola.accettura@eecs.berkeley.edu>, March 2015.
   5:build\openmote-cc2538_armgcc\drivers\common/opensensors.c **** */
   6:build\openmote-cc2538_armgcc\drivers\common/opensensors.c **** 
   7:build\openmote-cc2538_armgcc\drivers\common/opensensors.c **** #include "opendefs.h"
   8:build\openmote-cc2538_armgcc\drivers\common/opensensors.c **** #include "opensensors.h"
   9:build\openmote-cc2538_armgcc\drivers\common/opensensors.c **** #include "sensors.h"
  10:build\openmote-cc2538_armgcc\drivers\common/opensensors.c **** 
  11:build\openmote-cc2538_armgcc\drivers\common/opensensors.c **** //=========================== defines =========================================
  12:build\openmote-cc2538_armgcc\drivers\common/opensensors.c **** 
  13:build\openmote-cc2538_armgcc\drivers\common/opensensors.c **** //=========================== variables =======================================
  14:build\openmote-cc2538_armgcc\drivers\common/opensensors.c **** 
  15:build\openmote-cc2538_armgcc\drivers\common/opensensors.c **** opensensors_vars_t opensensors_vars;
  16:build\openmote-cc2538_armgcc\drivers\common/opensensors.c **** 
  17:build\openmote-cc2538_armgcc\drivers\common/opensensors.c **** //=========================== prototypes ======================================
  18:build\openmote-cc2538_armgcc\drivers\common/opensensors.c **** 
  19:build\openmote-cc2538_armgcc\drivers\common/opensensors.c **** void opensensors_register(
  20:build\openmote-cc2538_armgcc\drivers\common/opensensors.c ****    uint8_t sensorType
  21:build\openmote-cc2538_armgcc\drivers\common/opensensors.c **** );
  22:build\openmote-cc2538_armgcc\drivers\common/opensensors.c **** 
  23:build\openmote-cc2538_armgcc\drivers\common/opensensors.c **** //=========================== public ==========================================
  24:build\openmote-cc2538_armgcc\drivers\common/opensensors.c **** 
  25:build\openmote-cc2538_armgcc\drivers\common/opensensors.c **** /**
  26:build\openmote-cc2538_armgcc\drivers\common/opensensors.c ****    \brief Initialize OpenSensors
  27:build\openmote-cc2538_armgcc\drivers\common/opensensors.c **** */
  28:build\openmote-cc2538_armgcc\drivers\common/opensensors.c **** void opensensors_init(void) {
  53              		.loc 1 28 0
  54              		.cfi_startproc
  55              		@ args = 0, pretend = 0, frame = 8
  56              		@ frame_needed = 1, uses_anonymous_args = 0
  57 0000 80B5     		push	{r7, lr}
  58              		.cfi_def_cfa_offset 8
  59              		.cfi_offset 7, -8
  60              		.cfi_offset 14, -4
  61 0002 82B0     		sub	sp, sp, #8
  62              		.cfi_def_cfa_offset 16
  63 0004 00AF     		add	r7, sp, #0
  64              		.cfi_def_cfa_register 7
  29:build\openmote-cc2538_armgcc\drivers\common/opensensors.c ****    uint8_t sensorType;
  30:build\openmote-cc2538_armgcc\drivers\common/opensensors.c ****    
  31:build\openmote-cc2538_armgcc\drivers\common/opensensors.c ****    memset(&opensensors_vars,0,sizeof(opensensors_vars_t));
  65              		.loc 1 31 0
  66 0006 5822     		movs	r2, #88
  67 0008 0021     		movs	r1, #0
  68 000a 0A48     		ldr	r0, .L4
  69 000c FFF7FEFF 		bl	memset
  32:build\openmote-cc2538_armgcc\drivers\common/opensensors.c ****    for (sensorType=SENSOR_ZERO+1;sensorType<SENSOR_LAST;sensorType++) {
  70              		.loc 1 32 0
  71 0010 0123     		movs	r3, #1
  72 0012 FB71     		strb	r3, [r7, #7]
  73 0014 06E0     		b	.L2
  74              	.L3:
  33:build\openmote-cc2538_armgcc\drivers\common/opensensors.c ****       opensensors_register(sensorType);
  75              		.loc 1 33 0 discriminator 3
  76 0016 FB79     		ldrb	r3, [r7, #7]	@ zero_extendqisi2
  77 0018 1846     		mov	r0, r3
  78 001a FFF7FEFF 		bl	opensensors_register
  32:build\openmote-cc2538_armgcc\drivers\common/opensensors.c ****    for (sensorType=SENSOR_ZERO+1;sensorType<SENSOR_LAST;sensorType++) {
  79              		.loc 1 32 0 discriminator 3
  80 001e FB79     		ldrb	r3, [r7, #7]	@ zero_extendqisi2
  81 0020 0133     		adds	r3, r3, #1
  82 0022 FB71     		strb	r3, [r7, #7]
  83              	.L2:
  32:build\openmote-cc2538_armgcc\drivers\common/opensensors.c ****    for (sensorType=SENSOR_ZERO+1;sensorType<SENSOR_LAST;sensorType++) {
  84              		.loc 1 32 0 is_stmt 0 discriminator 1
  85 0024 FB79     		ldrb	r3, [r7, #7]	@ zero_extendqisi2
  86 0026 082B     		cmp	r3, #8
  87 0028 F5D9     		bls	.L3
  34:build\openmote-cc2538_armgcc\drivers\common/opensensors.c ****    }
  35:build\openmote-cc2538_armgcc\drivers\common/opensensors.c **** }
  88              		.loc 1 35 0 is_stmt 1
  89 002a 00BF     		nop
  90 002c 0837     		adds	r7, r7, #8
  91              		.cfi_def_cfa_offset 8
  92 002e BD46     		mov	sp, r7
  93              		.cfi_def_cfa_register 13
  94              		@ sp needed
  95 0030 80BD     		pop	{r7, pc}
  96              	.L5:
  97 0032 00BF     		.align	2
  98              	.L4:
  99 0034 00000000 		.word	opensensors_vars
 100              		.cfi_endproc
 101              	.LFE0:
 103              		.align	1
 104              		.global	opensensors_getNumSensors
 105              		.syntax unified
 106              		.thumb
 107              		.thumb_func
 108              		.fpu softvfp
 110              	opensensors_getNumSensors:
 111              	.LFB1:
  36:build\openmote-cc2538_armgcc\drivers\common/opensensors.c **** 
  37:build\openmote-cc2538_armgcc\drivers\common/opensensors.c **** /**
  38:build\openmote-cc2538_armgcc\drivers\common/opensensors.c ****    \brief Return the number of registered OpenSensors
  39:build\openmote-cc2538_armgcc\drivers\common/opensensors.c ****    \returns the number of registered OpenSensors.
  40:build\openmote-cc2538_armgcc\drivers\common/opensensors.c **** */
  41:build\openmote-cc2538_armgcc\drivers\common/opensensors.c **** uint8_t opensensors_getNumSensors(void) {
 112              		.loc 1 41 0
 113              		.cfi_startproc
 114              		@ args = 0, pretend = 0, frame = 0
 115              		@ frame_needed = 1, uses_anonymous_args = 0
 116              		@ link register save eliminated.
 117 0038 80B4     		push	{r7}
 118              		.cfi_def_cfa_offset 4
 119              		.cfi_offset 7, -4
 120 003a 00AF     		add	r7, sp, #0
 121              		.cfi_def_cfa_register 7
  42:build\openmote-cc2538_armgcc\drivers\common/opensensors.c ****    return opensensors_vars.numSensors;
 122              		.loc 1 42 0
 123 003c 034B     		ldr	r3, .L8
 124 003e 93F85430 		ldrb	r3, [r3, #84]	@ zero_extendqisi2
  43:build\openmote-cc2538_armgcc\drivers\common/opensensors.c **** }
 125              		.loc 1 43 0
 126 0042 1846     		mov	r0, r3
 127 0044 BD46     		mov	sp, r7
 128              		.cfi_def_cfa_register 13
 129              		@ sp needed
 130 0046 80BC     		pop	{r7}
 131              		.cfi_restore 7
 132              		.cfi_def_cfa_offset 0
 133 0048 7047     		bx	lr
 134              	.L9:
 135 004a 00BF     		.align	2
 136              	.L8:
 137 004c 00000000 		.word	opensensors_vars
 138              		.cfi_endproc
 139              	.LFE1:
 141              		.align	1
 142              		.global	opensensors_getResource
 143              		.syntax unified
 144              		.thumb
 145              		.thumb_func
 146              		.fpu softvfp
 148              	opensensors_getResource:
 149              	.LFB2:
  44:build\openmote-cc2538_armgcc\drivers\common/opensensors.c **** 
  45:build\openmote-cc2538_armgcc\drivers\common/opensensors.c **** /**
  46:build\openmote-cc2538_armgcc\drivers\common/opensensors.c ****    \brief Return an OpenSensors resource structure
  47:build\openmote-cc2538_armgcc\drivers\common/opensensors.c ****    \param[in] index Index of the OpenSensors resource within Opensensors vars.
  48:build\openmote-cc2538_armgcc\drivers\common/opensensors.c ****    \returns the OpenSensors resource within Opensensors vars.
  49:build\openmote-cc2538_armgcc\drivers\common/opensensors.c **** */
  50:build\openmote-cc2538_armgcc\drivers\common/opensensors.c **** opensensors_resource_desc_t* opensensors_getResource(uint8_t index) {
 150              		.loc 1 50 0
 151              		.cfi_startproc
 152              		@ args = 0, pretend = 0, frame = 8
 153              		@ frame_needed = 1, uses_anonymous_args = 0
 154              		@ link register save eliminated.
 155 0050 80B4     		push	{r7}
 156              		.cfi_def_cfa_offset 4
 157              		.cfi_offset 7, -4
 158 0052 83B0     		sub	sp, sp, #12
 159              		.cfi_def_cfa_offset 16
 160 0054 00AF     		add	r7, sp, #0
 161              		.cfi_def_cfa_register 7
 162 0056 0346     		mov	r3, r0
 163 0058 FB71     		strb	r3, [r7, #7]
  51:build\openmote-cc2538_armgcc\drivers\common/opensensors.c ****    return &(opensensors_vars.opensensors_resource[index]);
 164              		.loc 1 51 0
 165 005a FA79     		ldrb	r2, [r7, #7]	@ zero_extendqisi2
 166 005c 1346     		mov	r3, r2
 167 005e 5B00     		lsls	r3, r3, #1
 168 0060 1344     		add	r3, r3, r2
 169 0062 9B00     		lsls	r3, r3, #2
 170 0064 034A     		ldr	r2, .L12
 171 0066 1344     		add	r3, r3, r2
  52:build\openmote-cc2538_armgcc\drivers\common/opensensors.c **** }
 172              		.loc 1 52 0
 173 0068 1846     		mov	r0, r3
 174 006a 0C37     		adds	r7, r7, #12
 175              		.cfi_def_cfa_offset 4
 176 006c BD46     		mov	sp, r7
 177              		.cfi_def_cfa_register 13
 178              		@ sp needed
 179 006e 80BC     		pop	{r7}
 180              		.cfi_restore 7
 181              		.cfi_def_cfa_offset 0
 182 0070 7047     		bx	lr
 183              	.L13:
 184 0072 00BF     		.align	2
 185              	.L12:
 186 0074 00000000 		.word	opensensors_vars
 187              		.cfi_endproc
 188              	.LFE2:
 190              		.align	1
 191              		.global	opensensors_register
 192              		.syntax unified
 193              		.thumb
 194              		.thumb_func
 195              		.fpu softvfp
 197              	opensensors_register:
 198              	.LFB3:
  53:build\openmote-cc2538_armgcc\drivers\common/opensensors.c **** 
  54:build\openmote-cc2538_armgcc\drivers\common/opensensors.c **** //=========================== private =========================================
  55:build\openmote-cc2538_armgcc\drivers\common/opensensors.c **** 
  56:build\openmote-cc2538_armgcc\drivers\common/opensensors.c **** /**
  57:build\openmote-cc2538_armgcc\drivers\common/opensensors.c ****    \brief Register a OpenSensors resource
  58:build\openmote-cc2538_armgcc\drivers\common/opensensors.c **** 
  59:build\openmote-cc2538_armgcc\drivers\common/opensensors.c ****    \param[in] sensorType the sensor type representation.
  60:build\openmote-cc2538_armgcc\drivers\common/opensensors.c **** */
  61:build\openmote-cc2538_armgcc\drivers\common/opensensors.c **** void opensensors_register(uint8_t sensorType) {
 199              		.loc 1 61 0
 200              		.cfi_startproc
 201              		@ args = 0, pretend = 0, frame = 8
 202              		@ frame_needed = 1, uses_anonymous_args = 0
 203 0078 90B5     		push	{r4, r7, lr}
 204              		.cfi_def_cfa_offset 12
 205              		.cfi_offset 4, -12
 206              		.cfi_offset 7, -8
 207              		.cfi_offset 14, -4
 208 007a 83B0     		sub	sp, sp, #12
 209              		.cfi_def_cfa_offset 24
 210 007c 00AF     		add	r7, sp, #0
 211              		.cfi_def_cfa_register 7
 212 007e 0346     		mov	r3, r0
 213 0080 FB71     		strb	r3, [r7, #7]
  62:build\openmote-cc2538_armgcc\drivers\common/opensensors.c ****    if (sensors_is_present(sensorType)) {
 214              		.loc 1 62 0
 215 0082 FB79     		ldrb	r3, [r7, #7]	@ zero_extendqisi2
 216 0084 1846     		mov	r0, r3
 217 0086 FFF7FEFF 		bl	sensors_is_present
 218 008a 0346     		mov	r3, r0
 219 008c 002B     		cmp	r3, #0
 220 008e 35D0     		beq	.L16
  63:build\openmote-cc2538_armgcc\drivers\common/opensensors.c ****       opensensors_vars.opensensors_resource[opensensors_vars.numSensors].sensorType      = sensorTy
 221              		.loc 1 63 0
 222 0090 1C4B     		ldr	r3, .L17
 223 0092 93F85430 		ldrb	r3, [r3, #84]	@ zero_extendqisi2
 224 0096 1946     		mov	r1, r3
 225 0098 1A4A     		ldr	r2, .L17
 226 009a 0B46     		mov	r3, r1
 227 009c 5B00     		lsls	r3, r3, #1
 228 009e 0B44     		add	r3, r3, r1
 229 00a0 9B00     		lsls	r3, r3, #2
 230 00a2 1344     		add	r3, r3, r2
 231 00a4 FA79     		ldrb	r2, [r7, #7]
 232 00a6 1A70     		strb	r2, [r3]
  64:build\openmote-cc2538_armgcc\drivers\common/opensensors.c ****       opensensors_vars.opensensors_resource[opensensors_vars.numSensors].callbackRead    = sensors_
 233              		.loc 1 64 0
 234 00a8 164B     		ldr	r3, .L17
 235 00aa 93F85430 		ldrb	r3, [r3, #84]	@ zero_extendqisi2
 236 00ae 1C46     		mov	r4, r3
 237 00b0 FB79     		ldrb	r3, [r7, #7]	@ zero_extendqisi2
 238 00b2 1846     		mov	r0, r3
 239 00b4 FFF7FEFF 		bl	sensors_getCallbackRead
 240 00b8 0146     		mov	r1, r0
 241 00ba 124A     		ldr	r2, .L17
 242 00bc 2346     		mov	r3, r4
 243 00be 5B00     		lsls	r3, r3, #1
 244 00c0 2344     		add	r3, r3, r4
 245 00c2 9B00     		lsls	r3, r3, #2
 246 00c4 1344     		add	r3, r3, r2
 247 00c6 0433     		adds	r3, r3, #4
 248 00c8 1960     		str	r1, [r3]
  65:build\openmote-cc2538_armgcc\drivers\common/opensensors.c ****       opensensors_vars.opensensors_resource[opensensors_vars.numSensors].callbackConvert = sensors_
 249              		.loc 1 65 0
 250 00ca 0E4B     		ldr	r3, .L17
 251 00cc 93F85430 		ldrb	r3, [r3, #84]	@ zero_extendqisi2
 252 00d0 1C46     		mov	r4, r3
 253 00d2 FB79     		ldrb	r3, [r7, #7]	@ zero_extendqisi2
 254 00d4 1846     		mov	r0, r3
 255 00d6 FFF7FEFF 		bl	sensors_getCallbackConvert
 256 00da 0146     		mov	r1, r0
 257 00dc 094A     		ldr	r2, .L17
 258 00de 2346     		mov	r3, r4
 259 00e0 5B00     		lsls	r3, r3, #1
 260 00e2 2344     		add	r3, r3, r4
 261 00e4 9B00     		lsls	r3, r3, #2
 262 00e6 1344     		add	r3, r3, r2
 263 00e8 0833     		adds	r3, r3, #8
 264 00ea 1960     		str	r1, [r3]
  66:build\openmote-cc2538_armgcc\drivers\common/opensensors.c ****       opensensors_vars.numSensors++;
 265              		.loc 1 66 0
 266 00ec 054B     		ldr	r3, .L17
 267 00ee 93F85430 		ldrb	r3, [r3, #84]	@ zero_extendqisi2
 268 00f2 0133     		adds	r3, r3, #1
 269 00f4 DAB2     		uxtb	r2, r3
 270 00f6 034B     		ldr	r3, .L17
 271 00f8 83F85420 		strb	r2, [r3, #84]
 272              	.L16:
  67:build\openmote-cc2538_armgcc\drivers\common/opensensors.c ****    }
  68:build\openmote-cc2538_armgcc\drivers\common/opensensors.c **** }
 273              		.loc 1 68 0
 274 00fc 00BF     		nop
 275 00fe 0C37     		adds	r7, r7, #12
 276              		.cfi_def_cfa_offset 12
 277 0100 BD46     		mov	sp, r7
 278              		.cfi_def_cfa_register 13
 279              		@ sp needed
 280 0102 90BD     		pop	{r4, r7, pc}
 281              	.L18:
 282              		.align	2
 283              	.L17:
 284 0104 00000000 		.word	opensensors_vars
 285              		.cfi_endproc
 286              	.LFE3:
 288              	.Letext0:
 289              		.file 2 "c:\\program files (x86)\\gnu tools arm embedded\\7 2018-q2-update\\arm-none-eabi\\include
 290              		.file 3 "c:\\program files (x86)\\gnu tools arm embedded\\7 2018-q2-update\\arm-none-eabi\\include
 291              		.file 4 "c:\\program files (x86)\\gnu tools arm embedded\\7 2018-q2-update\\arm-none-eabi\\include
 292              		.file 5 "c:\\program files (x86)\\gnu tools arm embedded\\7 2018-q2-update\\arm-none-eabi\\include
 293              		.file 6 "c:\\program files (x86)\\gnu tools arm embedded\\7 2018-q2-update\\lib\\gcc\\arm-none-eab
 294              		.file 7 "c:\\program files (x86)\\gnu tools arm embedded\\7 2018-q2-update\\arm-none-eabi\\include
 295              		.file 8 "bsp\\boards\\openmote-cc2538/board_info.h"
 296              		.file 9 "inc/opendefs.h"
 297              		.file 10 "bsp\\boards/sensors.h"
 298              		.file 11 "build\\openmote-cc2538_armgcc\\drivers\\common\\opensensors.h"
DEFINED SYMBOLS
                            *ABS*:00000000 opensensors.c
C:\Users\Lee\AppData\Local\Temp\ccjJ5KWB.s:16     .rodata:00000000 $d
C:\Users\Lee\AppData\Local\Temp\ccjJ5KWB.s:19     .rodata:00000000 rreg_uriquery
C:\Users\Lee\AppData\Local\Temp\ccjJ5KWB.s:24     .rodata:00000008 infoBoardname
C:\Users\Lee\AppData\Local\Temp\ccjJ5KWB.s:29     .rodata:00000010 infouCName
C:\Users\Lee\AppData\Local\Temp\ccjJ5KWB.s:34     .rodata:00000018 infoRadioName
C:\Users\Lee\AppData\Local\Temp\ccjJ5KWB.s:39     .rodata:00000024 infoStackName
                            *COM*:00000058 opensensors_vars
C:\Users\Lee\AppData\Local\Temp\ccjJ5KWB.s:43     .text:00000000 $t
C:\Users\Lee\AppData\Local\Temp\ccjJ5KWB.s:50     .text:00000000 opensensors_init
C:\Users\Lee\AppData\Local\Temp\ccjJ5KWB.s:197    .text:00000078 opensensors_register
C:\Users\Lee\AppData\Local\Temp\ccjJ5KWB.s:99     .text:00000034 $d
C:\Users\Lee\AppData\Local\Temp\ccjJ5KWB.s:103    .text:00000038 $t
C:\Users\Lee\AppData\Local\Temp\ccjJ5KWB.s:110    .text:00000038 opensensors_getNumSensors
C:\Users\Lee\AppData\Local\Temp\ccjJ5KWB.s:137    .text:0000004c $d
C:\Users\Lee\AppData\Local\Temp\ccjJ5KWB.s:141    .text:00000050 $t
C:\Users\Lee\AppData\Local\Temp\ccjJ5KWB.s:148    .text:00000050 opensensors_getResource
C:\Users\Lee\AppData\Local\Temp\ccjJ5KWB.s:186    .text:00000074 $d
C:\Users\Lee\AppData\Local\Temp\ccjJ5KWB.s:190    .text:00000078 $t
C:\Users\Lee\AppData\Local\Temp\ccjJ5KWB.s:284    .text:00000104 $d
                           .group:00000000 wm4.0.93d65e4ff05d5af51629690e5b534e57
                           .group:00000000 wm4._newlib_version.h.4.875b979a44719054cd750d0952ad3fd6
                           .group:00000000 wm4.features.h.33.318b64d71e0957639cfb30f1db1f7ec8
                           .group:00000000 wm4._default_types.h.15.247e5cd201eca3442cbf5404108c4935
                           .group:00000000 wm4._intsup.h.10.cce27fed8484c08a33f522034c30d2b5
                           .group:00000000 wm4._stdint.h.10.c24fa3af3bc1706662bb5593a907e841
                           .group:00000000 wm4.stdint.h.23.d53047a68f4a85177f80b422d52785ed
                           .group:00000000 wm4.toolchain_defs.h.2.e5fd326231d01413e5361944b26cde07
                           .group:00000000 wm4.newlib.h.8.f6e543eac3f2f65163ba2ffe3b04987b
                           .group:00000000 wm4.ieeefp.h.77.220d9cccac42cd58761758bee2df4ce6
                           .group:00000000 wm4.config.h.220.6cac6a9685cfce5e83c17784171638d9
                           .group:00000000 wm4._ansi.h.31.de524f58584151836e90d8620a16f8e8
                           .group:00000000 wm4.stddef.h.39.a38874c8f8a57e66301090908ec2a69f
                           .group:00000000 wm4.lock.h.2.1461d1fff82dffe8bfddc23307f6484f
                           .group:00000000 wm4._types.h.125.5cf8a495f1f7ef36777ad868a1e32068
                           .group:00000000 wm4.stddef.h.161.5349cb105733e8777bfb0cf53c4e3f34
                           .group:00000000 wm4._types.h.184.03611d4f6b5bec9997bcf4279eceba07
                           .group:00000000 wm4.reent.h.17.90c2574d4acdcfce933db5cb09ff35fe
                           .group:00000000 wm4.cdefs.h.47.0bcdf94cb40e176393dd1404056825b4
                           .group:00000000 wm4.string.h.15.dab3980bf35408a4c507182805e2de3a
                           .group:00000000 wm4.stddef.h.161.19e15733342b50ead2919490b095303e
                           .group:00000000 wm4.stdbool.h.29.07dce69c3b78884144b7f7bd19483461
                           .group:00000000 wm4.hw_types.h.67.b10589a0806dcc2d274d6fab6b736519
                           .group:00000000 wm4.interrupt.h.41.272fc4ec0e276feb439e7974d0f77eaf
                           .group:00000000 wm4.board_info.h.22.34c159473b0affd9f1a6f5aa8cf576c9
                           .group:00000000 wm4.opendefs.h.23.3a22b672f37c862344b7aef3ebe35451

UNDEFINED SYMBOLS
memset
sensors_is_present
sensors_getCallbackRead
sensors_getCallbackConvert
