   1              		.cpu cortex-m3
   2              		.eabi_attribute 20, 1
   3              		.eabi_attribute 21, 1
   4              		.eabi_attribute 23, 3
   5              		.eabi_attribute 24, 1
   6              		.eabi_attribute 25, 1
   7              		.eabi_attribute 26, 1
   8              		.eabi_attribute 30, 6
   9              		.eabi_attribute 34, 1
  10              		.eabi_attribute 18, 4
  11              		.file	"openapps_dyn.c"
  12              		.text
  13              	.Ltext0:
  14              		.cfi_sections	.debug_frame
  15              		.section	.rodata
  16              		.align	2
  19              	rreg_uriquery:
  20 0000 683D7563 		.ascii	"h=ucb\000"
  20      6200
  21 0006 0000     		.align	2
  24              	infoBoardname:
  25 0008 43433235 		.ascii	"CC2538\000"
  25      333800
  26 000f 00       		.align	2
  29              	infouCName:
  30 0010 43433235 		.ascii	"CC2538\000"
  30      333800
  31 0017 00       		.align	2
  34              	infoRadioName:
  35 0018 43433235 		.ascii	"CC2538 SoC\000"
  35      33382053 
  35      6F4300
  36 0023 00       		.align	2
  39              	infoStackName:
  40 0024 4F70656E 		.ascii	"OpenWSN \000"
  40      57534E20 
  40      00
  41 002d 000000   		.align	2
  44              	ipAddr_ipsoRD:
  45 0030 26       		.byte	38
  46 0031 07       		.byte	7
  47 0032 F7       		.byte	-9
  48 0033 40       		.byte	64
  49 0034 00       		.byte	0
  50 0035 00       		.byte	0
  51 0036 00       		.byte	0
  52 0037 3F       		.byte	63
  53 0038 00       		.byte	0
  54 0039 00       		.byte	0
  55 003a 00       		.byte	0
  56 003b 00       		.byte	0
  57 003c 00       		.byte	0
  58 003d 00       		.byte	0
  59 003e 0E       		.byte	14
  60 003f 29       		.byte	41
  61              		.align	2
  64              	ipAddr_motesEecs:
  65 0040 20       		.byte	32
  66 0041 01       		.byte	1
  67 0042 04       		.byte	4
  68 0043 70       		.byte	112
  69 0044 00       		.byte	0
  70 0045 66       		.byte	102
  71 0046 00       		.byte	0
  72 0047 19       		.byte	25
  73 0048 00       		.byte	0
  74 0049 00       		.byte	0
  75 004a 00       		.byte	0
  76 004b 00       		.byte	0
  77 004c 00       		.byte	0
  78 004d 00       		.byte	0
  79 004e 00       		.byte	0
  80 004f 02       		.byte	2
  81              		.align	2
  84              	ipAddr_local:
  85 0050 26       		.byte	38
  86 0051 07       		.byte	7
  87 0052 F1       		.byte	-15
  88 0053 40       		.byte	64
  89 0054 04       		.byte	4
  90 0055 00       		.byte	0
  91 0056 10       		.byte	16
  92 0057 36       		.byte	54
  93 0058 4D       		.byte	77
  94 0059 CD       		.byte	-51
  95 005a AB       		.byte	-85
  96 005b 54       		.byte	84
  97 005c 81       		.byte	-127
  98 005d 99       		.byte	-103
  99 005e C1       		.byte	-63
 100 005f F7       		.byte	-9
 101              		.align	2
 104              	ipAddr_motedata:
 105 0060 20       		.byte	32
 106 0061 01       		.byte	1
 107 0062 04       		.byte	4
 108 0063 70       		.byte	112
 109 0064 00       		.byte	0
 110 0065 66       		.byte	102
 111 0066 00       		.byte	0
 112 0067 17       		.byte	23
 113 0068 00       		.byte	0
 114 0069 00       		.byte	0
 115 006a 00       		.byte	0
 116 006b 00       		.byte	0
 117 006c 00       		.byte	0
 118 006d 00       		.byte	0
 119 006e 00       		.byte	0
 120 006f 02       		.byte	2
 121              		.align	2
 124              	ipAddr_ringmaster:
 125 0070 BB       		.byte	-69
 126 0071 BB       		.byte	-69
 127 0072 00       		.byte	0
 128 0073 00       		.byte	0
 129 0074 00       		.byte	0
 130 0075 00       		.byte	0
 131 0076 00       		.byte	0
 132 0077 00       		.byte	0
 133 0078 00       		.byte	0
 134 0079 00       		.byte	0
 135 007a 00       		.byte	0
 136 007b 00       		.byte	0
 137 007c 00       		.byte	0
 138 007d 00       		.byte	0
 139 007e 00       		.byte	0
 140 007f 01       		.byte	1
 141              		.text
 142              		.align	1
 143              		.global	openapps_init
 144              		.syntax unified
 145              		.thumb
 146              		.thumb_func
 147              		.fpu softvfp
 149              	openapps_init:
 150              	.LFB0:
 151              		.file 1 "build\\openmote-cc2538_armgcc\\openapps\\openapps_dyn.c"
   1:build\openmote-cc2538_armgcc\openapps/openapps_dyn.c **** #include "opendefs.h"
   2:build\openmote-cc2538_armgcc\openapps/openapps_dyn.c **** 
   3:build\openmote-cc2538_armgcc\openapps/openapps_dyn.c **** #include "opencoap.h"
   4:build\openmote-cc2538_armgcc\openapps/openapps_dyn.c **** #include "hwan.h"
   5:build\openmote-cc2538_armgcc\openapps/openapps_dyn.c **** 
   6:build\openmote-cc2538_armgcc\openapps/openapps_dyn.c **** void openapps_init(void) {
 152              		.loc 1 6 0
 153              		.cfi_startproc
 154              		@ args = 0, pretend = 0, frame = 0
 155              		@ frame_needed = 1, uses_anonymous_args = 0
 156 0000 80B5     		push	{r7, lr}
 157              		.cfi_def_cfa_offset 8
 158              		.cfi_offset 7, -8
 159              		.cfi_offset 14, -4
 160 0002 00AF     		add	r7, sp, #0
 161              		.cfi_def_cfa_register 7
   7:build\openmote-cc2538_armgcc\openapps/openapps_dyn.c ****    opencoap_init();
 162              		.loc 1 7 0
 163 0004 FFF7FEFF 		bl	opencoap_init
   8:build\openmote-cc2538_armgcc\openapps/openapps_dyn.c ****    hwan_init();
 164              		.loc 1 8 0
 165 0008 FFF7FEFF 		bl	hwan_init
   9:build\openmote-cc2538_armgcc\openapps/openapps_dyn.c **** }...
 166              		.loc 1 9 0
 167 000c 00BF     		nop
 168 000e 80BD     		pop	{r7, pc}
 169              		.cfi_endproc
 170              	.LFE0:
 172              	.Letext0:
 173              		.file 2 "c:\\program files (x86)\\gnu tools arm embedded\\7 2018-q2-update\\arm-none-eabi\\include
 174              		.file 3 "c:\\program files (x86)\\gnu tools arm embedded\\7 2018-q2-update\\arm-none-eabi\\include
 175              		.file 4 "c:\\program files (x86)\\gnu tools arm embedded\\7 2018-q2-update\\arm-none-eabi\\include
 176              		.file 5 "c:\\program files (x86)\\gnu tools arm embedded\\7 2018-q2-update\\arm-none-eabi\\include
 177              		.file 6 "c:\\program files (x86)\\gnu tools arm embedded\\7 2018-q2-update\\lib\\gcc\\arm-none-eab
 178              		.file 7 "c:\\program files (x86)\\gnu tools arm embedded\\7 2018-q2-update\\arm-none-eabi\\include
 179              		.file 8 "bsp\\boards\\openmote-cc2538/board_info.h"
 180              		.file 9 "inc/opendefs.h"
 181              		.file 10 "openapps\\opencoap/opencoap.h"
DEFINED SYMBOLS
                            *ABS*:00000000 openapps_dyn.c
C:\Users\Lee\AppData\Local\Temp\ccvoPlMh.s:16     .rodata:00000000 $d
C:\Users\Lee\AppData\Local\Temp\ccvoPlMh.s:19     .rodata:00000000 rreg_uriquery
C:\Users\Lee\AppData\Local\Temp\ccvoPlMh.s:24     .rodata:00000008 infoBoardname
C:\Users\Lee\AppData\Local\Temp\ccvoPlMh.s:29     .rodata:00000010 infouCName
C:\Users\Lee\AppData\Local\Temp\ccvoPlMh.s:34     .rodata:00000018 infoRadioName
C:\Users\Lee\AppData\Local\Temp\ccvoPlMh.s:39     .rodata:00000024 infoStackName
C:\Users\Lee\AppData\Local\Temp\ccvoPlMh.s:44     .rodata:00000030 ipAddr_ipsoRD
C:\Users\Lee\AppData\Local\Temp\ccvoPlMh.s:64     .rodata:00000040 ipAddr_motesEecs
C:\Users\Lee\AppData\Local\Temp\ccvoPlMh.s:84     .rodata:00000050 ipAddr_local
C:\Users\Lee\AppData\Local\Temp\ccvoPlMh.s:104    .rodata:00000060 ipAddr_motedata
C:\Users\Lee\AppData\Local\Temp\ccvoPlMh.s:124    .rodata:00000070 ipAddr_ringmaster
C:\Users\Lee\AppData\Local\Temp\ccvoPlMh.s:142    .text:00000000 $t
C:\Users\Lee\AppData\Local\Temp\ccvoPlMh.s:149    .text:00000000 openapps_init
                           .group:00000000 wm4.0.93d65e4ff05d5af51629690e5b534e57
                           .group:00000000 wm4._newlib_version.h.4.875b979a44719054cd750d0952ad3fd6
                           .group:00000000 wm4.features.h.33.318b64d71e0957639cfb30f1db1f7ec8
                           .group:00000000 wm4._default_types.h.15.247e5cd201eca3442cbf5404108c4935
                           .group:00000000 wm4._intsup.h.10.cce27fed8484c08a33f522034c30d2b5
                           .group:00000000 wm4._stdint.h.10.c24fa3af3bc1706662bb5593a907e841
                           .group:00000000 wm4.stdint.h.23.d53047a68f4a85177f80b422d52785ed
                           .group:00000000 wm4.toolchain_defs.h.2.e5fd326231d01413e5361944b26cde07
                           .group:00000000 wm4.newlib.h.8.f6e543eac3f2f65163ba2ffe3b04987b
                           .group:00000000 wm4.ieeefp.h.77.220d9cccac42cd58761758bee2df4ce6
                           .group:00000000 wm4.config.h.220.6cac6a9685cfce5e83c17784171638d9
                           .group:00000000 wm4._ansi.h.31.de524f58584151836e90d8620a16f8e8
                           .group:00000000 wm4.stddef.h.39.a38874c8f8a57e66301090908ec2a69f
                           .group:00000000 wm4.lock.h.2.1461d1fff82dffe8bfddc23307f6484f
                           .group:00000000 wm4._types.h.125.5cf8a495f1f7ef36777ad868a1e32068
                           .group:00000000 wm4.stddef.h.161.5349cb105733e8777bfb0cf53c4e3f34
                           .group:00000000 wm4._types.h.184.03611d4f6b5bec9997bcf4279eceba07
                           .group:00000000 wm4.reent.h.17.90c2574d4acdcfce933db5cb09ff35fe
                           .group:00000000 wm4.cdefs.h.47.0bcdf94cb40e176393dd1404056825b4
                           .group:00000000 wm4.string.h.15.dab3980bf35408a4c507182805e2de3a
                           .group:00000000 wm4.stddef.h.161.19e15733342b50ead2919490b095303e
                           .group:00000000 wm4.stdbool.h.29.07dce69c3b78884144b7f7bd19483461
                           .group:00000000 wm4.hw_types.h.67.b10589a0806dcc2d274d6fab6b736519
                           .group:00000000 wm4.interrupt.h.41.272fc4ec0e276feb439e7974d0f77eaf
                           .group:00000000 wm4.board_info.h.22.34c159473b0affd9f1a6f5aa8cf576c9
                           .group:00000000 wm4.opendefs.h.23.3a22b672f37c862344b7aef3ebe35451
                           .group:00000000 wm4.opentimers.h.8.eb1cab84a6e82ba9569a1990291c92ba
                           .group:00000000 wm4.opencoap.h.32.4fd89a1f25836020968932a0f7dffe46
                           .group:00000000 wm4.hwan.h.2.ac4e12322faa9e355ef120027db4e529

UNDEFINED SYMBOLS
opencoap_init
hwan_init
