   1              		.cpu cortex-m3
   2              		.eabi_attribute 20, 1
   3              		.eabi_attribute 21, 1
   4              		.eabi_attribute 23, 3
   5              		.eabi_attribute 24, 1
   6              		.eabi_attribute 25, 1
   7              		.eabi_attribute 26, 1
   8              		.eabi_attribute 30, 6
   9              		.eabi_attribute 34, 1
  10              		.eabi_attribute 18, 4
  11              		.file	"cborencoder.c"
  12              		.text
  13              	.Ltext0:
  14              		.cfi_sections	.debug_frame
  15              		.section	.rodata
  16              		.align	2
  19              	rreg_uriquery:
  20 0000 683D7563 		.ascii	"h=ucb\000"
  20      6200
  21 0006 0000     		.align	2
  24              	infoBoardname:
  25 0008 43433235 		.ascii	"CC2538\000"
  25      333800
  26 000f 00       		.align	2
  29              	infouCName:
  30 0010 43433235 		.ascii	"CC2538\000"
  30      333800
  31 0017 00       		.align	2
  34              	infoRadioName:
  35 0018 43433235 		.ascii	"CC2538 SoC\000"
  35      33382053 
  35      6F4300
  36 0023 00       		.align	2
  39              	infoStackName:
  40 0024 4F70656E 		.ascii	"OpenWSN \000"
  40      57534E20 
  40      00
  41              		.text
  42              		.align	1
  43              		.global	cborencoder_put_text
  44              		.syntax unified
  45              		.thumb
  46              		.thumb_func
  47              		.fpu softvfp
  49              	cborencoder_put_text:
  50              	.LFB0:
  51              		.file 1 "build\\openmote-cc2538_armgcc\\openapps\\opencoap\\cborencoder.c"
   1:build\openmote-cc2538_armgcc\openapps\opencoap/cborencoder.c **** /**
   2:build\openmote-cc2538_armgcc\openapps\opencoap/cborencoder.c **** \brief CBOR encoding functions.
   3:build\openmote-cc2538_armgcc\openapps\opencoap/cborencoder.c **** \Author Martin Gunnarsson <martin.gunnarsson@ri.se>
   4:build\openmote-cc2538_armgcc\openapps\opencoap/cborencoder.c **** \author Modified by Malisa Vucinic <malishav@gmail.com>
   5:build\openmote-cc2538_armgcc\openapps\opencoap/cborencoder.c **** */
   6:build\openmote-cc2538_armgcc\openapps\opencoap/cborencoder.c **** 
   7:build\openmote-cc2538_armgcc\openapps\opencoap/cborencoder.c **** #include "cborencoder.h"
   8:build\openmote-cc2538_armgcc\openapps\opencoap/cborencoder.c **** 
   9:build\openmote-cc2538_armgcc\openapps\opencoap/cborencoder.c **** uint8_t
  10:build\openmote-cc2538_armgcc\openapps\opencoap/cborencoder.c **** cborencoder_put_text(uint8_t *buffer, const char *text, uint8_t text_len) {
  52              		.loc 1 10 0
  53              		.cfi_startproc
  54              		@ args = 0, pretend = 0, frame = 24
  55              		@ frame_needed = 1, uses_anonymous_args = 0
  56 0000 80B5     		push	{r7, lr}
  57              		.cfi_def_cfa_offset 8
  58              		.cfi_offset 7, -8
  59              		.cfi_offset 14, -4
  60 0002 86B0     		sub	sp, sp, #24
  61              		.cfi_def_cfa_offset 32
  62 0004 00AF     		add	r7, sp, #0
  63              		.cfi_def_cfa_register 7
  64 0006 F860     		str	r0, [r7, #12]
  65 0008 B960     		str	r1, [r7, #8]
  66 000a 1346     		mov	r3, r2
  67 000c FB71     		strb	r3, [r7, #7]
  11:build\openmote-cc2538_armgcc\openapps\opencoap/cborencoder.c ****     uint8_t ret = 0;
  68              		.loc 1 11 0
  69 000e 0023     		movs	r3, #0
  70 0010 FB75     		strb	r3, [r7, #23]
  12:build\openmote-cc2538_armgcc\openapps\opencoap/cborencoder.c **** 
  13:build\openmote-cc2538_armgcc\openapps\opencoap/cborencoder.c ****     if(text_len > 23 ){
  71              		.loc 1 13 0
  72 0012 FB79     		ldrb	r3, [r7, #7]	@ zero_extendqisi2
  73 0014 172B     		cmp	r3, #23
  74 0016 10D9     		bls	.L2
  14:build\openmote-cc2538_armgcc\openapps\opencoap/cborencoder.c ****         buffer[ret++] = 0x78;
  75              		.loc 1 14 0
  76 0018 FB7D     		ldrb	r3, [r7, #23]	@ zero_extendqisi2
  77 001a 5A1C     		adds	r2, r3, #1
  78 001c FA75     		strb	r2, [r7, #23]
  79 001e 1A46     		mov	r2, r3
  80 0020 FB68     		ldr	r3, [r7, #12]
  81 0022 1344     		add	r3, r3, r2
  82 0024 7822     		movs	r2, #120
  83 0026 1A70     		strb	r2, [r3]
  15:build\openmote-cc2538_armgcc\openapps\opencoap/cborencoder.c ****         buffer[ret++] = text_len;
  84              		.loc 1 15 0
  85 0028 FB7D     		ldrb	r3, [r7, #23]	@ zero_extendqisi2
  86 002a 5A1C     		adds	r2, r3, #1
  87 002c FA75     		strb	r2, [r7, #23]
  88 002e 1A46     		mov	r2, r3
  89 0030 FB68     		ldr	r3, [r7, #12]
  90 0032 1344     		add	r3, r3, r2
  91 0034 FA79     		ldrb	r2, [r7, #7]
  92 0036 1A70     		strb	r2, [r3]
  93 0038 0AE0     		b	.L3
  94              	.L2:
  16:build\openmote-cc2538_armgcc\openapps\opencoap/cborencoder.c ****     } else {
  17:build\openmote-cc2538_armgcc\openapps\opencoap/cborencoder.c ****         buffer[ret++] = (0x60 | text_len);
  95              		.loc 1 17 0
  96 003a FB7D     		ldrb	r3, [r7, #23]	@ zero_extendqisi2
  97 003c 5A1C     		adds	r2, r3, #1
  98 003e FA75     		strb	r2, [r7, #23]
  99 0040 1A46     		mov	r2, r3
 100 0042 FB68     		ldr	r3, [r7, #12]
 101 0044 1344     		add	r3, r3, r2
 102 0046 FA79     		ldrb	r2, [r7, #7]
 103 0048 42F06002 		orr	r2, r2, #96
 104 004c D2B2     		uxtb	r2, r2
 105 004e 1A70     		strb	r2, [r3]
 106              	.L3:
  18:build\openmote-cc2538_armgcc\openapps\opencoap/cborencoder.c ****     }
  19:build\openmote-cc2538_armgcc\openapps\opencoap/cborencoder.c **** 
  20:build\openmote-cc2538_armgcc\openapps\opencoap/cborencoder.c ****     if (text_len != 0 && text != NULL) {
 107              		.loc 1 20 0
 108 0050 FB79     		ldrb	r3, [r7, #7]	@ zero_extendqisi2
 109 0052 002B     		cmp	r3, #0
 110 0054 0ED0     		beq	.L4
 111              		.loc 1 20 0 is_stmt 0 discriminator 1
 112 0056 BB68     		ldr	r3, [r7, #8]
 113 0058 002B     		cmp	r3, #0
 114 005a 0BD0     		beq	.L4
  21:build\openmote-cc2538_armgcc\openapps\opencoap/cborencoder.c ****         memcpy(&buffer[ret], text, text_len);
 115              		.loc 1 21 0 is_stmt 1
 116 005c FB7D     		ldrb	r3, [r7, #23]	@ zero_extendqisi2
 117 005e FA68     		ldr	r2, [r7, #12]
 118 0060 1344     		add	r3, r3, r2
 119 0062 FA79     		ldrb	r2, [r7, #7]	@ zero_extendqisi2
 120 0064 B968     		ldr	r1, [r7, #8]
 121 0066 1846     		mov	r0, r3
 122 0068 FFF7FEFF 		bl	memcpy
  22:build\openmote-cc2538_armgcc\openapps\opencoap/cborencoder.c ****         ret += text_len;
 123              		.loc 1 22 0
 124 006c FA7D     		ldrb	r2, [r7, #23]
 125 006e FB79     		ldrb	r3, [r7, #7]
 126 0070 1344     		add	r3, r3, r2
 127 0072 FB75     		strb	r3, [r7, #23]
 128              	.L4:
  23:build\openmote-cc2538_armgcc\openapps\opencoap/cborencoder.c ****     }
  24:build\openmote-cc2538_armgcc\openapps\opencoap/cborencoder.c **** 
  25:build\openmote-cc2538_armgcc\openapps\opencoap/cborencoder.c ****     return ret;
 129              		.loc 1 25 0
 130 0074 FB7D     		ldrb	r3, [r7, #23]	@ zero_extendqisi2
  26:build\openmote-cc2538_armgcc\openapps\opencoap/cborencoder.c **** }
 131              		.loc 1 26 0
 132 0076 1846     		mov	r0, r3
 133 0078 1837     		adds	r7, r7, #24
 134              		.cfi_def_cfa_offset 8
 135 007a BD46     		mov	sp, r7
 136              		.cfi_def_cfa_register 13
 137              		@ sp needed
 138 007c 80BD     		pop	{r7, pc}
 139              		.cfi_endproc
 140              	.LFE0:
 142              		.align	1
 143              		.global	cborencoder_put_array
 144              		.syntax unified
 145              		.thumb
 146              		.thumb_func
 147              		.fpu softvfp
 149              	cborencoder_put_array:
 150              	.LFB1:
  27:build\openmote-cc2538_armgcc\openapps\opencoap/cborencoder.c **** 
  28:build\openmote-cc2538_armgcc\openapps\opencoap/cborencoder.c **** uint8_t
  29:build\openmote-cc2538_armgcc\openapps\opencoap/cborencoder.c **** cborencoder_put_array(uint8_t *buffer, uint8_t elements) {
 151              		.loc 1 29 0
 152              		.cfi_startproc
 153              		@ args = 0, pretend = 0, frame = 16
 154              		@ frame_needed = 1, uses_anonymous_args = 0
 155              		@ link register save eliminated.
 156 007e 80B4     		push	{r7}
 157              		.cfi_def_cfa_offset 4
 158              		.cfi_offset 7, -4
 159 0080 85B0     		sub	sp, sp, #20
 160              		.cfi_def_cfa_offset 24
 161 0082 00AF     		add	r7, sp, #0
 162              		.cfi_def_cfa_register 7
 163 0084 7860     		str	r0, [r7, #4]
 164 0086 0B46     		mov	r3, r1
 165 0088 FB70     		strb	r3, [r7, #3]
  30:build\openmote-cc2538_armgcc\openapps\opencoap/cborencoder.c ****     uint8_t ret = 0;
 166              		.loc 1 30 0
 167 008a 0023     		movs	r3, #0
 168 008c FB73     		strb	r3, [r7, #15]
  31:build\openmote-cc2538_armgcc\openapps\opencoap/cborencoder.c **** 
  32:build\openmote-cc2538_armgcc\openapps\opencoap/cborencoder.c ****     if(elements > 15){
 169              		.loc 1 32 0
 170 008e FB78     		ldrb	r3, [r7, #3]	@ zero_extendqisi2
 171 0090 0F2B     		cmp	r3, #15
 172 0092 01D9     		bls	.L7
  33:build\openmote-cc2538_armgcc\openapps\opencoap/cborencoder.c ****         return 0;
 173              		.loc 1 33 0
 174 0094 0023     		movs	r3, #0
 175 0096 0BE0     		b	.L8
 176              	.L7:
  34:build\openmote-cc2538_armgcc\openapps\opencoap/cborencoder.c ****     }
  35:build\openmote-cc2538_armgcc\openapps\opencoap/cborencoder.c **** 
  36:build\openmote-cc2538_armgcc\openapps\opencoap/cborencoder.c ****     buffer[ret++] = (0x80 | elements);
 177              		.loc 1 36 0
 178 0098 FB7B     		ldrb	r3, [r7, #15]	@ zero_extendqisi2
 179 009a 5A1C     		adds	r2, r3, #1
 180 009c FA73     		strb	r2, [r7, #15]
 181 009e 1A46     		mov	r2, r3
 182 00a0 7B68     		ldr	r3, [r7, #4]
 183 00a2 1344     		add	r3, r3, r2
 184 00a4 FA78     		ldrb	r2, [r7, #3]
 185 00a6 62F07F02 		orn	r2, r2, #127
 186 00aa D2B2     		uxtb	r2, r2
 187 00ac 1A70     		strb	r2, [r3]
  37:build\openmote-cc2538_armgcc\openapps\opencoap/cborencoder.c ****     return ret;
 188              		.loc 1 37 0
 189 00ae FB7B     		ldrb	r3, [r7, #15]	@ zero_extendqisi2
 190              	.L8:
  38:build\openmote-cc2538_armgcc\openapps\opencoap/cborencoder.c **** }
 191              		.loc 1 38 0
 192 00b0 1846     		mov	r0, r3
 193 00b2 1437     		adds	r7, r7, #20
 194              		.cfi_def_cfa_offset 4
 195 00b4 BD46     		mov	sp, r7
 196              		.cfi_def_cfa_register 13
 197              		@ sp needed
 198 00b6 80BC     		pop	{r7}
 199              		.cfi_restore 7
 200              		.cfi_def_cfa_offset 0
 201 00b8 7047     		bx	lr
 202              		.cfi_endproc
 203              	.LFE1:
 205              		.align	1
 206              		.global	cborencoder_put_bytes
 207              		.syntax unified
 208              		.thumb
 209              		.thumb_func
 210              		.fpu softvfp
 212              	cborencoder_put_bytes:
 213              	.LFB2:
  39:build\openmote-cc2538_armgcc\openapps\opencoap/cborencoder.c **** 
  40:build\openmote-cc2538_armgcc\openapps\opencoap/cborencoder.c **** uint8_t
  41:build\openmote-cc2538_armgcc\openapps\opencoap/cborencoder.c **** cborencoder_put_bytes(uint8_t *buffer, const uint8_t *bytes, uint8_t bytes_len) {
 214              		.loc 1 41 0
 215              		.cfi_startproc
 216              		@ args = 0, pretend = 0, frame = 24
 217              		@ frame_needed = 1, uses_anonymous_args = 0
 218 00ba 80B5     		push	{r7, lr}
 219              		.cfi_def_cfa_offset 8
 220              		.cfi_offset 7, -8
 221              		.cfi_offset 14, -4
 222 00bc 86B0     		sub	sp, sp, #24
 223              		.cfi_def_cfa_offset 32
 224 00be 00AF     		add	r7, sp, #0
 225              		.cfi_def_cfa_register 7
 226 00c0 F860     		str	r0, [r7, #12]
 227 00c2 B960     		str	r1, [r7, #8]
 228 00c4 1346     		mov	r3, r2
 229 00c6 FB71     		strb	r3, [r7, #7]
  42:build\openmote-cc2538_armgcc\openapps\opencoap/cborencoder.c ****     uint8_t ret = 0;
 230              		.loc 1 42 0
 231 00c8 0023     		movs	r3, #0
 232 00ca FB75     		strb	r3, [r7, #23]
  43:build\openmote-cc2538_armgcc\openapps\opencoap/cborencoder.c **** 
  44:build\openmote-cc2538_armgcc\openapps\opencoap/cborencoder.c ****     if(bytes_len > 23){
 233              		.loc 1 44 0
 234 00cc FB79     		ldrb	r3, [r7, #7]	@ zero_extendqisi2
 235 00ce 172B     		cmp	r3, #23
 236 00d0 10D9     		bls	.L10
  45:build\openmote-cc2538_armgcc\openapps\opencoap/cborencoder.c ****         buffer[ret++] = 0x58;
 237              		.loc 1 45 0
 238 00d2 FB7D     		ldrb	r3, [r7, #23]	@ zero_extendqisi2
 239 00d4 5A1C     		adds	r2, r3, #1
 240 00d6 FA75     		strb	r2, [r7, #23]
 241 00d8 1A46     		mov	r2, r3
 242 00da FB68     		ldr	r3, [r7, #12]
 243 00dc 1344     		add	r3, r3, r2
 244 00de 5822     		movs	r2, #88
 245 00e0 1A70     		strb	r2, [r3]
  46:build\openmote-cc2538_armgcc\openapps\opencoap/cborencoder.c ****         buffer[ret++] = bytes_len;
 246              		.loc 1 46 0
 247 00e2 FB7D     		ldrb	r3, [r7, #23]	@ zero_extendqisi2
 248 00e4 5A1C     		adds	r2, r3, #1
 249 00e6 FA75     		strb	r2, [r7, #23]
 250 00e8 1A46     		mov	r2, r3
 251 00ea FB68     		ldr	r3, [r7, #12]
 252 00ec 1344     		add	r3, r3, r2
 253 00ee FA79     		ldrb	r2, [r7, #7]
 254 00f0 1A70     		strb	r2, [r3]
 255 00f2 0AE0     		b	.L11
 256              	.L10:
  47:build\openmote-cc2538_armgcc\openapps\opencoap/cborencoder.c ****     } else {
  48:build\openmote-cc2538_armgcc\openapps\opencoap/cborencoder.c ****         buffer[ret++] = (0x40 | bytes_len);
 257              		.loc 1 48 0
 258 00f4 FB7D     		ldrb	r3, [r7, #23]	@ zero_extendqisi2
 259 00f6 5A1C     		adds	r2, r3, #1
 260 00f8 FA75     		strb	r2, [r7, #23]
 261 00fa 1A46     		mov	r2, r3
 262 00fc FB68     		ldr	r3, [r7, #12]
 263 00fe 1344     		add	r3, r3, r2
 264 0100 FA79     		ldrb	r2, [r7, #7]
 265 0102 42F04002 		orr	r2, r2, #64
 266 0106 D2B2     		uxtb	r2, r2
 267 0108 1A70     		strb	r2, [r3]
 268              	.L11:
  49:build\openmote-cc2538_armgcc\openapps\opencoap/cborencoder.c ****     }
  50:build\openmote-cc2538_armgcc\openapps\opencoap/cborencoder.c **** 
  51:build\openmote-cc2538_armgcc\openapps\opencoap/cborencoder.c ****     if (bytes_len != 0 && bytes != NULL){
 269              		.loc 1 51 0
 270 010a FB79     		ldrb	r3, [r7, #7]	@ zero_extendqisi2
 271 010c 002B     		cmp	r3, #0
 272 010e 0ED0     		beq	.L12
 273              		.loc 1 51 0 is_stmt 0 discriminator 1
 274 0110 BB68     		ldr	r3, [r7, #8]
 275 0112 002B     		cmp	r3, #0
 276 0114 0BD0     		beq	.L12
  52:build\openmote-cc2538_armgcc\openapps\opencoap/cborencoder.c ****         memcpy(&buffer[ret], bytes, bytes_len);
 277              		.loc 1 52 0 is_stmt 1
 278 0116 FB7D     		ldrb	r3, [r7, #23]	@ zero_extendqisi2
 279 0118 FA68     		ldr	r2, [r7, #12]
 280 011a 1344     		add	r3, r3, r2
 281 011c FA79     		ldrb	r2, [r7, #7]	@ zero_extendqisi2
 282 011e B968     		ldr	r1, [r7, #8]
 283 0120 1846     		mov	r0, r3
 284 0122 FFF7FEFF 		bl	memcpy
  53:build\openmote-cc2538_armgcc\openapps\opencoap/cborencoder.c ****         ret += bytes_len;
 285              		.loc 1 53 0
 286 0126 FA7D     		ldrb	r2, [r7, #23]
 287 0128 FB79     		ldrb	r3, [r7, #7]
 288 012a 1344     		add	r3, r3, r2
 289 012c FB75     		strb	r3, [r7, #23]
 290              	.L12:
  54:build\openmote-cc2538_armgcc\openapps\opencoap/cborencoder.c ****     }
  55:build\openmote-cc2538_armgcc\openapps\opencoap/cborencoder.c **** 
  56:build\openmote-cc2538_armgcc\openapps\opencoap/cborencoder.c ****     return ret;
 291              		.loc 1 56 0
 292 012e FB7D     		ldrb	r3, [r7, #23]	@ zero_extendqisi2
  57:build\openmote-cc2538_armgcc\openapps\opencoap/cborencoder.c **** }
 293              		.loc 1 57 0
 294 0130 1846     		mov	r0, r3
 295 0132 1837     		adds	r7, r7, #24
 296              		.cfi_def_cfa_offset 8
 297 0134 BD46     		mov	sp, r7
 298              		.cfi_def_cfa_register 13
 299              		@ sp needed
 300 0136 80BD     		pop	{r7, pc}
 301              		.cfi_endproc
 302              	.LFE2:
 304              		.align	1
 305              		.global	cborencoder_put_unsigned
 306              		.syntax unified
 307              		.thumb
 308              		.thumb_func
 309              		.fpu softvfp
 311              	cborencoder_put_unsigned:
 312              	.LFB3:
  58:build\openmote-cc2538_armgcc\openapps\opencoap/cborencoder.c **** 
  59:build\openmote-cc2538_armgcc\openapps\opencoap/cborencoder.c **** uint8_t
  60:build\openmote-cc2538_armgcc\openapps\opencoap/cborencoder.c **** cborencoder_put_unsigned(uint8_t *buffer, uint8_t value) {
 313              		.loc 1 60 0
 314              		.cfi_startproc
 315              		@ args = 0, pretend = 0, frame = 16
 316              		@ frame_needed = 1, uses_anonymous_args = 0
 317              		@ link register save eliminated.
 318 0138 80B4     		push	{r7}
 319              		.cfi_def_cfa_offset 4
 320              		.cfi_offset 7, -4
 321 013a 85B0     		sub	sp, sp, #20
 322              		.cfi_def_cfa_offset 24
 323 013c 00AF     		add	r7, sp, #0
 324              		.cfi_def_cfa_register 7
 325 013e 7860     		str	r0, [r7, #4]
 326 0140 0B46     		mov	r3, r1
 327 0142 FB70     		strb	r3, [r7, #3]
  61:build\openmote-cc2538_armgcc\openapps\opencoap/cborencoder.c ****     uint8_t ret = 0;
 328              		.loc 1 61 0
 329 0144 0023     		movs	r3, #0
 330 0146 FB73     		strb	r3, [r7, #15]
  62:build\openmote-cc2538_armgcc\openapps\opencoap/cborencoder.c **** 
  63:build\openmote-cc2538_armgcc\openapps\opencoap/cborencoder.c ****     if(value > 0x17 ){
 331              		.loc 1 63 0
 332 0148 FB78     		ldrb	r3, [r7, #3]	@ zero_extendqisi2
 333 014a 172B     		cmp	r3, #23
 334 014c 11D9     		bls	.L15
  64:build\openmote-cc2538_armgcc\openapps\opencoap/cborencoder.c ****         buffer[ret++] = 0x18;
 335              		.loc 1 64 0
 336 014e FB7B     		ldrb	r3, [r7, #15]	@ zero_extendqisi2
 337 0150 5A1C     		adds	r2, r3, #1
 338 0152 FA73     		strb	r2, [r7, #15]
 339 0154 1A46     		mov	r2, r3
 340 0156 7B68     		ldr	r3, [r7, #4]
 341 0158 1344     		add	r3, r3, r2
 342 015a 1822     		movs	r2, #24
 343 015c 1A70     		strb	r2, [r3]
  65:build\openmote-cc2538_armgcc\openapps\opencoap/cborencoder.c ****         buffer[ret++] = value;
 344              		.loc 1 65 0
 345 015e FB7B     		ldrb	r3, [r7, #15]	@ zero_extendqisi2
 346 0160 5A1C     		adds	r2, r3, #1
 347 0162 FA73     		strb	r2, [r7, #15]
 348 0164 1A46     		mov	r2, r3
 349 0166 7B68     		ldr	r3, [r7, #4]
 350 0168 1344     		add	r3, r3, r2
 351 016a FA78     		ldrb	r2, [r7, #3]
 352 016c 1A70     		strb	r2, [r3]
  66:build\openmote-cc2538_armgcc\openapps\opencoap/cborencoder.c ****         return ret;
 353              		.loc 1 66 0
 354 016e FB7B     		ldrb	r3, [r7, #15]	@ zero_extendqisi2
 355 0170 08E0     		b	.L16
 356              	.L15:
  67:build\openmote-cc2538_armgcc\openapps\opencoap/cborencoder.c ****     }
  68:build\openmote-cc2538_armgcc\openapps\opencoap/cborencoder.c **** 
  69:build\openmote-cc2538_armgcc\openapps\opencoap/cborencoder.c ****     buffer[ret++] = value;
 357              		.loc 1 69 0
 358 0172 FB7B     		ldrb	r3, [r7, #15]	@ zero_extendqisi2
 359 0174 5A1C     		adds	r2, r3, #1
 360 0176 FA73     		strb	r2, [r7, #15]
 361 0178 1A46     		mov	r2, r3
 362 017a 7B68     		ldr	r3, [r7, #4]
 363 017c 1344     		add	r3, r3, r2
 364 017e FA78     		ldrb	r2, [r7, #3]
 365 0180 1A70     		strb	r2, [r3]
  70:build\openmote-cc2538_armgcc\openapps\opencoap/cborencoder.c ****     return ret;
 366              		.loc 1 70 0
 367 0182 FB7B     		ldrb	r3, [r7, #15]	@ zero_extendqisi2
 368              	.L16:
  71:build\openmote-cc2538_armgcc\openapps\opencoap/cborencoder.c **** }
 369              		.loc 1 71 0
 370 0184 1846     		mov	r0, r3
 371 0186 1437     		adds	r7, r7, #20
 372              		.cfi_def_cfa_offset 4
 373 0188 BD46     		mov	sp, r7
 374              		.cfi_def_cfa_register 13
 375              		@ sp needed
 376 018a 80BC     		pop	{r7}
 377              		.cfi_restore 7
 378              		.cfi_def_cfa_offset 0
 379 018c 7047     		bx	lr
 380              		.cfi_endproc
 381              	.LFE3:
 383              		.align	1
 384              		.global	cborencoder_put_null
 385              		.syntax unified
 386              		.thumb
 387              		.thumb_func
 388              		.fpu softvfp
 390              	cborencoder_put_null:
 391              	.LFB4:
  72:build\openmote-cc2538_armgcc\openapps\opencoap/cborencoder.c **** 
  73:build\openmote-cc2538_armgcc\openapps\opencoap/cborencoder.c **** uint8_t
  74:build\openmote-cc2538_armgcc\openapps\opencoap/cborencoder.c **** cborencoder_put_null(uint8_t *buffer) {
 392              		.loc 1 74 0
 393              		.cfi_startproc
 394              		@ args = 0, pretend = 0, frame = 16
 395              		@ frame_needed = 1, uses_anonymous_args = 0
 396              		@ link register save eliminated.
 397 018e 80B4     		push	{r7}
 398              		.cfi_def_cfa_offset 4
 399              		.cfi_offset 7, -4
 400 0190 85B0     		sub	sp, sp, #20
 401              		.cfi_def_cfa_offset 24
 402 0192 00AF     		add	r7, sp, #0
 403              		.cfi_def_cfa_register 7
 404 0194 7860     		str	r0, [r7, #4]
  75:build\openmote-cc2538_armgcc\openapps\opencoap/cborencoder.c ****     uint8_t ret = 0;
 405              		.loc 1 75 0
 406 0196 0023     		movs	r3, #0
 407 0198 FB73     		strb	r3, [r7, #15]
  76:build\openmote-cc2538_armgcc\openapps\opencoap/cborencoder.c **** 
  77:build\openmote-cc2538_armgcc\openapps\opencoap/cborencoder.c ****     buffer[ret++] = 0xf6;
 408              		.loc 1 77 0
 409 019a FB7B     		ldrb	r3, [r7, #15]	@ zero_extendqisi2
 410 019c 5A1C     		adds	r2, r3, #1
 411 019e FA73     		strb	r2, [r7, #15]
 412 01a0 1A46     		mov	r2, r3
 413 01a2 7B68     		ldr	r3, [r7, #4]
 414 01a4 1344     		add	r3, r3, r2
 415 01a6 F622     		movs	r2, #246
 416 01a8 1A70     		strb	r2, [r3]
  78:build\openmote-cc2538_armgcc\openapps\opencoap/cborencoder.c ****     return ret;
 417              		.loc 1 78 0
 418 01aa FB7B     		ldrb	r3, [r7, #15]	@ zero_extendqisi2
  79:build\openmote-cc2538_armgcc\openapps\opencoap/cborencoder.c **** }
 419              		.loc 1 79 0
 420 01ac 1846     		mov	r0, r3
 421 01ae 1437     		adds	r7, r7, #20
 422              		.cfi_def_cfa_offset 4
 423 01b0 BD46     		mov	sp, r7
 424              		.cfi_def_cfa_register 13
 425              		@ sp needed
 426 01b2 80BC     		pop	{r7}
 427              		.cfi_restore 7
 428              		.cfi_def_cfa_offset 0
 429 01b4 7047     		bx	lr
 430              		.cfi_endproc
 431              	.LFE4:
 433              		.align	1
 434              		.global	cborencoder_put_map
 435              		.syntax unified
 436              		.thumb
 437              		.thumb_func
 438              		.fpu softvfp
 440              	cborencoder_put_map:
 441              	.LFB5:
  80:build\openmote-cc2538_armgcc\openapps\opencoap/cborencoder.c **** 
  81:build\openmote-cc2538_armgcc\openapps\opencoap/cborencoder.c **** uint8_t
  82:build\openmote-cc2538_armgcc\openapps\opencoap/cborencoder.c **** cborencoder_put_map(uint8_t *buffer, uint8_t elements) {
 442              		.loc 1 82 0
 443              		.cfi_startproc
 444              		@ args = 0, pretend = 0, frame = 16
 445              		@ frame_needed = 1, uses_anonymous_args = 0
 446              		@ link register save eliminated.
 447 01b6 80B4     		push	{r7}
 448              		.cfi_def_cfa_offset 4
 449              		.cfi_offset 7, -4
 450 01b8 85B0     		sub	sp, sp, #20
 451              		.cfi_def_cfa_offset 24
 452 01ba 00AF     		add	r7, sp, #0
 453              		.cfi_def_cfa_register 7
 454 01bc 7860     		str	r0, [r7, #4]
 455 01be 0B46     		mov	r3, r1
 456 01c0 FB70     		strb	r3, [r7, #3]
  83:build\openmote-cc2538_armgcc\openapps\opencoap/cborencoder.c ****     uint8_t ret = 0;
 457              		.loc 1 83 0
 458 01c2 0023     		movs	r3, #0
 459 01c4 FB73     		strb	r3, [r7, #15]
  84:build\openmote-cc2538_armgcc\openapps\opencoap/cborencoder.c **** 
  85:build\openmote-cc2538_armgcc\openapps\opencoap/cborencoder.c ****     if(elements > 15){
 460              		.loc 1 85 0
 461 01c6 FB78     		ldrb	r3, [r7, #3]	@ zero_extendqisi2
 462 01c8 0F2B     		cmp	r3, #15
 463 01ca 01D9     		bls	.L20
  86:build\openmote-cc2538_armgcc\openapps\opencoap/cborencoder.c ****         return 0;
 464              		.loc 1 86 0
 465 01cc 0023     		movs	r3, #0
 466 01ce 0BE0     		b	.L21
 467              	.L20:
  87:build\openmote-cc2538_armgcc\openapps\opencoap/cborencoder.c ****     }
  88:build\openmote-cc2538_armgcc\openapps\opencoap/cborencoder.c **** 
  89:build\openmote-cc2538_armgcc\openapps\opencoap/cborencoder.c ****     buffer[ret++] = (0xa0 | elements);
 468              		.loc 1 89 0
 469 01d0 FB7B     		ldrb	r3, [r7, #15]	@ zero_extendqisi2
 470 01d2 5A1C     		adds	r2, r3, #1
 471 01d4 FA73     		strb	r2, [r7, #15]
 472 01d6 1A46     		mov	r2, r3
 473 01d8 7B68     		ldr	r3, [r7, #4]
 474 01da 1344     		add	r3, r3, r2
 475 01dc FA78     		ldrb	r2, [r7, #3]
 476 01de 62F05F02 		orn	r2, r2, #95
 477 01e2 D2B2     		uxtb	r2, r2
 478 01e4 1A70     		strb	r2, [r3]
  90:build\openmote-cc2538_armgcc\openapps\opencoap/cborencoder.c ****     return ret;
 479              		.loc 1 90 0
 480 01e6 FB7B     		ldrb	r3, [r7, #15]	@ zero_extendqisi2
 481              	.L21:
  91:build\openmote-cc2538_armgcc\openapps\opencoap/cborencoder.c **** }
 482              		.loc 1 91 0
 483 01e8 1846     		mov	r0, r3
 484 01ea 1437     		adds	r7, r7, #20
 485              		.cfi_def_cfa_offset 4
 486 01ec BD46     		mov	sp, r7
 487              		.cfi_def_cfa_register 13
 488              		@ sp needed
 489 01ee 80BC     		pop	{r7}
 490              		.cfi_restore 7
 491              		.cfi_def_cfa_offset 0
 492 01f0 7047     		bx	lr
 493              		.cfi_endproc
 494              	.LFE5:
 496              	.Letext0:
 497              		.file 2 "c:\\program files (x86)\\gnu tools arm embedded\\7 2018-q2-update\\arm-none-eabi\\include
 498              		.file 3 "c:\\program files (x86)\\gnu tools arm embedded\\7 2018-q2-update\\arm-none-eabi\\include
 499              		.file 4 "c:\\program files (x86)\\gnu tools arm embedded\\7 2018-q2-update\\arm-none-eabi\\include
 500              		.file 5 "c:\\program files (x86)\\gnu tools arm embedded\\7 2018-q2-update\\arm-none-eabi\\include
 501              		.file 6 "c:\\program files (x86)\\gnu tools arm embedded\\7 2018-q2-update\\lib\\gcc\\arm-none-eab
 502              		.file 7 "c:\\program files (x86)\\gnu tools arm embedded\\7 2018-q2-update\\arm-none-eabi\\include
 503              		.file 8 "bsp\\boards\\openmote-cc2538/board_info.h"
 504              		.file 9 "inc/opendefs.h"
DEFINED SYMBOLS
                            *ABS*:00000000 cborencoder.c
C:\Users\Lee\AppData\Local\Temp\cccwPHWZ.s:16     .rodata:00000000 $d
C:\Users\Lee\AppData\Local\Temp\cccwPHWZ.s:19     .rodata:00000000 rreg_uriquery
C:\Users\Lee\AppData\Local\Temp\cccwPHWZ.s:24     .rodata:00000008 infoBoardname
C:\Users\Lee\AppData\Local\Temp\cccwPHWZ.s:29     .rodata:00000010 infouCName
C:\Users\Lee\AppData\Local\Temp\cccwPHWZ.s:34     .rodata:00000018 infoRadioName
C:\Users\Lee\AppData\Local\Temp\cccwPHWZ.s:39     .rodata:00000024 infoStackName
C:\Users\Lee\AppData\Local\Temp\cccwPHWZ.s:42     .text:00000000 $t
C:\Users\Lee\AppData\Local\Temp\cccwPHWZ.s:49     .text:00000000 cborencoder_put_text
C:\Users\Lee\AppData\Local\Temp\cccwPHWZ.s:149    .text:0000007e cborencoder_put_array
C:\Users\Lee\AppData\Local\Temp\cccwPHWZ.s:212    .text:000000ba cborencoder_put_bytes
C:\Users\Lee\AppData\Local\Temp\cccwPHWZ.s:311    .text:00000138 cborencoder_put_unsigned
C:\Users\Lee\AppData\Local\Temp\cccwPHWZ.s:390    .text:0000018e cborencoder_put_null
C:\Users\Lee\AppData\Local\Temp\cccwPHWZ.s:440    .text:000001b6 cborencoder_put_map
                           .group:00000000 wm4.0.93d65e4ff05d5af51629690e5b534e57
                           .group:00000000 wm4._newlib_version.h.4.875b979a44719054cd750d0952ad3fd6
                           .group:00000000 wm4.features.h.33.318b64d71e0957639cfb30f1db1f7ec8
                           .group:00000000 wm4._default_types.h.15.247e5cd201eca3442cbf5404108c4935
                           .group:00000000 wm4._intsup.h.10.cce27fed8484c08a33f522034c30d2b5
                           .group:00000000 wm4._stdint.h.10.c24fa3af3bc1706662bb5593a907e841
                           .group:00000000 wm4.stdint.h.23.d53047a68f4a85177f80b422d52785ed
                           .group:00000000 wm4.toolchain_defs.h.2.e5fd326231d01413e5361944b26cde07
                           .group:00000000 wm4.newlib.h.8.f6e543eac3f2f65163ba2ffe3b04987b
                           .group:00000000 wm4.ieeefp.h.77.220d9cccac42cd58761758bee2df4ce6
                           .group:00000000 wm4.config.h.220.6cac6a9685cfce5e83c17784171638d9
                           .group:00000000 wm4._ansi.h.31.de524f58584151836e90d8620a16f8e8
                           .group:00000000 wm4.stddef.h.39.a38874c8f8a57e66301090908ec2a69f
                           .group:00000000 wm4.lock.h.2.1461d1fff82dffe8bfddc23307f6484f
                           .group:00000000 wm4._types.h.125.5cf8a495f1f7ef36777ad868a1e32068
                           .group:00000000 wm4.stddef.h.161.5349cb105733e8777bfb0cf53c4e3f34
                           .group:00000000 wm4._types.h.184.03611d4f6b5bec9997bcf4279eceba07
                           .group:00000000 wm4.reent.h.17.90c2574d4acdcfce933db5cb09ff35fe
                           .group:00000000 wm4.cdefs.h.47.0bcdf94cb40e176393dd1404056825b4
                           .group:00000000 wm4.string.h.15.dab3980bf35408a4c507182805e2de3a
                           .group:00000000 wm4.stddef.h.161.19e15733342b50ead2919490b095303e
                           .group:00000000 wm4.stdbool.h.29.07dce69c3b78884144b7f7bd19483461
                           .group:00000000 wm4.hw_types.h.67.b10589a0806dcc2d274d6fab6b736519
                           .group:00000000 wm4.interrupt.h.41.272fc4ec0e276feb439e7974d0f77eaf
                           .group:00000000 wm4.board_info.h.22.34c159473b0affd9f1a6f5aa8cf576c9
                           .group:00000000 wm4.opendefs.h.23.3a22b672f37c862344b7aef3ebe35451

UNDEFINED SYMBOLS
memcpy
