   1              		.cpu cortex-m3
   2              		.eabi_attribute 20, 1
   3              		.eabi_attribute 21, 1
   4              		.eabi_attribute 23, 3
   5              		.eabi_attribute 24, 1
   6              		.eabi_attribute 25, 1
   7              		.eabi_attribute 26, 1
   8              		.eabi_attribute 30, 6
   9              		.eabi_attribute 34, 1
  10              		.eabi_attribute 18, 4
  11              		.file	"sensors.c"
  12              		.text
  13              	.Ltext0:
  14              		.cfi_sections	.debug_frame
  15              		.section	.rodata
  16              		.align	2
  19              	rreg_uriquery:
  20 0000 683D7563 		.ascii	"h=ucb\000"
  20      6200
  21 0006 0000     		.align	2
  24              	infoBoardname:
  25 0008 43433235 		.ascii	"CC2538\000"
  25      333800
  26 000f 00       		.align	2
  29              	infouCName:
  30 0010 43433235 		.ascii	"CC2538\000"
  30      333800
  31 0017 00       		.align	2
  34              	infoRadioName:
  35 0018 43433235 		.ascii	"CC2538 SoC\000"
  35      33382053 
  35      6F4300
  36              		.comm	sensors_vars,9,4
  37              		.text
  38              		.align	1
  39              		.global	sensors_init
  40              		.syntax unified
  41              		.thumb
  42              		.thumb_func
  43              		.fpu softvfp
  45              	sensors_init:
  46              	.LFB0:
  47              		.file 1 "build\\openmote-cc2538_armgcc\\bsp\\boards\\openmote-cc2538\\sensors.c"
   1:build\openmote-cc2538_armgcc\bsp\boards\openmote-cc2538/sensors.c **** /**
   2:build\openmote-cc2538_armgcc\bsp\boards\openmote-cc2538/sensors.c ****     \brief Definition of the "sensors" board-specific driver.
   3:build\openmote-cc2538_armgcc\bsp\boards\openmote-cc2538/sensors.c ****     \author Nicola Accettura <nicola.accettura@eecs.berkeley.edu>, March 2015.
   4:build\openmote-cc2538_armgcc\bsp\boards\openmote-cc2538/sensors.c **** */
   5:build\openmote-cc2538_armgcc\bsp\boards\openmote-cc2538/sensors.c **** 
   6:build\openmote-cc2538_armgcc\bsp\boards\openmote-cc2538/sensors.c **** #include "adc_sensor.h"
   7:build\openmote-cc2538_armgcc\bsp\boards\openmote-cc2538/sensors.c **** #include "board.h"
   8:build\openmote-cc2538_armgcc\bsp\boards\openmote-cc2538/sensors.c **** #include "sensors.h"
   9:build\openmote-cc2538_armgcc\bsp\boards\openmote-cc2538/sensors.c **** 
  10:build\openmote-cc2538_armgcc\bsp\boards\openmote-cc2538/sensors.c **** #include "adxl346.h"
  11:build\openmote-cc2538_armgcc\bsp\boards\openmote-cc2538/sensors.c **** #include "max44009.h"
  12:build\openmote-cc2538_armgcc\bsp\boards\openmote-cc2538/sensors.c **** #include "sht21.h"
  13:build\openmote-cc2538_armgcc\bsp\boards\openmote-cc2538/sensors.c **** 
  14:build\openmote-cc2538_armgcc\bsp\boards\openmote-cc2538/sensors.c **** //=========================== defines =========================================
  15:build\openmote-cc2538_armgcc\bsp\boards\openmote-cc2538/sensors.c **** 
  16:build\openmote-cc2538_armgcc\bsp\boards\openmote-cc2538/sensors.c **** //=========================== typedef =========================================
  17:build\openmote-cc2538_armgcc\bsp\boards\openmote-cc2538/sensors.c **** 
  18:build\openmote-cc2538_armgcc\bsp\boards\openmote-cc2538/sensors.c **** //=========================== variables =======================================
  19:build\openmote-cc2538_armgcc\bsp\boards\openmote-cc2538/sensors.c **** 
  20:build\openmote-cc2538_armgcc\bsp\boards\openmote-cc2538/sensors.c **** sensors_vars_t sensors_vars;
  21:build\openmote-cc2538_armgcc\bsp\boards\openmote-cc2538/sensors.c **** 
  22:build\openmote-cc2538_armgcc\bsp\boards\openmote-cc2538/sensors.c **** //=========================== prototype =======================================
  23:build\openmote-cc2538_armgcc\bsp\boards\openmote-cc2538/sensors.c **** 
  24:build\openmote-cc2538_armgcc\bsp\boards\openmote-cc2538/sensors.c **** //=========================== public ==========================================
  25:build\openmote-cc2538_armgcc\bsp\boards\openmote-cc2538/sensors.c **** 
  26:build\openmote-cc2538_armgcc\bsp\boards\openmote-cc2538/sensors.c **** /**
  27:build\openmote-cc2538_armgcc\bsp\boards\openmote-cc2538/sensors.c ****    \brief Initialize sensors on the board
  28:build\openmote-cc2538_armgcc\bsp\boards\openmote-cc2538/sensors.c **** */
  29:build\openmote-cc2538_armgcc\bsp\boards\openmote-cc2538/sensors.c **** void sensors_init(void) {
  48              		.loc 1 29 0
  49              		.cfi_startproc
  50              		@ args = 0, pretend = 0, frame = 0
  51              		@ frame_needed = 1, uses_anonymous_args = 0
  52 0000 80B5     		push	{r7, lr}
  53              		.cfi_def_cfa_offset 8
  54              		.cfi_offset 7, -8
  55              		.cfi_offset 14, -4
  56 0002 00AF     		add	r7, sp, #0
  57              		.cfi_def_cfa_register 7
  30:build\openmote-cc2538_armgcc\bsp\boards\openmote-cc2538/sensors.c ****    
  31:build\openmote-cc2538_armgcc\bsp\boards\openmote-cc2538/sensors.c ****    memset(&sensors_vars,0,sizeof(sensors_vars_t));
  58              		.loc 1 31 0
  59 0004 0922     		movs	r2, #9
  60 0006 0021     		movs	r1, #0
  61 0008 1848     		ldr	r0, .L5
  62 000a FFF7FEFF 		bl	memset
  32:build\openmote-cc2538_armgcc\bsp\boards\openmote-cc2538/sensors.c ****    
  33:build\openmote-cc2538_armgcc\bsp\boards\openmote-cc2538/sensors.c ****    if (sht21_is_present()==1) {
  63              		.loc 1 33 0
  64 000e FFF7FEFF 		bl	sht21_is_present
  65 0012 0346     		mov	r3, r0
  66 0014 012B     		cmp	r3, #1
  67 0016 07D1     		bne	.L2
  34:build\openmote-cc2538_armgcc\bsp\boards\openmote-cc2538/sensors.c ****       sht21_init();
  68              		.loc 1 34 0
  69 0018 FFF7FEFF 		bl	sht21_init
  35:build\openmote-cc2538_armgcc\bsp\boards\openmote-cc2538/sensors.c ****       sensors_vars.sensorsTypes[SENSOR_TEMPERATURE] = 1;
  70              		.loc 1 35 0
  71 001c 134B     		ldr	r3, .L5
  72 001e 0122     		movs	r2, #1
  73 0020 5A70     		strb	r2, [r3, #1]
  36:build\openmote-cc2538_armgcc\bsp\boards\openmote-cc2538/sensors.c ****       sensors_vars.sensorsTypes[SENSOR_HUMIDITY] = 1;
  74              		.loc 1 36 0
  75 0022 124B     		ldr	r3, .L5
  76 0024 0122     		movs	r2, #1
  77 0026 9A70     		strb	r2, [r3, #2]
  78              	.L2:
  37:build\openmote-cc2538_armgcc\bsp\boards\openmote-cc2538/sensors.c ****    }
  38:build\openmote-cc2538_armgcc\bsp\boards\openmote-cc2538/sensors.c ****    
  39:build\openmote-cc2538_armgcc\bsp\boards\openmote-cc2538/sensors.c ****    if (max44009_is_present()==1) {
  79              		.loc 1 39 0
  80 0028 FFF7FEFF 		bl	max44009_is_present
  81 002c 0346     		mov	r3, r0
  82 002e 012B     		cmp	r3, #1
  83 0030 04D1     		bne	.L3
  40:build\openmote-cc2538_armgcc\bsp\boards\openmote-cc2538/sensors.c ****       max44009_init();
  84              		.loc 1 40 0
  85 0032 FFF7FEFF 		bl	max44009_init
  41:build\openmote-cc2538_armgcc\bsp\boards\openmote-cc2538/sensors.c ****       sensors_vars.sensorsTypes[SENSOR_LIGHT] = 1;
  86              		.loc 1 41 0
  87 0036 0D4B     		ldr	r3, .L5
  88 0038 0122     		movs	r2, #1
  89 003a DA70     		strb	r2, [r3, #3]
  90              	.L3:
  42:build\openmote-cc2538_armgcc\bsp\boards\openmote-cc2538/sensors.c ****    }
  43:build\openmote-cc2538_armgcc\bsp\boards\openmote-cc2538/sensors.c ****    
  44:build\openmote-cc2538_armgcc\bsp\boards\openmote-cc2538/sensors.c ****    if (adxl346_is_present()==1) {
  91              		.loc 1 44 0
  92 003c FFF7FEFF 		bl	adxl346_is_present
  93 0040 0346     		mov	r3, r0
  94 0042 012B     		cmp	r3, #1
  95 0044 0AD1     		bne	.L4
  45:build\openmote-cc2538_armgcc\bsp\boards\openmote-cc2538/sensors.c ****       adxl346_init();
  96              		.loc 1 45 0
  97 0046 FFF7FEFF 		bl	adxl346_init
  46:build\openmote-cc2538_armgcc\bsp\boards\openmote-cc2538/sensors.c ****       sensors_vars.sensorsTypes[SENSOR_XACCELERATION] = 1;
  98              		.loc 1 46 0
  99 004a 084B     		ldr	r3, .L5
 100 004c 0122     		movs	r2, #1
 101 004e 1A71     		strb	r2, [r3, #4]
  47:build\openmote-cc2538_armgcc\bsp\boards\openmote-cc2538/sensors.c ****       sensors_vars.sensorsTypes[SENSOR_YACCELERATION] = 1;
 102              		.loc 1 47 0
 103 0050 064B     		ldr	r3, .L5
 104 0052 0122     		movs	r2, #1
 105 0054 5A71     		strb	r2, [r3, #5]
  48:build\openmote-cc2538_armgcc\bsp\boards\openmote-cc2538/sensors.c ****       sensors_vars.sensorsTypes[SENSOR_ZACCELERATION] = 1;
 106              		.loc 1 48 0
 107 0056 054B     		ldr	r3, .L5
 108 0058 0122     		movs	r2, #1
 109 005a 9A71     		strb	r2, [r3, #6]
 110              	.L4:
  49:build\openmote-cc2538_armgcc\bsp\boards\openmote-cc2538/sensors.c ****    }
  50:build\openmote-cc2538_armgcc\bsp\boards\openmote-cc2538/sensors.c ****    
  51:build\openmote-cc2538_armgcc\bsp\boards\openmote-cc2538/sensors.c ****    adc_sensor_init();
 111              		.loc 1 51 0
 112 005c FFF7FEFF 		bl	adc_sensor_init
  52:build\openmote-cc2538_armgcc\bsp\boards\openmote-cc2538/sensors.c ****    sensors_vars.sensorsTypes[SENSOR_ADCTEMPERATURE] = 1;
 113              		.loc 1 52 0
 114 0060 024B     		ldr	r3, .L5
 115 0062 0122     		movs	r2, #1
 116 0064 DA71     		strb	r2, [r3, #7]
  53:build\openmote-cc2538_armgcc\bsp\boards\openmote-cc2538/sensors.c ****    
  54:build\openmote-cc2538_armgcc\bsp\boards\openmote-cc2538/sensors.c **** }
 117              		.loc 1 54 0
 118 0066 00BF     		nop
 119 0068 80BD     		pop	{r7, pc}
 120              	.L6:
 121 006a 00BF     		.align	2
 122              	.L5:
 123 006c 00000000 		.word	sensors_vars
 124              		.cfi_endproc
 125              	.LFE0:
 127              		.align	1
 128              		.global	sensors_is_present
 129              		.syntax unified
 130              		.thumb
 131              		.thumb_func
 132              		.fpu softvfp
 134              	sensors_is_present:
 135              	.LFB1:
  55:build\openmote-cc2538_armgcc\bsp\boards\openmote-cc2538/sensors.c **** 
  56:build\openmote-cc2538_armgcc\bsp\boards\openmote-cc2538/sensors.c **** /**
  57:build\openmote-cc2538_armgcc\bsp\boards\openmote-cc2538/sensors.c ****    \brief Returns a bool value indicating if a given sensor is present
  58:build\openmote-cc2538_armgcc\bsp\boards\openmote-cc2538/sensors.c ****    \param[in] sensorType sensor type polled.
  59:build\openmote-cc2538_armgcc\bsp\boards\openmote-cc2538/sensors.c ****    \param[out] returnVal presence of the sensor.
  60:build\openmote-cc2538_armgcc\bsp\boards\openmote-cc2538/sensors.c **** */
  61:build\openmote-cc2538_armgcc\bsp\boards\openmote-cc2538/sensors.c **** bool sensors_is_present(uint8_t sensorType) {
 136              		.loc 1 61 0
 137              		.cfi_startproc
 138              		@ args = 0, pretend = 0, frame = 8
 139              		@ frame_needed = 1, uses_anonymous_args = 0
 140              		@ link register save eliminated.
 141 0070 80B4     		push	{r7}
 142              		.cfi_def_cfa_offset 4
 143              		.cfi_offset 7, -4
 144 0072 83B0     		sub	sp, sp, #12
 145              		.cfi_def_cfa_offset 16
 146 0074 00AF     		add	r7, sp, #0
 147              		.cfi_def_cfa_register 7
 148 0076 0346     		mov	r3, r0
 149 0078 FB71     		strb	r3, [r7, #7]
  62:build\openmote-cc2538_armgcc\bsp\boards\openmote-cc2538/sensors.c ****    return sensors_vars.sensorsTypes[sensorType];
 150              		.loc 1 62 0
 151 007a FB79     		ldrb	r3, [r7, #7]	@ zero_extendqisi2
 152 007c 054A     		ldr	r2, .L9
 153 007e D35C     		ldrb	r3, [r2, r3]	@ zero_extendqisi2
 154 0080 002B     		cmp	r3, #0
 155 0082 14BF     		ite	ne
 156 0084 0123     		movne	r3, #1
 157 0086 0023     		moveq	r3, #0
 158 0088 DBB2     		uxtb	r3, r3
  63:build\openmote-cc2538_armgcc\bsp\boards\openmote-cc2538/sensors.c **** }
 159              		.loc 1 63 0
 160 008a 1846     		mov	r0, r3
 161 008c 0C37     		adds	r7, r7, #12
 162              		.cfi_def_cfa_offset 4
 163 008e BD46     		mov	sp, r7
 164              		.cfi_def_cfa_register 13
 165              		@ sp needed
 166 0090 80BC     		pop	{r7}
 167              		.cfi_restore 7
 168              		.cfi_def_cfa_offset 0
 169 0092 7047     		bx	lr
 170              	.L10:
 171              		.align	2
 172              	.L9:
 173 0094 00000000 		.word	sensors_vars
 174              		.cfi_endproc
 175              	.LFE1:
 177              		.align	1
 178              		.global	sensors_getCallbackRead
 179              		.syntax unified
 180              		.thumb
 181              		.thumb_func
 182              		.fpu softvfp
 184              	sensors_getCallbackRead:
 185              	.LFB2:
  64:build\openmote-cc2538_armgcc\bsp\boards\openmote-cc2538/sensors.c **** 
  65:build\openmote-cc2538_armgcc\bsp\boards\openmote-cc2538/sensors.c **** /**
  66:build\openmote-cc2538_armgcc\bsp\boards\openmote-cc2538/sensors.c ****    \brief Returns the callback for reading data from a given sensor
  67:build\openmote-cc2538_armgcc\bsp\boards\openmote-cc2538/sensors.c ****    \param[in] sensorType sensor type used to associate the callback.
  68:build\openmote-cc2538_armgcc\bsp\boards\openmote-cc2538/sensors.c ****    \param[out] callback for reading data.
  69:build\openmote-cc2538_armgcc\bsp\boards\openmote-cc2538/sensors.c **** */
  70:build\openmote-cc2538_armgcc\bsp\boards\openmote-cc2538/sensors.c **** callbackRead_cbt sensors_getCallbackRead(uint8_t sensorType) {
 186              		.loc 1 70 0
 187              		.cfi_startproc
 188              		@ args = 0, pretend = 0, frame = 8
 189              		@ frame_needed = 1, uses_anonymous_args = 0
 190              		@ link register save eliminated.
 191 0098 80B4     		push	{r7}
 192              		.cfi_def_cfa_offset 4
 193              		.cfi_offset 7, -4
 194 009a 83B0     		sub	sp, sp, #12
 195              		.cfi_def_cfa_offset 16
 196 009c 00AF     		add	r7, sp, #0
 197              		.cfi_def_cfa_register 7
 198 009e 0346     		mov	r3, r0
 199 00a0 FB71     		strb	r3, [r7, #7]
  71:build\openmote-cc2538_armgcc\bsp\boards\openmote-cc2538/sensors.c ****    
  72:build\openmote-cc2538_armgcc\bsp\boards\openmote-cc2538/sensors.c ****    switch (sensorType) {
 200              		.loc 1 72 0
 201 00a2 FB79     		ldrb	r3, [r7, #7]	@ zero_extendqisi2
 202 00a4 013B     		subs	r3, r3, #1
 203 00a6 062B     		cmp	r3, #6
 204 00a8 1ED8     		bhi	.L12
 205 00aa 01A2     		adr	r2, .L14
 206 00ac 52F823F0 		ldr	pc, [r2, r3, lsl #2]
 207              		.p2align 2
 208              	.L14:
 209 00b0 CD000000 		.word	.L13+1
 210 00b4 D1000000 		.word	.L15+1
 211 00b8 D5000000 		.word	.L16+1
 212 00bc D9000000 		.word	.L17+1
 213 00c0 DD000000 		.word	.L18+1
 214 00c4 E1000000 		.word	.L19+1
 215 00c8 E5000000 		.word	.L20+1
 216              		.p2align 1
 217              	.L13:
  73:build\openmote-cc2538_armgcc\bsp\boards\openmote-cc2538/sensors.c ****       case SENSOR_TEMPERATURE:
  74:build\openmote-cc2538_armgcc\bsp\boards\openmote-cc2538/sensors.c ****          return &sht21_read_temperature;
 218              		.loc 1 74 0
 219 00cc 094B     		ldr	r3, .L22
 220 00ce 0CE0     		b	.L21
 221              	.L15:
  75:build\openmote-cc2538_armgcc\bsp\boards\openmote-cc2538/sensors.c ****       case SENSOR_HUMIDITY:
  76:build\openmote-cc2538_armgcc\bsp\boards\openmote-cc2538/sensors.c ****          return &sht21_read_humidity;
 222              		.loc 1 76 0
 223 00d0 094B     		ldr	r3, .L22+4
 224 00d2 0AE0     		b	.L21
 225              	.L16:
  77:build\openmote-cc2538_armgcc\bsp\boards\openmote-cc2538/sensors.c ****       case SENSOR_LIGHT:
  78:build\openmote-cc2538_armgcc\bsp\boards\openmote-cc2538/sensors.c ****          return &max44009_read_light;
 226              		.loc 1 78 0
 227 00d4 094B     		ldr	r3, .L22+8
 228 00d6 08E0     		b	.L21
 229              	.L17:
  79:build\openmote-cc2538_armgcc\bsp\boards\openmote-cc2538/sensors.c ****       case SENSOR_XACCELERATION:
  80:build\openmote-cc2538_armgcc\bsp\boards\openmote-cc2538/sensors.c ****          return (callbackRead_cbt)&adxl346_read_x;
 230              		.loc 1 80 0
 231 00d8 094B     		ldr	r3, .L22+12
 232 00da 06E0     		b	.L21
 233              	.L18:
  81:build\openmote-cc2538_armgcc\bsp\boards\openmote-cc2538/sensors.c ****       case SENSOR_YACCELERATION:
  82:build\openmote-cc2538_armgcc\bsp\boards\openmote-cc2538/sensors.c ****          return (callbackRead_cbt)&adxl346_read_y;
 234              		.loc 1 82 0
 235 00dc 094B     		ldr	r3, .L22+16
 236 00de 04E0     		b	.L21
 237              	.L19:
  83:build\openmote-cc2538_armgcc\bsp\boards\openmote-cc2538/sensors.c ****       case SENSOR_ZACCELERATION:
  84:build\openmote-cc2538_armgcc\bsp\boards\openmote-cc2538/sensors.c ****          return (callbackRead_cbt)&adxl346_read_z;
 238              		.loc 1 84 0
 239 00e0 094B     		ldr	r3, .L22+20
 240 00e2 02E0     		b	.L21
 241              	.L20:
  85:build\openmote-cc2538_armgcc\bsp\boards\openmote-cc2538/sensors.c ****       case SENSOR_ADCTEMPERATURE:
  86:build\openmote-cc2538_armgcc\bsp\boards\openmote-cc2538/sensors.c ****          return &adc_sens_read_temperature;
 242              		.loc 1 86 0
 243 00e4 094B     		ldr	r3, .L22+24
 244 00e6 00E0     		b	.L21
 245              	.L12:
  87:build\openmote-cc2538_armgcc\bsp\boards\openmote-cc2538/sensors.c ****       default:
  88:build\openmote-cc2538_armgcc\bsp\boards\openmote-cc2538/sensors.c ****          return NULL;
 246              		.loc 1 88 0
 247 00e8 0023     		movs	r3, #0
 248              	.L21:
  89:build\openmote-cc2538_armgcc\bsp\boards\openmote-cc2538/sensors.c ****    }
  90:build\openmote-cc2538_armgcc\bsp\boards\openmote-cc2538/sensors.c ****    
  91:build\openmote-cc2538_armgcc\bsp\boards\openmote-cc2538/sensors.c **** }
 249              		.loc 1 91 0
 250 00ea 1846     		mov	r0, r3
 251 00ec 0C37     		adds	r7, r7, #12
 252              		.cfi_def_cfa_offset 4
 253 00ee BD46     		mov	sp, r7
 254              		.cfi_def_cfa_register 13
 255              		@ sp needed
 256 00f0 80BC     		pop	{r7}
 257              		.cfi_restore 7
 258              		.cfi_def_cfa_offset 0
 259 00f2 7047     		bx	lr
 260              	.L23:
 261              		.align	2
 262              	.L22:
 263 00f4 00000000 		.word	sht21_read_temperature
 264 00f8 00000000 		.word	sht21_read_humidity
 265 00fc 00000000 		.word	max44009_read_light
 266 0100 00000000 		.word	adxl346_read_x
 267 0104 00000000 		.word	adxl346_read_y
 268 0108 00000000 		.word	adxl346_read_z
 269 010c 00000000 		.word	adc_sens_read_temperature
 270              		.cfi_endproc
 271              	.LFE2:
 273              		.align	1
 274              		.global	sensors_getCallbackConvert
 275              		.syntax unified
 276              		.thumb
 277              		.thumb_func
 278              		.fpu softvfp
 280              	sensors_getCallbackConvert:
 281              	.LFB3:
  92:build\openmote-cc2538_armgcc\bsp\boards\openmote-cc2538/sensors.c **** 
  93:build\openmote-cc2538_armgcc\bsp\boards\openmote-cc2538/sensors.c **** /**
  94:build\openmote-cc2538_armgcc\bsp\boards\openmote-cc2538/sensors.c ****    \brief Returns the callback for converting data from a given sensor
  95:build\openmote-cc2538_armgcc\bsp\boards\openmote-cc2538/sensors.c ****    \param[in] sensorType sensor type used to associate the callback.
  96:build\openmote-cc2538_armgcc\bsp\boards\openmote-cc2538/sensors.c ****    \param[out] callback for converting data.
  97:build\openmote-cc2538_armgcc\bsp\boards\openmote-cc2538/sensors.c **** */
  98:build\openmote-cc2538_armgcc\bsp\boards\openmote-cc2538/sensors.c **** callbackConvert_cbt sensors_getCallbackConvert(uint8_t sensorType) {
 282              		.loc 1 98 0
 283              		.cfi_startproc
 284              		@ args = 0, pretend = 0, frame = 8
 285              		@ frame_needed = 1, uses_anonymous_args = 0
 286              		@ link register save eliminated.
 287 0110 80B4     		push	{r7}
 288              		.cfi_def_cfa_offset 4
 289              		.cfi_offset 7, -4
 290 0112 83B0     		sub	sp, sp, #12
 291              		.cfi_def_cfa_offset 16
 292 0114 00AF     		add	r7, sp, #0
 293              		.cfi_def_cfa_register 7
 294 0116 0346     		mov	r3, r0
 295 0118 FB71     		strb	r3, [r7, #7]
  99:build\openmote-cc2538_armgcc\bsp\boards\openmote-cc2538/sensors.c ****    
 100:build\openmote-cc2538_armgcc\bsp\boards\openmote-cc2538/sensors.c ****    switch (sensorType) {
 296              		.loc 1 100 0
 297 011a FB79     		ldrb	r3, [r7, #7]	@ zero_extendqisi2
 298 011c 013B     		subs	r3, r3, #1
 299 011e 062B     		cmp	r3, #6
 300 0120 1ED8     		bhi	.L25
 301 0122 01A2     		adr	r2, .L27
 302 0124 52F823F0 		ldr	pc, [r2, r3, lsl #2]
 303              		.p2align 2
 304              	.L27:
 305 0128 45010000 		.word	.L26+1
 306 012c 49010000 		.word	.L28+1
 307 0130 4D010000 		.word	.L29+1
 308 0134 51010000 		.word	.L30+1
 309 0138 55010000 		.word	.L31+1
 310 013c 59010000 		.word	.L32+1
 311 0140 5D010000 		.word	.L33+1
 312              		.p2align 1
 313              	.L26:
 101:build\openmote-cc2538_armgcc\bsp\boards\openmote-cc2538/sensors.c ****       case SENSOR_TEMPERATURE:
 102:build\openmote-cc2538_armgcc\bsp\boards\openmote-cc2538/sensors.c ****          return &sht21_convert_temperature;
 314              		.loc 1 102 0
 315 0144 094B     		ldr	r3, .L35
 316 0146 0CE0     		b	.L34
 317              	.L28:
 103:build\openmote-cc2538_armgcc\bsp\boards\openmote-cc2538/sensors.c ****       case SENSOR_HUMIDITY:
 104:build\openmote-cc2538_armgcc\bsp\boards\openmote-cc2538/sensors.c ****          return &sht21_convert_humidity;
 318              		.loc 1 104 0
 319 0148 094B     		ldr	r3, .L35+4
 320 014a 0AE0     		b	.L34
 321              	.L29:
 105:build\openmote-cc2538_armgcc\bsp\boards\openmote-cc2538/sensors.c ****       case SENSOR_LIGHT:
 106:build\openmote-cc2538_armgcc\bsp\boards\openmote-cc2538/sensors.c ****          return &max44009_convert_light;
 322              		.loc 1 106 0
 323 014c 094B     		ldr	r3, .L35+8
 324 014e 08E0     		b	.L34
 325              	.L30:
 107:build\openmote-cc2538_armgcc\bsp\boards\openmote-cc2538/sensors.c ****       case SENSOR_XACCELERATION:
 108:build\openmote-cc2538_armgcc\bsp\boards\openmote-cc2538/sensors.c ****          return NULL;
 326              		.loc 1 108 0
 327 0150 0023     		movs	r3, #0
 328 0152 06E0     		b	.L34
 329              	.L31:
 109:build\openmote-cc2538_armgcc\bsp\boards\openmote-cc2538/sensors.c ****       case SENSOR_YACCELERATION:
 110:build\openmote-cc2538_armgcc\bsp\boards\openmote-cc2538/sensors.c ****          return NULL;
 330              		.loc 1 110 0
 331 0154 0023     		movs	r3, #0
 332 0156 04E0     		b	.L34
 333              	.L32:
 111:build\openmote-cc2538_armgcc\bsp\boards\openmote-cc2538/sensors.c ****       case SENSOR_ZACCELERATION:
 112:build\openmote-cc2538_armgcc\bsp\boards\openmote-cc2538/sensors.c ****          return NULL;
 334              		.loc 1 112 0
 335 0158 0023     		movs	r3, #0
 336 015a 02E0     		b	.L34
 337              	.L33:
 113:build\openmote-cc2538_armgcc\bsp\boards\openmote-cc2538/sensors.c ****       case SENSOR_ADCTEMPERATURE:
 114:build\openmote-cc2538_armgcc\bsp\boards\openmote-cc2538/sensors.c ****          return &adc_sens_convert_temperature;
 338              		.loc 1 114 0
 339 015c 064B     		ldr	r3, .L35+12
 340 015e 00E0     		b	.L34
 341              	.L25:
 115:build\openmote-cc2538_armgcc\bsp\boards\openmote-cc2538/sensors.c ****       default:
 116:build\openmote-cc2538_armgcc\bsp\boards\openmote-cc2538/sensors.c ****          return NULL;
 342              		.loc 1 116 0
 343 0160 0023     		movs	r3, #0
 344              	.L34:
 117:build\openmote-cc2538_armgcc\bsp\boards\openmote-cc2538/sensors.c ****    }
 118:build\openmote-cc2538_armgcc\bsp\boards\openmote-cc2538/sensors.c ****    
 119:build\openmote-cc2538_armgcc\bsp\boards\openmote-cc2538/sensors.c **** }
 345              		.loc 1 119 0
 346 0162 1846     		mov	r0, r3
 347 0164 0C37     		adds	r7, r7, #12
 348              		.cfi_def_cfa_offset 4
 349 0166 BD46     		mov	sp, r7
 350              		.cfi_def_cfa_register 13
 351              		@ sp needed
 352 0168 80BC     		pop	{r7}
 353              		.cfi_restore 7
 354              		.cfi_def_cfa_offset 0
 355 016a 7047     		bx	lr
 356              	.L36:
 357              		.align	2
 358              	.L35:
 359 016c 00000000 		.word	sht21_convert_temperature
 360 0170 00000000 		.word	sht21_convert_humidity
 361 0174 00000000 		.word	max44009_convert_light
 362 0178 00000000 		.word	adc_sens_convert_temperature
 363              		.cfi_endproc
 364              	.LFE3:
 366              	.Letext0:
 367              		.file 2 "c:\\program files (x86)\\gnu tools arm embedded\\7 2018-q2-update\\arm-none-eabi\\include
 368              		.file 3 "c:\\program files (x86)\\gnu tools arm embedded\\7 2018-q2-update\\arm-none-eabi\\include
 369              		.file 4 "c:\\program files (x86)\\gnu tools arm embedded\\7 2018-q2-update\\arm-none-eabi\\include
 370              		.file 5 "c:\\program files (x86)\\gnu tools arm embedded\\7 2018-q2-update\\arm-none-eabi\\include
 371              		.file 6 "c:\\program files (x86)\\gnu tools arm embedded\\7 2018-q2-update\\lib\\gcc\\arm-none-eab
 372              		.file 7 "c:\\program files (x86)\\gnu tools arm embedded\\7 2018-q2-update\\arm-none-eabi\\include
 373              		.file 8 "build\\openmote-cc2538_armgcc\\bsp\\boards\\openmote-cc2538\\board_info.h"
 374              		.file 9 "bsp\\boards/sensors.h"
DEFINED SYMBOLS
                            *ABS*:00000000 sensors.c
C:\Users\Lee\AppData\Local\Temp\ccBBRLpg.s:16     .rodata:00000000 $d
C:\Users\Lee\AppData\Local\Temp\ccBBRLpg.s:19     .rodata:00000000 rreg_uriquery
C:\Users\Lee\AppData\Local\Temp\ccBBRLpg.s:24     .rodata:00000008 infoBoardname
C:\Users\Lee\AppData\Local\Temp\ccBBRLpg.s:29     .rodata:00000010 infouCName
C:\Users\Lee\AppData\Local\Temp\ccBBRLpg.s:34     .rodata:00000018 infoRadioName
                            *COM*:00000009 sensors_vars
C:\Users\Lee\AppData\Local\Temp\ccBBRLpg.s:38     .text:00000000 $t
C:\Users\Lee\AppData\Local\Temp\ccBBRLpg.s:45     .text:00000000 sensors_init
C:\Users\Lee\AppData\Local\Temp\ccBBRLpg.s:123    .text:0000006c $d
C:\Users\Lee\AppData\Local\Temp\ccBBRLpg.s:127    .text:00000070 $t
C:\Users\Lee\AppData\Local\Temp\ccBBRLpg.s:134    .text:00000070 sensors_is_present
C:\Users\Lee\AppData\Local\Temp\ccBBRLpg.s:173    .text:00000094 $d
C:\Users\Lee\AppData\Local\Temp\ccBBRLpg.s:177    .text:00000098 $t
C:\Users\Lee\AppData\Local\Temp\ccBBRLpg.s:184    .text:00000098 sensors_getCallbackRead
C:\Users\Lee\AppData\Local\Temp\ccBBRLpg.s:209    .text:000000b0 $d
C:\Users\Lee\AppData\Local\Temp\ccBBRLpg.s:216    .text:000000cc $t
C:\Users\Lee\AppData\Local\Temp\ccBBRLpg.s:263    .text:000000f4 $d
C:\Users\Lee\AppData\Local\Temp\ccBBRLpg.s:273    .text:00000110 $t
C:\Users\Lee\AppData\Local\Temp\ccBBRLpg.s:280    .text:00000110 sensors_getCallbackConvert
C:\Users\Lee\AppData\Local\Temp\ccBBRLpg.s:305    .text:00000128 $d
C:\Users\Lee\AppData\Local\Temp\ccBBRLpg.s:312    .text:00000144 $t
C:\Users\Lee\AppData\Local\Temp\ccBBRLpg.s:359    .text:0000016c $d
                           .group:00000000 wm4.0.93d65e4ff05d5af51629690e5b534e57
                           .group:00000000 wm4._newlib_version.h.4.875b979a44719054cd750d0952ad3fd6
                           .group:00000000 wm4.features.h.33.318b64d71e0957639cfb30f1db1f7ec8
                           .group:00000000 wm4._default_types.h.15.247e5cd201eca3442cbf5404108c4935
                           .group:00000000 wm4._intsup.h.10.cce27fed8484c08a33f522034c30d2b5
                           .group:00000000 wm4._stdint.h.10.c24fa3af3bc1706662bb5593a907e841
                           .group:00000000 wm4.stdint.h.23.d53047a68f4a85177f80b422d52785ed
                           .group:00000000 wm4.newlib.h.8.f6e543eac3f2f65163ba2ffe3b04987b
                           .group:00000000 wm4.ieeefp.h.77.220d9cccac42cd58761758bee2df4ce6
                           .group:00000000 wm4.config.h.220.6cac6a9685cfce5e83c17784171638d9
                           .group:00000000 wm4._ansi.h.31.de524f58584151836e90d8620a16f8e8
                           .group:00000000 wm4.stddef.h.39.a38874c8f8a57e66301090908ec2a69f
                           .group:00000000 wm4.lock.h.2.1461d1fff82dffe8bfddc23307f6484f
                           .group:00000000 wm4._types.h.125.5cf8a495f1f7ef36777ad868a1e32068
                           .group:00000000 wm4.stddef.h.161.5349cb105733e8777bfb0cf53c4e3f34
                           .group:00000000 wm4._types.h.184.03611d4f6b5bec9997bcf4279eceba07
                           .group:00000000 wm4.reent.h.17.90c2574d4acdcfce933db5cb09ff35fe
                           .group:00000000 wm4.cdefs.h.47.0bcdf94cb40e176393dd1404056825b4
                           .group:00000000 wm4.string.h.15.dab3980bf35408a4c507182805e2de3a
                           .group:00000000 wm4.stddef.h.161.19e15733342b50ead2919490b095303e
                           .group:00000000 wm4.stdbool.h.29.07dce69c3b78884144b7f7bd19483461
                           .group:00000000 wm4.hw_types.h.67.b10589a0806dcc2d274d6fab6b736519
                           .group:00000000 wm4.interrupt.h.41.272fc4ec0e276feb439e7974d0f77eaf
                           .group:00000000 wm4.board_info.h.22.34c159473b0affd9f1a6f5aa8cf576c9
                           .group:00000000 wm4.toolchain_defs.h.2.1de8df52ab2567aa1aa0a288d2325900

UNDEFINED SYMBOLS
memset
sht21_is_present
sht21_init
max44009_is_present
max44009_init
adxl346_is_present
adxl346_init
adc_sensor_init
sht21_read_temperature
sht21_read_humidity
max44009_read_light
adxl346_read_x
adxl346_read_y
adxl346_read_z
adc_sens_read_temperature
sht21_convert_temperature
sht21_convert_humidity
max44009_convert_light
adc_sens_convert_temperature
