   1              		.cpu cortex-m3
   2              		.eabi_attribute 20, 1
   3              		.eabi_attribute 21, 1
   4              		.eabi_attribute 23, 3
   5              		.eabi_attribute 24, 1
   6              		.eabi_attribute 25, 1
   7              		.eabi_attribute 26, 1
   8              		.eabi_attribute 30, 6
   9              		.eabi_attribute 34, 1
  10              		.eabi_attribute 18, 4
  11              		.file	"debug.c"
  12              		.text
  13              	.Ltext0:
  14              		.cfi_sections	.debug_frame
  15              		.align	1
  16              		.global	__error__
  17              		.syntax unified
  18              		.thumb
  19              		.thumb_func
  20              		.fpu softvfp
  22              	__error__:
  23              	.LFB0:
  24              		.file 1 "build\\openmote-cc2538_armgcc\\bsp\\boards\\openmote-cc2538\\source\\debug.c"
   1:build\openmote-cc2538_armgcc\bsp\boards\openmote-cc2538\source/debug.c **** /******************************************************************************
   2:build\openmote-cc2538_armgcc\bsp\boards\openmote-cc2538\source/debug.c **** *  Filename:       debug.c
   3:build\openmote-cc2538_armgcc\bsp\boards\openmote-cc2538\source/debug.c **** *  Revised:        $Date: 2013-01-11 14:28:46 +0100 (fr, 11 jan 2013) $
   4:build\openmote-cc2538_armgcc\bsp\boards\openmote-cc2538\source/debug.c **** *  Revision:       $Revision: 9099 $
   5:build\openmote-cc2538_armgcc\bsp\boards\openmote-cc2538\source/debug.c **** *
   6:build\openmote-cc2538_armgcc\bsp\boards\openmote-cc2538\source/debug.c **** *  Description:    Debug stub.
   7:build\openmote-cc2538_armgcc\bsp\boards\openmote-cc2538\source/debug.c **** *
   8:build\openmote-cc2538_armgcc\bsp\boards\openmote-cc2538\source/debug.c **** *  Copyright (C) 2012 Texas Instruments Incorporated - http://www.ti.com/
   9:build\openmote-cc2538_armgcc\bsp\boards\openmote-cc2538\source/debug.c **** *
  10:build\openmote-cc2538_armgcc\bsp\boards\openmote-cc2538\source/debug.c **** *
  11:build\openmote-cc2538_armgcc\bsp\boards\openmote-cc2538\source/debug.c **** *  Redistribution and use in source and binary forms, with or without
  12:build\openmote-cc2538_armgcc\bsp\boards\openmote-cc2538\source/debug.c **** *  modification, are permitted provided that the following conditions
  13:build\openmote-cc2538_armgcc\bsp\boards\openmote-cc2538\source/debug.c **** *  are met:
  14:build\openmote-cc2538_armgcc\bsp\boards\openmote-cc2538\source/debug.c **** *
  15:build\openmote-cc2538_armgcc\bsp\boards\openmote-cc2538\source/debug.c **** *    Redistributions of source code must retain the above copyright
  16:build\openmote-cc2538_armgcc\bsp\boards\openmote-cc2538\source/debug.c **** *    notice, this list of conditions and the following disclaimer.
  17:build\openmote-cc2538_armgcc\bsp\boards\openmote-cc2538\source/debug.c **** *
  18:build\openmote-cc2538_armgcc\bsp\boards\openmote-cc2538\source/debug.c **** *    Redistributions in binary form must reproduce the above copyright
  19:build\openmote-cc2538_armgcc\bsp\boards\openmote-cc2538\source/debug.c **** *    notice, this list of conditions and the following disclaimer in the
  20:build\openmote-cc2538_armgcc\bsp\boards\openmote-cc2538\source/debug.c **** *    documentation and/or other materials provided with the distribution.
  21:build\openmote-cc2538_armgcc\bsp\boards\openmote-cc2538\source/debug.c **** *
  22:build\openmote-cc2538_armgcc\bsp\boards\openmote-cc2538\source/debug.c **** *    Neither the name of Texas Instruments Incorporated nor the names of
  23:build\openmote-cc2538_armgcc\bsp\boards\openmote-cc2538\source/debug.c **** *    its contributors may be used to endorse or promote products derived
  24:build\openmote-cc2538_armgcc\bsp\boards\openmote-cc2538\source/debug.c **** *    from this software without specific prior written permission.
  25:build\openmote-cc2538_armgcc\bsp\boards\openmote-cc2538\source/debug.c **** *
  26:build\openmote-cc2538_armgcc\bsp\boards\openmote-cc2538\source/debug.c **** *  THIS SOFTWARE IS PROVIDED BY THE COPYRIGHT HOLDERS AND CONTRIBUTORS
  27:build\openmote-cc2538_armgcc\bsp\boards\openmote-cc2538\source/debug.c **** *  "AS IS" AND ANY EXPRESS OR IMPLIED WARRANTIES, INCLUDING, BUT NOT
  28:build\openmote-cc2538_armgcc\bsp\boards\openmote-cc2538\source/debug.c **** *  LIMITED TO, THE IMPLIED WARRANTIES OF MERCHANTABILITY AND FITNESS FOR
  29:build\openmote-cc2538_armgcc\bsp\boards\openmote-cc2538\source/debug.c **** *  A PARTICULAR PURPOSE ARE DISCLAIMED. IN NO EVENT SHALL THE COPYRIGHT
  30:build\openmote-cc2538_armgcc\bsp\boards\openmote-cc2538\source/debug.c **** *  OWNER OR CONTRIBUTORS BE LIABLE FOR ANY DIRECT, INDIRECT, INCIDENTAL,
  31:build\openmote-cc2538_armgcc\bsp\boards\openmote-cc2538\source/debug.c **** *  SPECIAL, EXEMPLARY, OR CONSEQUENTIAL DAMAGES (INCLUDING, BUT NOT
  32:build\openmote-cc2538_armgcc\bsp\boards\openmote-cc2538\source/debug.c **** *  LIMITED TO, PROCUREMENT OF SUBSTITUTE GOODS OR SERVICES; LOSS OF USE,
  33:build\openmote-cc2538_armgcc\bsp\boards\openmote-cc2538\source/debug.c **** *  DATA, OR PROFITS; OR BUSINESS INTERRUPTION) HOWEVER CAUSED AND ON ANY
  34:build\openmote-cc2538_armgcc\bsp\boards\openmote-cc2538\source/debug.c **** *  THEORY OF LIABILITY, WHETHER IN CONTRACT, STRICT LIABILITY, OR TORT
  35:build\openmote-cc2538_armgcc\bsp\boards\openmote-cc2538\source/debug.c **** *  (INCLUDING NEGLIGENCE OR OTHERWISE) ARISING IN ANY WAY OUT OF THE USE
  36:build\openmote-cc2538_armgcc\bsp\boards\openmote-cc2538\source/debug.c **** *  OF THIS SOFTWARE, EVEN IF ADVISED OF THE POSSIBILITY OF SUCH DAMAGE.
  37:build\openmote-cc2538_armgcc\bsp\boards\openmote-cc2538\source/debug.c **** *
  38:build\openmote-cc2538_armgcc\bsp\boards\openmote-cc2538\source/debug.c **** ******************************************************************************/
  39:build\openmote-cc2538_armgcc\bsp\boards\openmote-cc2538\source/debug.c **** 
  40:build\openmote-cc2538_armgcc\bsp\boards\openmote-cc2538\source/debug.c **** //*****************************************************************************
  41:build\openmote-cc2538_armgcc\bsp\boards\openmote-cc2538\source/debug.c **** //
  42:build\openmote-cc2538_armgcc\bsp\boards\openmote-cc2538\source/debug.c **** //! \addtogroup debug_api
  43:build\openmote-cc2538_armgcc\bsp\boards\openmote-cc2538\source/debug.c **** //! @{
  44:build\openmote-cc2538_armgcc\bsp\boards\openmote-cc2538\source/debug.c **** //
  45:build\openmote-cc2538_armgcc\bsp\boards\openmote-cc2538\source/debug.c **** //*****************************************************************************
  46:build\openmote-cc2538_armgcc\bsp\boards\openmote-cc2538\source/debug.c **** 
  47:build\openmote-cc2538_armgcc\bsp\boards\openmote-cc2538\source/debug.c **** #include "debug.h"
  48:build\openmote-cc2538_armgcc\bsp\boards\openmote-cc2538\source/debug.c **** 
  49:build\openmote-cc2538_armgcc\bsp\boards\openmote-cc2538\source/debug.c **** //*****************************************************************************
  50:build\openmote-cc2538_armgcc\bsp\boards\openmote-cc2538\source/debug.c **** //
  51:build\openmote-cc2538_armgcc\bsp\boards\openmote-cc2538\source/debug.c **** //!
  52:build\openmote-cc2538_armgcc\bsp\boards\openmote-cc2538\source/debug.c **** //! Function stub for allowing compile with ENABLE_ASSERT flag asserted.
  53:build\openmote-cc2538_armgcc\bsp\boards\openmote-cc2538\source/debug.c **** //!
  54:build\openmote-cc2538_armgcc\bsp\boards\openmote-cc2538\source/debug.c **** //
  55:build\openmote-cc2538_armgcc\bsp\boards\openmote-cc2538\source/debug.c **** //*****************************************************************************
  56:build\openmote-cc2538_armgcc\bsp\boards\openmote-cc2538\source/debug.c **** void
  57:build\openmote-cc2538_armgcc\bsp\boards\openmote-cc2538\source/debug.c **** __error__(char *pcFilename, uint32_t ui32Line)
  58:build\openmote-cc2538_armgcc\bsp\boards\openmote-cc2538\source/debug.c **** {
  25              		.loc 1 58 0
  26              		.cfi_startproc
  27              		@ args = 0, pretend = 0, frame = 8
  28              		@ frame_needed = 1, uses_anonymous_args = 0
  29              		@ link register save eliminated.
  30 0000 80B4     		push	{r7}
  31              		.cfi_def_cfa_offset 4
  32              		.cfi_offset 7, -4
  33 0002 83B0     		sub	sp, sp, #12
  34              		.cfi_def_cfa_offset 16
  35 0004 00AF     		add	r7, sp, #0
  36              		.cfi_def_cfa_register 7
  37 0006 7860     		str	r0, [r7, #4]
  38 0008 3960     		str	r1, [r7]
  39              	.L2:
  59:build\openmote-cc2538_armgcc\bsp\boards\openmote-cc2538\source/debug.c ****     //
  60:build\openmote-cc2538_armgcc\bsp\boards\openmote-cc2538\source/debug.c ****     // Enter an infinite loop.
  61:build\openmote-cc2538_armgcc\bsp\boards\openmote-cc2538\source/debug.c ****     //
  62:build\openmote-cc2538_armgcc\bsp\boards\openmote-cc2538\source/debug.c ****     while(1)
  40              		.loc 1 62 0 discriminator 1
  41 000a FEE7     		b	.L2
  42              		.cfi_endproc
  43              	.LFE0:
  45              	.Letext0:
  46              		.file 2 "c:\\program files (x86)\\gnu tools arm embedded\\7 2018-q2-update\\arm-none-eabi\\include
  47              		.file 3 "c:\\program files (x86)\\gnu tools arm embedded\\7 2018-q2-update\\arm-none-eabi\\include
DEFINED SYMBOLS
                            *ABS*:00000000 debug.c
C:\Users\Lee\AppData\Local\Temp\cc0hRu6c.s:15     .text:00000000 $t
C:\Users\Lee\AppData\Local\Temp\cc0hRu6c.s:22     .text:00000000 __error__
                           .group:00000000 wm4.0.93d65e4ff05d5af51629690e5b534e57
                           .group:00000000 wm4._newlib_version.h.4.875b979a44719054cd750d0952ad3fd6
                           .group:00000000 wm4.features.h.33.318b64d71e0957639cfb30f1db1f7ec8
                           .group:00000000 wm4._default_types.h.15.247e5cd201eca3442cbf5404108c4935
                           .group:00000000 wm4._intsup.h.10.cce27fed8484c08a33f522034c30d2b5
                           .group:00000000 wm4._stdint.h.10.c24fa3af3bc1706662bb5593a907e841
                           .group:00000000 wm4.stdint.h.23.d53047a68f4a85177f80b422d52785ed
                           .group:00000000 wm4.stdbool.h.29.07dce69c3b78884144b7f7bd19483461
                           .group:00000000 wm4.hw_types.h.67.b10589a0806dcc2d274d6fab6b736519

NO UNDEFINED SYMBOLS
