   1              		.cpu cortex-m3
   2              		.eabi_attribute 20, 1
   3              		.eabi_attribute 21, 1
   4              		.eabi_attribute 23, 3
   5              		.eabi_attribute 24, 1
   6              		.eabi_attribute 25, 1
   7              		.eabi_attribute 26, 1
   8              		.eabi_attribute 30, 6
   9              		.eabi_attribute 34, 1
  10              		.eabi_attribute 18, 4
  11              		.file	"watchdog.c"
  12              		.text
  13              	.Ltext0:
  14              		.cfi_sections	.debug_frame
  15              		.align	1
  16              		.global	WatchdogEnable
  17              		.syntax unified
  18              		.thumb
  19              		.thumb_func
  20              		.fpu softvfp
  22              	WatchdogEnable:
  23              	.LFB0:
  24              		.file 1 "build\\openmote-cc2538_armgcc\\bsp\\boards\\openmote-cc2538\\source\\watchdog.c"
   1:build\openmote-cc2538_armgcc\bsp\boards\openmote-cc2538\source/watchdog.c **** /******************************************************************************
   2:build\openmote-cc2538_armgcc\bsp\boards\openmote-cc2538\source/watchdog.c **** *  Filename:       watchdog.c
   3:build\openmote-cc2538_armgcc\bsp\boards\openmote-cc2538\source/watchdog.c **** *  Revised:        $Date: 2013-04-04 15:31:10 +0200 (Thu, 04 Apr 2013) $
   4:build\openmote-cc2538_armgcc\bsp\boards\openmote-cc2538\source/watchdog.c **** *  Revision:       $Revision: 9634 $
   5:build\openmote-cc2538_armgcc\bsp\boards\openmote-cc2538\source/watchdog.c **** *
   6:build\openmote-cc2538_armgcc\bsp\boards\openmote-cc2538\source/watchdog.c **** *  Description:    Driver for the Watchdog Timer Module.
   7:build\openmote-cc2538_armgcc\bsp\boards\openmote-cc2538\source/watchdog.c **** *
   8:build\openmote-cc2538_armgcc\bsp\boards\openmote-cc2538\source/watchdog.c **** *  Copyright (C) 2012 Texas Instruments Incorporated - http://www.ti.com/
   9:build\openmote-cc2538_armgcc\bsp\boards\openmote-cc2538\source/watchdog.c **** *
  10:build\openmote-cc2538_armgcc\bsp\boards\openmote-cc2538\source/watchdog.c **** *
  11:build\openmote-cc2538_armgcc\bsp\boards\openmote-cc2538\source/watchdog.c **** *  Redistribution and use in source and binary forms, with or without
  12:build\openmote-cc2538_armgcc\bsp\boards\openmote-cc2538\source/watchdog.c **** *  modification, are permitted provided that the following conditions
  13:build\openmote-cc2538_armgcc\bsp\boards\openmote-cc2538\source/watchdog.c **** *  are met:
  14:build\openmote-cc2538_armgcc\bsp\boards\openmote-cc2538\source/watchdog.c **** *
  15:build\openmote-cc2538_armgcc\bsp\boards\openmote-cc2538\source/watchdog.c **** *    Redistributions of source code must retain the above copyright
  16:build\openmote-cc2538_armgcc\bsp\boards\openmote-cc2538\source/watchdog.c **** *    notice, this list of conditions and the following disclaimer.
  17:build\openmote-cc2538_armgcc\bsp\boards\openmote-cc2538\source/watchdog.c **** *
  18:build\openmote-cc2538_armgcc\bsp\boards\openmote-cc2538\source/watchdog.c **** *    Redistributions in binary form must reproduce the above copyright
  19:build\openmote-cc2538_armgcc\bsp\boards\openmote-cc2538\source/watchdog.c **** *    notice, this list of conditions and the following disclaimer in the
  20:build\openmote-cc2538_armgcc\bsp\boards\openmote-cc2538\source/watchdog.c **** *    documentation and/or other materials provided with the distribution.
  21:build\openmote-cc2538_armgcc\bsp\boards\openmote-cc2538\source/watchdog.c **** *
  22:build\openmote-cc2538_armgcc\bsp\boards\openmote-cc2538\source/watchdog.c **** *    Neither the name of Texas Instruments Incorporated nor the names of
  23:build\openmote-cc2538_armgcc\bsp\boards\openmote-cc2538\source/watchdog.c **** *    its contributors may be used to endorse or promote products derived
  24:build\openmote-cc2538_armgcc\bsp\boards\openmote-cc2538\source/watchdog.c **** *    from this software without specific prior written permission.
  25:build\openmote-cc2538_armgcc\bsp\boards\openmote-cc2538\source/watchdog.c **** *
  26:build\openmote-cc2538_armgcc\bsp\boards\openmote-cc2538\source/watchdog.c **** *  THIS SOFTWARE IS PROVIDED BY THE COPYRIGHT HOLDERS AND CONTRIBUTORS
  27:build\openmote-cc2538_armgcc\bsp\boards\openmote-cc2538\source/watchdog.c **** *  "AS IS" AND ANY EXPRESS OR IMPLIED WARRANTIES, INCLUDING, BUT NOT
  28:build\openmote-cc2538_armgcc\bsp\boards\openmote-cc2538\source/watchdog.c **** *  LIMITED TO, THE IMPLIED WARRANTIES OF MERCHANTABILITY AND FITNESS FOR
  29:build\openmote-cc2538_armgcc\bsp\boards\openmote-cc2538\source/watchdog.c **** *  A PARTICULAR PURPOSE ARE DISCLAIMED. IN NO EVENT SHALL THE COPYRIGHT
  30:build\openmote-cc2538_armgcc\bsp\boards\openmote-cc2538\source/watchdog.c **** *  OWNER OR CONTRIBUTORS BE LIABLE FOR ANY DIRECT, INDIRECT, INCIDENTAL,
  31:build\openmote-cc2538_armgcc\bsp\boards\openmote-cc2538\source/watchdog.c **** *  SPECIAL, EXEMPLARY, OR CONSEQUENTIAL DAMAGES (INCLUDING, BUT NOT
  32:build\openmote-cc2538_armgcc\bsp\boards\openmote-cc2538\source/watchdog.c **** *  LIMITED TO, PROCUREMENT OF SUBSTITUTE GOODS OR SERVICES; LOSS OF USE,
  33:build\openmote-cc2538_armgcc\bsp\boards\openmote-cc2538\source/watchdog.c **** *  DATA, OR PROFITS; OR BUSINESS INTERRUPTION) HOWEVER CAUSED AND ON ANY
  34:build\openmote-cc2538_armgcc\bsp\boards\openmote-cc2538\source/watchdog.c **** *  THEORY OF LIABILITY, WHETHER IN CONTRACT, STRICT LIABILITY, OR TORT
  35:build\openmote-cc2538_armgcc\bsp\boards\openmote-cc2538\source/watchdog.c **** *  (INCLUDING NEGLIGENCE OR OTHERWISE) ARISING IN ANY WAY OUT OF THE USE
  36:build\openmote-cc2538_armgcc\bsp\boards\openmote-cc2538\source/watchdog.c **** *  OF THIS SOFTWARE, EVEN IF ADVISED OF THE POSSIBILITY OF SUCH DAMAGE.
  37:build\openmote-cc2538_armgcc\bsp\boards\openmote-cc2538\source/watchdog.c **** *
  38:build\openmote-cc2538_armgcc\bsp\boards\openmote-cc2538\source/watchdog.c **** ******************************************************************************/
  39:build\openmote-cc2538_armgcc\bsp\boards\openmote-cc2538\source/watchdog.c **** 
  40:build\openmote-cc2538_armgcc\bsp\boards\openmote-cc2538\source/watchdog.c **** //*****************************************************************************
  41:build\openmote-cc2538_armgcc\bsp\boards\openmote-cc2538\source/watchdog.c **** //
  42:build\openmote-cc2538_armgcc\bsp\boards\openmote-cc2538\source/watchdog.c **** //! \addtogroup watchdog_api
  43:build\openmote-cc2538_armgcc\bsp\boards\openmote-cc2538\source/watchdog.c **** //! @{
  44:build\openmote-cc2538_armgcc\bsp\boards\openmote-cc2538\source/watchdog.c **** //
  45:build\openmote-cc2538_armgcc\bsp\boards\openmote-cc2538\source/watchdog.c **** //*****************************************************************************
  46:build\openmote-cc2538_armgcc\bsp\boards\openmote-cc2538\source/watchdog.c **** 
  47:build\openmote-cc2538_armgcc\bsp\boards\openmote-cc2538\source/watchdog.c **** #include <headers/hw_ints.h>
  48:build\openmote-cc2538_armgcc\bsp\boards\openmote-cc2538\source/watchdog.c **** #include <headers/hw_memmap.h>
  49:build\openmote-cc2538_armgcc\bsp\boards\openmote-cc2538\source/watchdog.c **** #include <headers/hw_smwdthrosc.h>
  50:build\openmote-cc2538_armgcc\bsp\boards\openmote-cc2538\source/watchdog.c **** #include "debug.h"
  51:build\openmote-cc2538_armgcc\bsp\boards\openmote-cc2538\source/watchdog.c **** #include "interrupt.h"
  52:build\openmote-cc2538_armgcc\bsp\boards\openmote-cc2538\source/watchdog.c **** #include "watchdog.h"
  53:build\openmote-cc2538_armgcc\bsp\boards\openmote-cc2538\source/watchdog.c **** 
  54:build\openmote-cc2538_armgcc\bsp\boards\openmote-cc2538\source/watchdog.c **** //*****************************************************************************
  55:build\openmote-cc2538_armgcc\bsp\boards\openmote-cc2538\source/watchdog.c **** //
  56:build\openmote-cc2538_armgcc\bsp\boards\openmote-cc2538\source/watchdog.c **** //! Enables the watchdog timer
  57:build\openmote-cc2538_armgcc\bsp\boards\openmote-cc2538\source/watchdog.c **** //!
  58:build\openmote-cc2538_armgcc\bsp\boards\openmote-cc2538\source/watchdog.c **** //! \param ui32Interval is the timer interval setting.
  59:build\openmote-cc2538_armgcc\bsp\boards\openmote-cc2538\source/watchdog.c **** //!
  60:build\openmote-cc2538_armgcc\bsp\boards\openmote-cc2538\source/watchdog.c **** //! This function sets the timer interval and enables the watchdog timer.
  61:build\openmote-cc2538_armgcc\bsp\boards\openmote-cc2538\source/watchdog.c **** //! A timeout causes a chip reset.
  62:build\openmote-cc2538_armgcc\bsp\boards\openmote-cc2538\source/watchdog.c **** //!
  63:build\openmote-cc2538_armgcc\bsp\boards\openmote-cc2538\source/watchdog.c **** //! The \e ui32Interval argument must be only one of the following values:
  64:build\openmote-cc2538_armgcc\bsp\boards\openmote-cc2538\source/watchdog.c **** //! \b WATCHDOG_INTERVAL_32768, \b WATCHDOG_INTERVAL_8192,
  65:build\openmote-cc2538_armgcc\bsp\boards\openmote-cc2538\source/watchdog.c **** //! \b WATCHDOG_INTERVAL_512,   \b WATCHDOG_INTERVAL_64.
  66:build\openmote-cc2538_armgcc\bsp\boards\openmote-cc2538\source/watchdog.c **** //!
  67:build\openmote-cc2538_armgcc\bsp\boards\openmote-cc2538\source/watchdog.c **** //! \sa WatchdogDisable()
  68:build\openmote-cc2538_armgcc\bsp\boards\openmote-cc2538\source/watchdog.c **** //!
  69:build\openmote-cc2538_armgcc\bsp\boards\openmote-cc2538\source/watchdog.c **** //! \return None
  70:build\openmote-cc2538_armgcc\bsp\boards\openmote-cc2538\source/watchdog.c **** //
  71:build\openmote-cc2538_armgcc\bsp\boards\openmote-cc2538\source/watchdog.c **** //*****************************************************************************
  72:build\openmote-cc2538_armgcc\bsp\boards\openmote-cc2538\source/watchdog.c **** void
  73:build\openmote-cc2538_armgcc\bsp\boards\openmote-cc2538\source/watchdog.c **** WatchdogEnable(uint32_t ui32Interval)
  74:build\openmote-cc2538_armgcc\bsp\boards\openmote-cc2538\source/watchdog.c **** {
  25              		.loc 1 74 0
  26              		.cfi_startproc
  27              		@ args = 0, pretend = 0, frame = 16
  28              		@ frame_needed = 1, uses_anonymous_args = 0
  29              		@ link register save eliminated.
  30 0000 80B4     		push	{r7}
  31              		.cfi_def_cfa_offset 4
  32              		.cfi_offset 7, -4
  33 0002 85B0     		sub	sp, sp, #20
  34              		.cfi_def_cfa_offset 24
  35 0004 00AF     		add	r7, sp, #0
  36              		.cfi_def_cfa_register 7
  37 0006 7860     		str	r0, [r7, #4]
  75:build\openmote-cc2538_armgcc\bsp\boards\openmote-cc2538\source/watchdog.c ****     uint32_t ui32Regval;
  76:build\openmote-cc2538_armgcc\bsp\boards\openmote-cc2538\source/watchdog.c ****     //
  77:build\openmote-cc2538_armgcc\bsp\boards\openmote-cc2538\source/watchdog.c ****     // Check the arguments.
  78:build\openmote-cc2538_armgcc\bsp\boards\openmote-cc2538\source/watchdog.c ****     //
  79:build\openmote-cc2538_armgcc\bsp\boards\openmote-cc2538\source/watchdog.c ****     ASSERT(ui32Interval == WATCHDOG_INTERVAL_32768 ||
  80:build\openmote-cc2538_armgcc\bsp\boards\openmote-cc2538\source/watchdog.c ****            ui32Interval == WATCHDOG_INTERVAL_8192  ||
  81:build\openmote-cc2538_armgcc\bsp\boards\openmote-cc2538\source/watchdog.c ****            ui32Interval == WATCHDOG_INTERVAL_512   ||
  82:build\openmote-cc2538_armgcc\bsp\boards\openmote-cc2538\source/watchdog.c ****            ui32Interval == WATCHDOG_INTERVAL_64);
  83:build\openmote-cc2538_armgcc\bsp\boards\openmote-cc2538\source/watchdog.c **** 
  84:build\openmote-cc2538_armgcc\bsp\boards\openmote-cc2538\source/watchdog.c ****     // Disable Timer to set interval
  85:build\openmote-cc2538_armgcc\bsp\boards\openmote-cc2538\source/watchdog.c ****     HWREG(SMWDTHROSC_WDCTL) &= ~SMWDTHROSC_WDCTL_EN;
  38              		.loc 1 85 0
  39 0008 134B     		ldr	r3, .L2
  40 000a 1B68     		ldr	r3, [r3]
  41 000c 124A     		ldr	r2, .L2
  42 000e 23F00803 		bic	r3, r3, #8
  43 0012 1360     		str	r3, [r2]
  86:build\openmote-cc2538_armgcc\bsp\boards\openmote-cc2538\source/watchdog.c ****     ui32Regval = HWREG(SMWDTHROSC_WDCTL);
  44              		.loc 1 86 0
  45 0014 104B     		ldr	r3, .L2
  46 0016 1B68     		ldr	r3, [r3]
  47 0018 FB60     		str	r3, [r7, #12]
  87:build\openmote-cc2538_armgcc\bsp\boards\openmote-cc2538\source/watchdog.c ****     ui32Regval &= ~SMWDTHROSC_WDCTL_INT_M;
  48              		.loc 1 87 0
  49 001a FB68     		ldr	r3, [r7, #12]
  50 001c 23F00303 		bic	r3, r3, #3
  51 0020 FB60     		str	r3, [r7, #12]
  88:build\openmote-cc2538_armgcc\bsp\boards\openmote-cc2538\source/watchdog.c ****     ui32Regval |= ui32Interval;
  52              		.loc 1 88 0
  53 0022 FA68     		ldr	r2, [r7, #12]
  54 0024 7B68     		ldr	r3, [r7, #4]
  55 0026 1343     		orrs	r3, r3, r2
  56 0028 FB60     		str	r3, [r7, #12]
  89:build\openmote-cc2538_armgcc\bsp\boards\openmote-cc2538\source/watchdog.c ****     HWREG(SMWDTHROSC_WDCTL) = ui32Regval;
  57              		.loc 1 89 0
  58 002a 0B4A     		ldr	r2, .L2
  59 002c FB68     		ldr	r3, [r7, #12]
  60 002e 1360     		str	r3, [r2]
  90:build\openmote-cc2538_armgcc\bsp\boards\openmote-cc2538\source/watchdog.c **** 
  91:build\openmote-cc2538_armgcc\bsp\boards\openmote-cc2538\source/watchdog.c ****     //
  92:build\openmote-cc2538_armgcc\bsp\boards\openmote-cc2538\source/watchdog.c ****     // Enable the watchdog timer module.
  93:build\openmote-cc2538_armgcc\bsp\boards\openmote-cc2538\source/watchdog.c ****     //
  94:build\openmote-cc2538_armgcc\bsp\boards\openmote-cc2538\source/watchdog.c ****     ui32Regval = HWREG(SMWDTHROSC_WDCTL);
  61              		.loc 1 94 0
  62 0030 094B     		ldr	r3, .L2
  63 0032 1B68     		ldr	r3, [r3]
  64 0034 FB60     		str	r3, [r7, #12]
  95:build\openmote-cc2538_armgcc\bsp\boards\openmote-cc2538\source/watchdog.c ****     ui32Regval &= ~0x4;
  65              		.loc 1 95 0
  66 0036 FB68     		ldr	r3, [r7, #12]
  67 0038 23F00403 		bic	r3, r3, #4
  68 003c FB60     		str	r3, [r7, #12]
  96:build\openmote-cc2538_armgcc\bsp\boards\openmote-cc2538\source/watchdog.c ****     ui32Regval |= SMWDTHROSC_WDCTL_EN;
  69              		.loc 1 96 0
  70 003e FB68     		ldr	r3, [r7, #12]
  71 0040 43F00803 		orr	r3, r3, #8
  72 0044 FB60     		str	r3, [r7, #12]
  97:build\openmote-cc2538_armgcc\bsp\boards\openmote-cc2538\source/watchdog.c ****     HWREG(SMWDTHROSC_WDCTL) = ui32Regval;
  73              		.loc 1 97 0
  74 0046 044A     		ldr	r2, .L2
  75 0048 FB68     		ldr	r3, [r7, #12]
  76 004a 1360     		str	r3, [r2]
  98:build\openmote-cc2538_armgcc\bsp\boards\openmote-cc2538\source/watchdog.c **** }
  77              		.loc 1 98 0
  78 004c 00BF     		nop
  79 004e 1437     		adds	r7, r7, #20
  80              		.cfi_def_cfa_offset 4
  81 0050 BD46     		mov	sp, r7
  82              		.cfi_def_cfa_register 13
  83              		@ sp needed
  84 0052 80BC     		pop	{r7}
  85              		.cfi_restore 7
  86              		.cfi_def_cfa_offset 0
  87 0054 7047     		bx	lr
  88              	.L3:
  89 0056 00BF     		.align	2
  90              	.L2:
  91 0058 00500D40 		.word	1074614272
  92              		.cfi_endproc
  93              	.LFE0:
  95              		.align	1
  96              		.global	WatchdogClear
  97              		.syntax unified
  98              		.thumb
  99              		.thumb_func
 100              		.fpu softvfp
 102              	WatchdogClear:
 103              	.LFB1:
  99:build\openmote-cc2538_armgcc\bsp\boards\openmote-cc2538\source/watchdog.c **** 
 100:build\openmote-cc2538_armgcc\bsp\boards\openmote-cc2538\source/watchdog.c **** //*****************************************************************************
 101:build\openmote-cc2538_armgcc\bsp\boards\openmote-cc2538\source/watchdog.c **** //
 102:build\openmote-cc2538_armgcc\bsp\boards\openmote-cc2538\source/watchdog.c **** //! Clear watch dog timer
 103:build\openmote-cc2538_armgcc\bsp\boards\openmote-cc2538\source/watchdog.c **** //!
 104:build\openmote-cc2538_armgcc\bsp\boards\openmote-cc2538\source/watchdog.c **** //! This function clears the watch dog timer.
 105:build\openmote-cc2538_armgcc\bsp\boards\openmote-cc2538\source/watchdog.c **** //! Timer must be enabled for the clear operation to take effect.
 106:build\openmote-cc2538_armgcc\bsp\boards\openmote-cc2538\source/watchdog.c **** //!
 107:build\openmote-cc2538_armgcc\bsp\boards\openmote-cc2538\source/watchdog.c **** //! \return None
 108:build\openmote-cc2538_armgcc\bsp\boards\openmote-cc2538\source/watchdog.c **** //
 109:build\openmote-cc2538_armgcc\bsp\boards\openmote-cc2538\source/watchdog.c **** //*****************************************************************************
 110:build\openmote-cc2538_armgcc\bsp\boards\openmote-cc2538\source/watchdog.c **** void
 111:build\openmote-cc2538_armgcc\bsp\boards\openmote-cc2538\source/watchdog.c **** WatchdogClear(void)
 112:build\openmote-cc2538_armgcc\bsp\boards\openmote-cc2538\source/watchdog.c **** {
 104              		.loc 1 112 0
 105              		.cfi_startproc
 106              		@ args = 0, pretend = 0, frame = 8
 107              		@ frame_needed = 1, uses_anonymous_args = 0
 108              		@ link register save eliminated.
 109 005c 80B4     		push	{r7}
 110              		.cfi_def_cfa_offset 4
 111              		.cfi_offset 7, -4
 112 005e 83B0     		sub	sp, sp, #12
 113              		.cfi_def_cfa_offset 16
 114 0060 00AF     		add	r7, sp, #0
 115              		.cfi_def_cfa_register 7
 113:build\openmote-cc2538_armgcc\bsp\boards\openmote-cc2538\source/watchdog.c ****     uint32_t ui32Reg1;
 114:build\openmote-cc2538_armgcc\bsp\boards\openmote-cc2538\source/watchdog.c ****     uint32_t ui32Reg2;
 115:build\openmote-cc2538_armgcc\bsp\boards\openmote-cc2538\source/watchdog.c **** 
 116:build\openmote-cc2538_armgcc\bsp\boards\openmote-cc2538\source/watchdog.c ****     //
 117:build\openmote-cc2538_armgcc\bsp\boards\openmote-cc2538\source/watchdog.c ****     // Write 0xA followed by 0x5 to CLR field
 118:build\openmote-cc2538_armgcc\bsp\boards\openmote-cc2538\source/watchdog.c ****     // (0x5 also clears in timer mode)
 119:build\openmote-cc2538_armgcc\bsp\boards\openmote-cc2538\source/watchdog.c ****     //
 120:build\openmote-cc2538_armgcc\bsp\boards\openmote-cc2538\source/watchdog.c ****     ui32Reg1 = HWREG(SMWDTHROSC_WDCTL);
 116              		.loc 1 120 0
 117 0062 0D4B     		ldr	r3, .L5
 118 0064 1B68     		ldr	r3, [r3]
 119 0066 7B60     		str	r3, [r7, #4]
 121:build\openmote-cc2538_armgcc\bsp\boards\openmote-cc2538\source/watchdog.c ****     ui32Reg1 &= ~SMWDTHROSC_WDCTL_CLR_M;
 120              		.loc 1 121 0
 121 0068 7B68     		ldr	r3, [r7, #4]
 122 006a 23F0F003 		bic	r3, r3, #240
 123 006e 7B60     		str	r3, [r7, #4]
 122:build\openmote-cc2538_armgcc\bsp\boards\openmote-cc2538\source/watchdog.c ****     ui32Reg2 = ui32Reg1 | (0x5 << SMWDTHROSC_WDCTL_CLR_S);
 124              		.loc 1 122 0
 125 0070 7B68     		ldr	r3, [r7, #4]
 126 0072 43F05003 		orr	r3, r3, #80
 127 0076 3B60     		str	r3, [r7]
 123:build\openmote-cc2538_armgcc\bsp\boards\openmote-cc2538\source/watchdog.c ****     ui32Reg1 |= 0xa << SMWDTHROSC_WDCTL_CLR_S;
 128              		.loc 1 123 0
 129 0078 7B68     		ldr	r3, [r7, #4]
 130 007a 43F0A003 		orr	r3, r3, #160
 131 007e 7B60     		str	r3, [r7, #4]
 124:build\openmote-cc2538_armgcc\bsp\boards\openmote-cc2538\source/watchdog.c **** 
 125:build\openmote-cc2538_armgcc\bsp\boards\openmote-cc2538\source/watchdog.c ****     //
 126:build\openmote-cc2538_armgcc\bsp\boards\openmote-cc2538\source/watchdog.c ****     // The following two writes must happen within 0.5 cycle of WDT clock!
 127:build\openmote-cc2538_armgcc\bsp\boards\openmote-cc2538\source/watchdog.c ****     // for clear to actually happen.
 128:build\openmote-cc2538_armgcc\bsp\boards\openmote-cc2538\source/watchdog.c ****     // Note:  might need to "safe guard" this zone by disabling interrupts.
 129:build\openmote-cc2538_armgcc\bsp\boards\openmote-cc2538\source/watchdog.c ****     //
 130:build\openmote-cc2538_armgcc\bsp\boards\openmote-cc2538\source/watchdog.c ****     HWREG(SMWDTHROSC_WDCTL) = ui32Reg1;
 132              		.loc 1 130 0
 133 0080 054A     		ldr	r2, .L5
 134 0082 7B68     		ldr	r3, [r7, #4]
 135 0084 1360     		str	r3, [r2]
 131:build\openmote-cc2538_armgcc\bsp\boards\openmote-cc2538\source/watchdog.c ****     HWREG(SMWDTHROSC_WDCTL) = ui32Reg2;
 136              		.loc 1 131 0
 137 0086 044A     		ldr	r2, .L5
 138 0088 3B68     		ldr	r3, [r7]
 139 008a 1360     		str	r3, [r2]
 132:build\openmote-cc2538_armgcc\bsp\boards\openmote-cc2538\source/watchdog.c **** }
 140              		.loc 1 132 0
 141 008c 00BF     		nop
 142 008e 0C37     		adds	r7, r7, #12
 143              		.cfi_def_cfa_offset 4
 144 0090 BD46     		mov	sp, r7
 145              		.cfi_def_cfa_register 13
 146              		@ sp needed
 147 0092 80BC     		pop	{r7}
 148              		.cfi_restore 7
 149              		.cfi_def_cfa_offset 0
 150 0094 7047     		bx	lr
 151              	.L6:
 152 0096 00BF     		.align	2
 153              	.L5:
 154 0098 00500D40 		.word	1074614272
 155              		.cfi_endproc
 156              	.LFE1:
 158              	.Letext0:
 159              		.file 2 "c:\\program files (x86)\\gnu tools arm embedded\\7 2018-q2-update\\arm-none-eabi\\include
 160              		.file 3 "c:\\program files (x86)\\gnu tools arm embedded\\7 2018-q2-update\\arm-none-eabi\\include
DEFINED SYMBOLS
                            *ABS*:00000000 watchdog.c
C:\Users\Lee\AppData\Local\Temp\ccm8175D.s:15     .text:00000000 $t
C:\Users\Lee\AppData\Local\Temp\ccm8175D.s:22     .text:00000000 WatchdogEnable
C:\Users\Lee\AppData\Local\Temp\ccm8175D.s:91     .text:00000058 $d
C:\Users\Lee\AppData\Local\Temp\ccm8175D.s:95     .text:0000005c $t
C:\Users\Lee\AppData\Local\Temp\ccm8175D.s:102    .text:0000005c WatchdogClear
C:\Users\Lee\AppData\Local\Temp\ccm8175D.s:154    .text:00000098 $d
                           .group:00000000 wm4.0.93d65e4ff05d5af51629690e5b534e57
                           .group:00000000 wm4.hw_ints.h.42.85b9479f2be35b086f1bb7cbb15bc097
                           .group:00000000 wm4.hw_memmap.h.39.19283c377d449c9bca5fdd8ccb62628c
                           .group:00000000 wm4.hw_smwdthrosc.h.39.ab42722bc5551495328d9a67238c9bbc
                           .group:00000000 wm4._newlib_version.h.4.875b979a44719054cd750d0952ad3fd6
                           .group:00000000 wm4.features.h.33.318b64d71e0957639cfb30f1db1f7ec8
                           .group:00000000 wm4._default_types.h.15.247e5cd201eca3442cbf5404108c4935
                           .group:00000000 wm4._intsup.h.10.cce27fed8484c08a33f522034c30d2b5
                           .group:00000000 wm4._stdint.h.10.c24fa3af3bc1706662bb5593a907e841
                           .group:00000000 wm4.stdint.h.23.d53047a68f4a85177f80b422d52785ed
                           .group:00000000 wm4.stdbool.h.29.07dce69c3b78884144b7f7bd19483461
                           .group:00000000 wm4.hw_types.h.67.b10589a0806dcc2d274d6fab6b736519
                           .group:00000000 wm4.interrupt.h.41.272fc4ec0e276feb439e7974d0f77eaf
                           .group:00000000 wm4.watchdog.h.41.4d890ddcf93e25ea4cd0b933e3b6214e

NO UNDEFINED SYMBOLS
