   1              		.cpu cortex-m3
   2              		.eabi_attribute 20, 1
   3              		.eabi_attribute 21, 1
   4              		.eabi_attribute 23, 3
   5              		.eabi_attribute 24, 1
   6              		.eabi_attribute 25, 1
   7              		.eabi_attribute 26, 1
   8              		.eabi_attribute 30, 6
   9              		.eabi_attribute 34, 1
  10              		.eabi_attribute 18, 4
  11              		.file	"openudp.c"
  12              		.text
  13              	.Ltext0:
  14              		.cfi_sections	.debug_frame
  15              		.section	.rodata
  16              		.align	2
  19              	rreg_uriquery:
  20 0000 683D7563 		.ascii	"h=ucb\000"
  20      6200
  21 0006 0000     		.align	2
  24              	infoBoardname:
  25 0008 43433235 		.ascii	"CC2538\000"
  25      333800
  26 000f 00       		.align	2
  29              	infouCName:
  30 0010 43433235 		.ascii	"CC2538\000"
  30      333800
  31 0017 00       		.align	2
  34              	infoRadioName:
  35 0018 43433235 		.ascii	"CC2538 SoC\000"
  35      33382053 
  35      6F4300
  36 0023 00       		.align	2
  39              	infoStackName:
  40 0024 4F70656E 		.ascii	"OpenWSN \000"
  40      57534E20 
  40      00
  41 002d 000000   		.align	2
  44              	ipAddr_ipsoRD:
  45 0030 26       		.byte	38
  46 0031 07       		.byte	7
  47 0032 F7       		.byte	-9
  48 0033 40       		.byte	64
  49 0034 00       		.byte	0
  50 0035 00       		.byte	0
  51 0036 00       		.byte	0
  52 0037 3F       		.byte	63
  53 0038 00       		.byte	0
  54 0039 00       		.byte	0
  55 003a 00       		.byte	0
  56 003b 00       		.byte	0
  57 003c 00       		.byte	0
  58 003d 00       		.byte	0
  59 003e 0E       		.byte	14
  60 003f 29       		.byte	41
  61              		.align	2
  64              	ipAddr_motesEecs:
  65 0040 20       		.byte	32
  66 0041 01       		.byte	1
  67 0042 04       		.byte	4
  68 0043 70       		.byte	112
  69 0044 00       		.byte	0
  70 0045 66       		.byte	102
  71 0046 00       		.byte	0
  72 0047 19       		.byte	25
  73 0048 00       		.byte	0
  74 0049 00       		.byte	0
  75 004a 00       		.byte	0
  76 004b 00       		.byte	0
  77 004c 00       		.byte	0
  78 004d 00       		.byte	0
  79 004e 00       		.byte	0
  80 004f 02       		.byte	2
  81              		.align	2
  84              	ipAddr_local:
  85 0050 26       		.byte	38
  86 0051 07       		.byte	7
  87 0052 F1       		.byte	-15
  88 0053 40       		.byte	64
  89 0054 04       		.byte	4
  90 0055 00       		.byte	0
  91 0056 10       		.byte	16
  92 0057 36       		.byte	54
  93 0058 4D       		.byte	77
  94 0059 CD       		.byte	-51
  95 005a AB       		.byte	-85
  96 005b 54       		.byte	84
  97 005c 81       		.byte	-127
  98 005d 99       		.byte	-103
  99 005e C1       		.byte	-63
 100 005f F7       		.byte	-9
 101              		.align	2
 104              	ipAddr_motedata:
 105 0060 20       		.byte	32
 106 0061 01       		.byte	1
 107 0062 04       		.byte	4
 108 0063 70       		.byte	112
 109 0064 00       		.byte	0
 110 0065 66       		.byte	102
 111 0066 00       		.byte	0
 112 0067 17       		.byte	23
 113 0068 00       		.byte	0
 114 0069 00       		.byte	0
 115 006a 00       		.byte	0
 116 006b 00       		.byte	0
 117 006c 00       		.byte	0
 118 006d 00       		.byte	0
 119 006e 00       		.byte	0
 120 006f 02       		.byte	2
 121              		.align	2
 124              	ipAddr_ringmaster:
 125 0070 BB       		.byte	-69
 126 0071 BB       		.byte	-69
 127 0072 00       		.byte	0
 128 0073 00       		.byte	0
 129 0074 00       		.byte	0
 130 0075 00       		.byte	0
 131 0076 00       		.byte	0
 132 0077 00       		.byte	0
 133 0078 00       		.byte	0
 134 0079 00       		.byte	0
 135 007a 00       		.byte	0
 136 007b 00       		.byte	0
 137 007c 00       		.byte	0
 138 007d 00       		.byte	0
 139 007e 00       		.byte	0
 140 007f 01       		.byte	1
 141              		.comm	openudp_vars,4,4
 142              		.text
 143              		.align	1
 144              		.global	openudp_init
 145              		.syntax unified
 146              		.thumb
 147              		.thumb_func
 148              		.fpu softvfp
 150              	openudp_init:
 151              	.LFB3:
 152              		.file 1 "build\\openmote-cc2538_armgcc\\openstack\\04-TRAN\\openudp.c"
   1:build\openmote-cc2538_armgcc\openstack\04-TRAN/openudp.c **** #include "opendefs.h"
   2:build\openmote-cc2538_armgcc\openstack\04-TRAN/openudp.c **** #include "openudp.h"
   3:build\openmote-cc2538_armgcc\openstack\04-TRAN/openudp.c **** #include "openserial.h"
   4:build\openmote-cc2538_armgcc\openstack\04-TRAN/openudp.c **** #include "packetfunctions.h"
   5:build\openmote-cc2538_armgcc\openstack\04-TRAN/openudp.c **** #include "forwarding.h"
   6:build\openmote-cc2538_armgcc\openstack\04-TRAN/openudp.c **** #include "openqueue.h"
   7:build\openmote-cc2538_armgcc\openstack\04-TRAN/openudp.c **** // applications
   8:build\openmote-cc2538_armgcc\openstack\04-TRAN/openudp.c **** #include "opencoap.h"
   9:build\openmote-cc2538_armgcc\openstack\04-TRAN/openudp.c **** #include "uecho.h"
  10:build\openmote-cc2538_armgcc\openstack\04-TRAN/openudp.c **** #include "uinject.h"
  11:build\openmote-cc2538_armgcc\openstack\04-TRAN/openudp.c **** #include "userialbridge.h"
  12:build\openmote-cc2538_armgcc\openstack\04-TRAN/openudp.c **** #include "rrt.h"
  13:build\openmote-cc2538_armgcc\openstack\04-TRAN/openudp.c **** 
  14:build\openmote-cc2538_armgcc\openstack\04-TRAN/openudp.c **** //=========================== variables =======================================
  15:build\openmote-cc2538_armgcc\openstack\04-TRAN/openudp.c **** 
  16:build\openmote-cc2538_armgcc\openstack\04-TRAN/openudp.c **** openudp_vars_t openudp_vars;
  17:build\openmote-cc2538_armgcc\openstack\04-TRAN/openudp.c **** 
  18:build\openmote-cc2538_armgcc\openstack\04-TRAN/openudp.c **** //=========================== prototypes ======================================
  19:build\openmote-cc2538_armgcc\openstack\04-TRAN/openudp.c **** 
  20:build\openmote-cc2538_armgcc\openstack\04-TRAN/openudp.c **** static void openudp_sendDone_default_handler(OpenQueueEntry_t* msg, owerror_t error);
  21:build\openmote-cc2538_armgcc\openstack\04-TRAN/openudp.c **** static void openudp_receive_default_handler(OpenQueueEntry_t* msg);
  22:build\openmote-cc2538_armgcc\openstack\04-TRAN/openudp.c **** 
  23:build\openmote-cc2538_armgcc\openstack\04-TRAN/openudp.c **** //=========================== public ==========================================
  24:build\openmote-cc2538_armgcc\openstack\04-TRAN/openudp.c **** 
  25:build\openmote-cc2538_armgcc\openstack\04-TRAN/openudp.c **** void openudp_init(void) {
 153              		.loc 1 25 0
 154              		.cfi_startproc
 155              		@ args = 0, pretend = 0, frame = 0
 156              		@ frame_needed = 1, uses_anonymous_args = 0
 157              		@ link register save eliminated.
 158 0000 80B4     		push	{r7}
 159              		.cfi_def_cfa_offset 4
 160              		.cfi_offset 7, -4
 161 0002 00AF     		add	r7, sp, #0
 162              		.cfi_def_cfa_register 7
  26:build\openmote-cc2538_armgcc\openstack\04-TRAN/openudp.c ****    // initialize the resource linked list
  27:build\openmote-cc2538_armgcc\openstack\04-TRAN/openudp.c ****    openudp_vars.resources = NULL;
 163              		.loc 1 27 0
 164 0004 034B     		ldr	r3, .L2
 165 0006 0022     		movs	r2, #0
 166 0008 1A60     		str	r2, [r3]
  28:build\openmote-cc2538_armgcc\openstack\04-TRAN/openudp.c **** }
 167              		.loc 1 28 0
 168 000a 00BF     		nop
 169 000c BD46     		mov	sp, r7
 170              		.cfi_def_cfa_register 13
 171              		@ sp needed
 172 000e 80BC     		pop	{r7}
 173              		.cfi_restore 7
 174              		.cfi_def_cfa_offset 0
 175 0010 7047     		bx	lr
 176              	.L3:
 177 0012 00BF     		.align	2
 178              	.L2:
 179 0014 00000000 		.word	openudp_vars
 180              		.cfi_endproc
 181              	.LFE3:
 183              		.align	1
 184              		.global	openudp_register
 185              		.syntax unified
 186              		.thumb
 187              		.thumb_func
 188              		.fpu softvfp
 190              	openudp_register:
 191              	.LFB4:
  29:build\openmote-cc2538_armgcc\openstack\04-TRAN/openudp.c **** 
  30:build\openmote-cc2538_armgcc\openstack\04-TRAN/openudp.c **** void openudp_register(udp_resource_desc_t* desc) {
 192              		.loc 1 30 0
 193              		.cfi_startproc
 194              		@ args = 0, pretend = 0, frame = 8
 195              		@ frame_needed = 1, uses_anonymous_args = 0
 196              		@ link register save eliminated.
 197 0018 80B4     		push	{r7}
 198              		.cfi_def_cfa_offset 4
 199              		.cfi_offset 7, -4
 200 001a 83B0     		sub	sp, sp, #12
 201              		.cfi_def_cfa_offset 16
 202 001c 00AF     		add	r7, sp, #0
 203              		.cfi_def_cfa_register 7
 204 001e 7860     		str	r0, [r7, #4]
  31:build\openmote-cc2538_armgcc\openstack\04-TRAN/openudp.c ****    // chain the new resource to head of resource list
  32:build\openmote-cc2538_armgcc\openstack\04-TRAN/openudp.c ****    desc->next = openudp_vars.resources;
 205              		.loc 1 32 0
 206 0020 054B     		ldr	r3, .L5
 207 0022 1A68     		ldr	r2, [r3]
 208 0024 7B68     		ldr	r3, [r7, #4]
 209 0026 DA60     		str	r2, [r3, #12]
  33:build\openmote-cc2538_armgcc\openstack\04-TRAN/openudp.c ****    openudp_vars.resources = desc;
 210              		.loc 1 33 0
 211 0028 034A     		ldr	r2, .L5
 212 002a 7B68     		ldr	r3, [r7, #4]
 213 002c 1360     		str	r3, [r2]
  34:build\openmote-cc2538_armgcc\openstack\04-TRAN/openudp.c **** }
 214              		.loc 1 34 0
 215 002e 00BF     		nop
 216 0030 0C37     		adds	r7, r7, #12
 217              		.cfi_def_cfa_offset 4
 218 0032 BD46     		mov	sp, r7
 219              		.cfi_def_cfa_register 13
 220              		@ sp needed
 221 0034 80BC     		pop	{r7}
 222              		.cfi_restore 7
 223              		.cfi_def_cfa_offset 0
 224 0036 7047     		bx	lr
 225              	.L6:
 226              		.align	2
 227              	.L5:
 228 0038 00000000 		.word	openudp_vars
 229              		.cfi_endproc
 230              	.LFE4:
 232              		.align	1
 233              		.global	openudp_send
 234              		.syntax unified
 235              		.thumb
 236              		.thumb_func
 237              		.fpu softvfp
 239              	openudp_send:
 240              	.LFB5:
  35:build\openmote-cc2538_armgcc\openstack\04-TRAN/openudp.c **** 
  36:build\openmote-cc2538_armgcc\openstack\04-TRAN/openudp.c **** owerror_t openudp_send(OpenQueueEntry_t* msg) {
 241              		.loc 1 36 0
 242              		.cfi_startproc
 243              		@ args = 0, pretend = 0, frame = 16
 244              		@ frame_needed = 1, uses_anonymous_args = 0
 245 003c 80B5     		push	{r7, lr}
 246              		.cfi_def_cfa_offset 8
 247              		.cfi_offset 7, -8
 248              		.cfi_offset 14, -4
 249 003e 84B0     		sub	sp, sp, #16
 250              		.cfi_def_cfa_offset 24
 251 0040 00AF     		add	r7, sp, #0
 252              		.cfi_def_cfa_register 7
 253 0042 7860     		str	r0, [r7, #4]
  37:build\openmote-cc2538_armgcc\openstack\04-TRAN/openudp.c ****     uint8_t* checksum_position;
  38:build\openmote-cc2538_armgcc\openstack\04-TRAN/openudp.c ****     msg->owner       = COMPONENT_OPENUDP;
 254              		.loc 1 38 0
 255 0044 7B68     		ldr	r3, [r7, #4]
 256 0046 1722     		movs	r2, #23
 257 0048 5A70     		strb	r2, [r3, #1]
  39:build\openmote-cc2538_armgcc\openstack\04-TRAN/openudp.c ****     msg->l4_protocol = IANA_UDP;
 258              		.loc 1 39 0
 259 004a 7B68     		ldr	r3, [r7, #4]
 260 004c 1122     		movs	r2, #17
 261 004e DA73     		strb	r2, [r3, #15]
  40:build\openmote-cc2538_armgcc\openstack\04-TRAN/openudp.c ****     msg->l4_payload  = msg->payload;
 262              		.loc 1 40 0
 263 0050 7B68     		ldr	r3, [r7, #4]
 264 0052 5A68     		ldr	r2, [r3, #4]
 265 0054 7B68     		ldr	r3, [r7, #4]
 266 0056 9A61     		str	r2, [r3, #24]
  41:build\openmote-cc2538_armgcc\openstack\04-TRAN/openudp.c ****     msg->l4_length   = msg->length;
 267              		.loc 1 41 0
 268 0058 7B68     		ldr	r3, [r7, #4]
 269 005a 1A7A     		ldrb	r2, [r3, #8]	@ zero_extendqisi2
 270 005c 7B68     		ldr	r3, [r7, #4]
 271 005e 1A77     		strb	r2, [r3, #28]
  42:build\openmote-cc2538_armgcc\openstack\04-TRAN/openudp.c ****     
  43:build\openmote-cc2538_armgcc\openstack\04-TRAN/openudp.c ****     msg->l4_protocol_compressed = FALSE; // by default
 272              		.loc 1 43 0
 273 0060 7B68     		ldr	r3, [r7, #4]
 274 0062 0022     		movs	r2, #0
 275 0064 1A74     		strb	r2, [r3, #16]
  44:build\openmote-cc2538_armgcc\openstack\04-TRAN/openudp.c ****     uint8_t compType = NHC_UDP_PORTS_INLINE;
 276              		.loc 1 44 0
 277 0066 0023     		movs	r3, #0
 278 0068 FB73     		strb	r3, [r7, #15]
  45:build\openmote-cc2538_armgcc\openstack\04-TRAN/openudp.c **** 
  46:build\openmote-cc2538_armgcc\openstack\04-TRAN/openudp.c ****     //check if the header can be compressed.
  47:build\openmote-cc2538_armgcc\openstack\04-TRAN/openudp.c ****     if (msg->l4_destination_port>=0xf000 && msg->l4_destination_port<0xf100){
 279              		.loc 1 47 0
 280 006a 7B68     		ldr	r3, [r7, #4]
 281 006c 9B8A     		ldrh	r3, [r3, #20]
 282 006e B3F5704F 		cmp	r3, #61440
 283 0072 24D3     		bcc	.L8
 284              		.loc 1 47 0 is_stmt 0 discriminator 1
 285 0074 7B68     		ldr	r3, [r7, #4]
 286 0076 9B8A     		ldrh	r3, [r3, #20]
 287 0078 B3F5714F 		cmp	r3, #61696
 288 007c 1FD2     		bcs	.L8
  48:build\openmote-cc2538_armgcc\openstack\04-TRAN/openudp.c ****         // destination can be compressed 8 bit
  49:build\openmote-cc2538_armgcc\openstack\04-TRAN/openudp.c ****         msg->l4_protocol_compressed = TRUE;
 289              		.loc 1 49 0 is_stmt 1
 290 007e 7B68     		ldr	r3, [r7, #4]
 291 0080 0122     		movs	r2, #1
 292 0082 1A74     		strb	r2, [r3, #16]
  50:build\openmote-cc2538_armgcc\openstack\04-TRAN/openudp.c ****         compType = NHC_UDP_PORTS_16S_8D;
 293              		.loc 1 50 0
 294 0084 0123     		movs	r3, #1
 295 0086 FB73     		strb	r3, [r7, #15]
  51:build\openmote-cc2538_armgcc\openstack\04-TRAN/openudp.c ****         //check now if both can still be more compressed 4b each
  52:build\openmote-cc2538_armgcc\openstack\04-TRAN/openudp.c ****         if (
  53:build\openmote-cc2538_armgcc\openstack\04-TRAN/openudp.c ****             msg->l4_destination_port       >= 0xf0b0 &&
 296              		.loc 1 53 0
 297 0088 7B68     		ldr	r3, [r7, #4]
 298 008a 9B8A     		ldrh	r3, [r3, #20]
  52:build\openmote-cc2538_armgcc\openstack\04-TRAN/openudp.c ****             msg->l4_destination_port       >= 0xf0b0 &&
 299              		.loc 1 52 0
 300 008c 4FF2AF02 		movw	r2, #61615
 301 0090 9342     		cmp	r3, r2
 302 0092 24D9     		bls	.L20
  54:build\openmote-cc2538_armgcc\openstack\04-TRAN/openudp.c ****             msg->l4_destination_port       <= 0xf0bf &&
 303              		.loc 1 54 0
 304 0094 7B68     		ldr	r3, [r7, #4]
 305 0096 9B8A     		ldrh	r3, [r3, #20]
  53:build\openmote-cc2538_armgcc\openstack\04-TRAN/openudp.c ****             msg->l4_destination_port       <= 0xf0bf &&
 306              		.loc 1 53 0
 307 0098 4FF2BF02 		movw	r2, #61631
 308 009c 9342     		cmp	r3, r2
 309 009e 1ED8     		bhi	.L20
  55:build\openmote-cc2538_armgcc\openstack\04-TRAN/openudp.c ****             msg->l4_sourcePortORicmpv6Type >= 0xf0b0 &&
 310              		.loc 1 55 0
 311 00a0 7B68     		ldr	r3, [r7, #4]
 312 00a2 5B8A     		ldrh	r3, [r3, #18]
  54:build\openmote-cc2538_armgcc\openstack\04-TRAN/openudp.c ****             msg->l4_destination_port       <= 0xf0bf &&
 313              		.loc 1 54 0
 314 00a4 4FF2AF02 		movw	r2, #61615
 315 00a8 9342     		cmp	r3, r2
 316 00aa 18D9     		bls	.L20
  56:build\openmote-cc2538_armgcc\openstack\04-TRAN/openudp.c ****             msg->l4_sourcePortORicmpv6Type <= 0xf0bf
 317              		.loc 1 56 0
 318 00ac 7B68     		ldr	r3, [r7, #4]
 319 00ae 5B8A     		ldrh	r3, [r3, #18]
  55:build\openmote-cc2538_armgcc\openstack\04-TRAN/openudp.c ****             msg->l4_sourcePortORicmpv6Type >= 0xf0b0 &&
 320              		.loc 1 55 0
 321 00b0 4FF2BF02 		movw	r2, #61631
 322 00b4 9342     		cmp	r3, r2
 323 00b6 12D8     		bhi	.L20
  57:build\openmote-cc2538_armgcc\openstack\04-TRAN/openudp.c ****         ){
  58:build\openmote-cc2538_armgcc\openstack\04-TRAN/openudp.c ****             //can be fully compressed
  59:build\openmote-cc2538_armgcc\openstack\04-TRAN/openudp.c ****             compType = NHC_UDP_PORTS_4S_4D;
 324              		.loc 1 59 0
 325 00b8 0323     		movs	r3, #3
 326 00ba FB73     		strb	r3, [r7, #15]
  52:build\openmote-cc2538_armgcc\openstack\04-TRAN/openudp.c ****             msg->l4_destination_port       >= 0xf0b0 &&
 327              		.loc 1 52 0
 328 00bc 0FE0     		b	.L20
 329              	.L8:
  60:build\openmote-cc2538_armgcc\openstack\04-TRAN/openudp.c ****         }
  61:build\openmote-cc2538_armgcc\openstack\04-TRAN/openudp.c ****     } else {
  62:build\openmote-cc2538_armgcc\openstack\04-TRAN/openudp.c ****         //check source now
  63:build\openmote-cc2538_armgcc\openstack\04-TRAN/openudp.c ****         if (msg->l4_sourcePortORicmpv6Type>=0xf000 && msg->l4_sourcePortORicmpv6Type<0xf100){
 330              		.loc 1 63 0
 331 00be 7B68     		ldr	r3, [r7, #4]
 332 00c0 5B8A     		ldrh	r3, [r3, #18]
 333 00c2 B3F5704F 		cmp	r3, #61440
 334 00c6 0BD3     		bcc	.L10
 335              		.loc 1 63 0 is_stmt 0 discriminator 1
 336 00c8 7B68     		ldr	r3, [r7, #4]
 337 00ca 5B8A     		ldrh	r3, [r3, #18]
 338 00cc B3F5714F 		cmp	r3, #61696
 339 00d0 06D2     		bcs	.L10
  64:build\openmote-cc2538_armgcc\openstack\04-TRAN/openudp.c ****             //source can be compressed -> 8bit
  65:build\openmote-cc2538_armgcc\openstack\04-TRAN/openudp.c ****             msg->l4_protocol_compressed = TRUE;
 340              		.loc 1 65 0 is_stmt 1
 341 00d2 7B68     		ldr	r3, [r7, #4]
 342 00d4 0122     		movs	r2, #1
 343 00d6 1A74     		strb	r2, [r3, #16]
  66:build\openmote-cc2538_armgcc\openstack\04-TRAN/openudp.c ****             compType = NHC_UDP_PORTS_8S_16D;
 344              		.loc 1 66 0
 345 00d8 0223     		movs	r3, #2
 346 00da FB73     		strb	r3, [r7, #15]
 347 00dc 00E0     		b	.L10
 348              	.L20:
  52:build\openmote-cc2538_armgcc\openstack\04-TRAN/openudp.c ****             msg->l4_destination_port       >= 0xf0b0 &&
 349              		.loc 1 52 0
 350 00de 00BF     		nop
 351              	.L10:
  67:build\openmote-cc2538_armgcc\openstack\04-TRAN/openudp.c ****         }
  68:build\openmote-cc2538_armgcc\openstack\04-TRAN/openudp.c ****     }
  69:build\openmote-cc2538_armgcc\openstack\04-TRAN/openudp.c **** 
  70:build\openmote-cc2538_armgcc\openstack\04-TRAN/openudp.c ****     // fill in the header in the packet
  71:build\openmote-cc2538_armgcc\openstack\04-TRAN/openudp.c ****     if (msg->l4_protocol_compressed){
 352              		.loc 1 71 0
 353 00e0 7B68     		ldr	r3, [r7, #4]
 354 00e2 1B7C     		ldrb	r3, [r3, #16]	@ zero_extendqisi2
 355 00e4 002B     		cmp	r3, #0
 356 00e6 7CD0     		beq	.L11
  72:build\openmote-cc2538_armgcc\openstack\04-TRAN/openudp.c **** 
  73:build\openmote-cc2538_armgcc\openstack\04-TRAN/openudp.c ****         //add checksum space in the packet.
  74:build\openmote-cc2538_armgcc\openstack\04-TRAN/openudp.c ****         packetfunctions_reserveHeaderSize(msg,2);
 357              		.loc 1 74 0
 358 00e8 0221     		movs	r1, #2
 359 00ea 7868     		ldr	r0, [r7, #4]
 360 00ec FFF7FEFF 		bl	packetfunctions_reserveHeaderSize
  75:build\openmote-cc2538_armgcc\openstack\04-TRAN/openudp.c ****         //keep position and calculatre checksum at the end.
  76:build\openmote-cc2538_armgcc\openstack\04-TRAN/openudp.c ****         checksum_position = &msg->payload[0];
 361              		.loc 1 76 0
 362 00f0 7B68     		ldr	r3, [r7, #4]
 363 00f2 5B68     		ldr	r3, [r3, #4]
 364 00f4 BB60     		str	r3, [r7, #8]
  77:build\openmote-cc2538_armgcc\openstack\04-TRAN/openudp.c **** 
  78:build\openmote-cc2538_armgcc\openstack\04-TRAN/openudp.c ****         //length is always omitted
  79:build\openmote-cc2538_armgcc\openstack\04-TRAN/openudp.c ****         /*
  80:build\openmote-cc2538_armgcc\openstack\04-TRAN/openudp.c ****          RFC6282 -> The UDP Length field
  81:build\openmote-cc2538_armgcc\openstack\04-TRAN/openudp.c ****                    MUST always be elided and is inferred from lower layers using the
  82:build\openmote-cc2538_armgcc\openstack\04-TRAN/openudp.c ****                    6LoWPAN Fragmentation header or the IEEE 802.15.4 header.
  83:build\openmote-cc2538_armgcc\openstack\04-TRAN/openudp.c ****         */
  84:build\openmote-cc2538_armgcc\openstack\04-TRAN/openudp.c **** 
  85:build\openmote-cc2538_armgcc\openstack\04-TRAN/openudp.c ****         switch (compType) {
 365              		.loc 1 85 0
 366 00f6 FB7B     		ldrb	r3, [r7, #15]	@ zero_extendqisi2
 367 00f8 032B     		cmp	r3, #3
 368 00fa 6DD8     		bhi	.L12
 369 00fc 01A2     		adr	r2, .L14
 370 00fe 52F823F0 		ldr	pc, [r2, r3, lsl #2]
 371 0102 00BF     		.p2align 2
 372              	.L14:
 373 0104 D9010000 		.word	.L12+1
 374 0108 15010000 		.word	.L15+1
 375 010c 53010000 		.word	.L16+1
 376 0110 91010000 		.word	.L17+1
 377              		.p2align 1
 378              	.L15:
  86:build\openmote-cc2538_armgcc\openstack\04-TRAN/openudp.c ****             case NHC_UDP_PORTS_INLINE:
  87:build\openmote-cc2538_armgcc\openstack\04-TRAN/openudp.c ****                 // error this is not possible.
  88:build\openmote-cc2538_armgcc\openstack\04-TRAN/openudp.c ****                 break;
  89:build\openmote-cc2538_armgcc\openstack\04-TRAN/openudp.c ****             case NHC_UDP_PORTS_16S_8D:
  90:build\openmote-cc2538_armgcc\openstack\04-TRAN/openudp.c ****                 // dest port:   0xf0  +  8 bits in-line
  91:build\openmote-cc2538_armgcc\openstack\04-TRAN/openudp.c ****                 // source port:         16 bits in-line
  92:build\openmote-cc2538_armgcc\openstack\04-TRAN/openudp.c ****                 packetfunctions_reserveHeaderSize(msg,1);
 379              		.loc 1 92 0
 380 0114 0121     		movs	r1, #1
 381 0116 7868     		ldr	r0, [r7, #4]
 382 0118 FFF7FEFF 		bl	packetfunctions_reserveHeaderSize
  93:build\openmote-cc2538_armgcc\openstack\04-TRAN/openudp.c ****                 msg->payload[0] = (uint8_t) (msg->l4_destination_port & 0x00ff);
 383              		.loc 1 93 0
 384 011c 7B68     		ldr	r3, [r7, #4]
 385 011e 9A8A     		ldrh	r2, [r3, #20]
 386 0120 7B68     		ldr	r3, [r7, #4]
 387 0122 5B68     		ldr	r3, [r3, #4]
 388 0124 D2B2     		uxtb	r2, r2
 389 0126 1A70     		strb	r2, [r3]
  94:build\openmote-cc2538_armgcc\openstack\04-TRAN/openudp.c ****                 packetfunctions_reserveHeaderSize(msg,2);
 390              		.loc 1 94 0
 391 0128 0221     		movs	r1, #2
 392 012a 7868     		ldr	r0, [r7, #4]
 393 012c FFF7FEFF 		bl	packetfunctions_reserveHeaderSize
  95:build\openmote-cc2538_armgcc\openstack\04-TRAN/openudp.c ****                 packetfunctions_htons(msg->l4_sourcePortORicmpv6Type,&(msg->payload[0]));
 394              		.loc 1 95 0
 395 0130 7B68     		ldr	r3, [r7, #4]
 396 0132 5A8A     		ldrh	r2, [r3, #18]
 397 0134 7B68     		ldr	r3, [r7, #4]
 398 0136 5B68     		ldr	r3, [r3, #4]
 399 0138 1946     		mov	r1, r3
 400 013a 1046     		mov	r0, r2
 401 013c FFF7FEFF 		bl	packetfunctions_htons
  96:build\openmote-cc2538_armgcc\openstack\04-TRAN/openudp.c ****                 //write proper LOWPAN_NHC
  97:build\openmote-cc2538_armgcc\openstack\04-TRAN/openudp.c ****                 packetfunctions_reserveHeaderSize(msg,1);
 402              		.loc 1 97 0
 403 0140 0121     		movs	r1, #1
 404 0142 7868     		ldr	r0, [r7, #4]
 405 0144 FFF7FEFF 		bl	packetfunctions_reserveHeaderSize
  98:build\openmote-cc2538_armgcc\openstack\04-TRAN/openudp.c ****                 msg->payload[0] = NHC_UDP_ID|NHC_UDP_PORTS_16S_8D;
 406              		.loc 1 98 0
 407 0148 7B68     		ldr	r3, [r7, #4]
 408 014a 5B68     		ldr	r3, [r3, #4]
 409 014c F122     		movs	r2, #241
 410 014e 1A70     		strb	r2, [r3]
  99:build\openmote-cc2538_armgcc\openstack\04-TRAN/openudp.c ****                 break;
 411              		.loc 1 99 0
 412 0150 42E0     		b	.L12
 413              	.L16:
 100:build\openmote-cc2538_armgcc\openstack\04-TRAN/openudp.c ****             case NHC_UDP_PORTS_8S_16D:
 101:build\openmote-cc2538_armgcc\openstack\04-TRAN/openudp.c ****                 // dest port:   0xf0  + 16 bits in-line
 102:build\openmote-cc2538_armgcc\openstack\04-TRAN/openudp.c ****                 // source port: 0xf0  +  8 bits in-line
 103:build\openmote-cc2538_armgcc\openstack\04-TRAN/openudp.c ****                 packetfunctions_reserveHeaderSize(msg,2);
 414              		.loc 1 103 0
 415 0152 0221     		movs	r1, #2
 416 0154 7868     		ldr	r0, [r7, #4]
 417 0156 FFF7FEFF 		bl	packetfunctions_reserveHeaderSize
 104:build\openmote-cc2538_armgcc\openstack\04-TRAN/openudp.c ****                 packetfunctions_htons(msg->l4_destination_port,&(msg->payload[0]));
 418              		.loc 1 104 0
 419 015a 7B68     		ldr	r3, [r7, #4]
 420 015c 9A8A     		ldrh	r2, [r3, #20]
 421 015e 7B68     		ldr	r3, [r7, #4]
 422 0160 5B68     		ldr	r3, [r3, #4]
 423 0162 1946     		mov	r1, r3
 424 0164 1046     		mov	r0, r2
 425 0166 FFF7FEFF 		bl	packetfunctions_htons
 105:build\openmote-cc2538_armgcc\openstack\04-TRAN/openudp.c ****                 packetfunctions_reserveHeaderSize(msg,1);
 426              		.loc 1 105 0
 427 016a 0121     		movs	r1, #1
 428 016c 7868     		ldr	r0, [r7, #4]
 429 016e FFF7FEFF 		bl	packetfunctions_reserveHeaderSize
 106:build\openmote-cc2538_armgcc\openstack\04-TRAN/openudp.c ****                 msg->payload[0] = (uint8_t) (msg->l4_sourcePortORicmpv6Type & 0x00ff);
 430              		.loc 1 106 0
 431 0172 7B68     		ldr	r3, [r7, #4]
 432 0174 5A8A     		ldrh	r2, [r3, #18]
 433 0176 7B68     		ldr	r3, [r7, #4]
 434 0178 5B68     		ldr	r3, [r3, #4]
 435 017a D2B2     		uxtb	r2, r2
 436 017c 1A70     		strb	r2, [r3]
 107:build\openmote-cc2538_armgcc\openstack\04-TRAN/openudp.c ****                 //write proper LOWPAN_NHC
 108:build\openmote-cc2538_armgcc\openstack\04-TRAN/openudp.c ****                 packetfunctions_reserveHeaderSize(msg,1);
 437              		.loc 1 108 0
 438 017e 0121     		movs	r1, #1
 439 0180 7868     		ldr	r0, [r7, #4]
 440 0182 FFF7FEFF 		bl	packetfunctions_reserveHeaderSize
 109:build\openmote-cc2538_armgcc\openstack\04-TRAN/openudp.c ****                 msg->payload[0] = NHC_UDP_ID|NHC_UDP_PORTS_8S_16D;
 441              		.loc 1 109 0
 442 0186 7B68     		ldr	r3, [r7, #4]
 443 0188 5B68     		ldr	r3, [r3, #4]
 444 018a F222     		movs	r2, #242
 445 018c 1A70     		strb	r2, [r3]
 110:build\openmote-cc2538_armgcc\openstack\04-TRAN/openudp.c ****                 break;
 446              		.loc 1 110 0
 447 018e 23E0     		b	.L12
 448              	.L17:
 111:build\openmote-cc2538_armgcc\openstack\04-TRAN/openudp.c ****             case NHC_UDP_PORTS_4S_4D:
 112:build\openmote-cc2538_armgcc\openstack\04-TRAN/openudp.c ****                 // source port: 0xf0b +  4 bits in-line (high 4)
 113:build\openmote-cc2538_armgcc\openstack\04-TRAN/openudp.c ****                 // dest port:   0xf0b +  4 bits in-line  (low 4)
 114:build\openmote-cc2538_armgcc\openstack\04-TRAN/openudp.c ****                 packetfunctions_reserveHeaderSize(msg,1);
 449              		.loc 1 114 0
 450 0190 0121     		movs	r1, #1
 451 0192 7868     		ldr	r0, [r7, #4]
 452 0194 FFF7FEFF 		bl	packetfunctions_reserveHeaderSize
 115:build\openmote-cc2538_armgcc\openstack\04-TRAN/openudp.c ****                 msg->payload[0] = (msg->l4_sourcePortORicmpv6Type & 0x000f)<<4;
 453              		.loc 1 115 0
 454 0198 7B68     		ldr	r3, [r7, #4]
 455 019a 5B8A     		ldrh	r3, [r3, #18]
 456 019c 1A01     		lsls	r2, r3, #4
 457 019e 7B68     		ldr	r3, [r7, #4]
 458 01a0 5B68     		ldr	r3, [r3, #4]
 459 01a2 D2B2     		uxtb	r2, r2
 460 01a4 1A70     		strb	r2, [r3]
 116:build\openmote-cc2538_armgcc\openstack\04-TRAN/openudp.c ****                 msg->payload[0] |= (msg->l4_destination_port & 0x000f);
 461              		.loc 1 116 0
 462 01a6 7B68     		ldr	r3, [r7, #4]
 463 01a8 5B68     		ldr	r3, [r3, #4]
 464 01aa 1B78     		ldrb	r3, [r3]	@ zero_extendqisi2
 465 01ac 5AB2     		sxtb	r2, r3
 466 01ae 7B68     		ldr	r3, [r7, #4]
 467 01b0 9B8A     		ldrh	r3, [r3, #20]
 468 01b2 5BB2     		sxtb	r3, r3
 469 01b4 03F00F03 		and	r3, r3, #15
 470 01b8 5BB2     		sxtb	r3, r3
 471 01ba 1343     		orrs	r3, r3, r2
 472 01bc 5AB2     		sxtb	r2, r3
 473 01be 7B68     		ldr	r3, [r7, #4]
 474 01c0 5B68     		ldr	r3, [r3, #4]
 475 01c2 D2B2     		uxtb	r2, r2
 476 01c4 1A70     		strb	r2, [r3]
 117:build\openmote-cc2538_armgcc\openstack\04-TRAN/openudp.c ****                 //write proper LOWPAN_NHC
 118:build\openmote-cc2538_armgcc\openstack\04-TRAN/openudp.c ****                 packetfunctions_reserveHeaderSize(msg,1);
 477              		.loc 1 118 0
 478 01c6 0121     		movs	r1, #1
 479 01c8 7868     		ldr	r0, [r7, #4]
 480 01ca FFF7FEFF 		bl	packetfunctions_reserveHeaderSize
 119:build\openmote-cc2538_armgcc\openstack\04-TRAN/openudp.c ****                 msg->payload[0] = NHC_UDP_ID|NHC_UDP_PORTS_4S_4D;
 481              		.loc 1 119 0
 482 01ce 7B68     		ldr	r3, [r7, #4]
 483 01d0 5B68     		ldr	r3, [r3, #4]
 484 01d2 F322     		movs	r2, #243
 485 01d4 1A70     		strb	r2, [r3]
 120:build\openmote-cc2538_armgcc\openstack\04-TRAN/openudp.c ****                 break;
 486              		.loc 1 120 0
 487 01d6 00BF     		nop
 488              	.L12:
 121:build\openmote-cc2538_armgcc\openstack\04-TRAN/openudp.c ****         }
 122:build\openmote-cc2538_armgcc\openstack\04-TRAN/openudp.c **** 
 123:build\openmote-cc2538_armgcc\openstack\04-TRAN/openudp.c ****         //after filling the packet we calculate the checksum
 124:build\openmote-cc2538_armgcc\openstack\04-TRAN/openudp.c ****         packetfunctions_calculateChecksum(msg,checksum_position);
 489              		.loc 1 124 0
 490 01d8 B968     		ldr	r1, [r7, #8]
 491 01da 7868     		ldr	r0, [r7, #4]
 492 01dc FFF7FEFF 		bl	packetfunctions_calculateChecksum
 493 01e0 25E0     		b	.L18
 494              	.L11:
 125:build\openmote-cc2538_armgcc\openstack\04-TRAN/openudp.c **** 
 126:build\openmote-cc2538_armgcc\openstack\04-TRAN/openudp.c ****     } else{
 127:build\openmote-cc2538_armgcc\openstack\04-TRAN/openudp.c ****         packetfunctions_reserveHeaderSize(msg,sizeof(udp_ht));
 495              		.loc 1 127 0
 496 01e2 0821     		movs	r1, #8
 497 01e4 7868     		ldr	r0, [r7, #4]
 498 01e6 FFF7FEFF 		bl	packetfunctions_reserveHeaderSize
 128:build\openmote-cc2538_armgcc\openstack\04-TRAN/openudp.c ****         packetfunctions_htons(msg->l4_sourcePortORicmpv6Type,&(msg->payload[0]));
 499              		.loc 1 128 0
 500 01ea 7B68     		ldr	r3, [r7, #4]
 501 01ec 5A8A     		ldrh	r2, [r3, #18]
 502 01ee 7B68     		ldr	r3, [r7, #4]
 503 01f0 5B68     		ldr	r3, [r3, #4]
 504 01f2 1946     		mov	r1, r3
 505 01f4 1046     		mov	r0, r2
 506 01f6 FFF7FEFF 		bl	packetfunctions_htons
 129:build\openmote-cc2538_armgcc\openstack\04-TRAN/openudp.c ****         packetfunctions_htons(msg->l4_destination_port,&(msg->payload[2]));
 507              		.loc 1 129 0
 508 01fa 7B68     		ldr	r3, [r7, #4]
 509 01fc 9A8A     		ldrh	r2, [r3, #20]
 510 01fe 7B68     		ldr	r3, [r7, #4]
 511 0200 5B68     		ldr	r3, [r3, #4]
 512 0202 0233     		adds	r3, r3, #2
 513 0204 1946     		mov	r1, r3
 514 0206 1046     		mov	r0, r2
 515 0208 FFF7FEFF 		bl	packetfunctions_htons
 130:build\openmote-cc2538_armgcc\openstack\04-TRAN/openudp.c ****         //TODO check this as the lenght MUST be ommited.
 131:build\openmote-cc2538_armgcc\openstack\04-TRAN/openudp.c ****         packetfunctions_htons(msg->length,&(msg->payload[4]));
 516              		.loc 1 131 0
 517 020c 7B68     		ldr	r3, [r7, #4]
 518 020e 1B7A     		ldrb	r3, [r3, #8]	@ zero_extendqisi2
 519 0210 9AB2     		uxth	r2, r3
 520 0212 7B68     		ldr	r3, [r7, #4]
 521 0214 5B68     		ldr	r3, [r3, #4]
 522 0216 0433     		adds	r3, r3, #4
 523 0218 1946     		mov	r1, r3
 524 021a 1046     		mov	r0, r2
 525 021c FFF7FEFF 		bl	packetfunctions_htons
 132:build\openmote-cc2538_armgcc\openstack\04-TRAN/openudp.c ****         packetfunctions_calculateChecksum(msg,(uint8_t*)&(((udp_ht*)msg->payload)->checksum));
 526              		.loc 1 132 0
 527 0220 7B68     		ldr	r3, [r7, #4]
 528 0222 5B68     		ldr	r3, [r3, #4]
 529 0224 0633     		adds	r3, r3, #6
 530 0226 1946     		mov	r1, r3
 531 0228 7868     		ldr	r0, [r7, #4]
 532 022a FFF7FEFF 		bl	packetfunctions_calculateChecksum
 533              	.L18:
 133:build\openmote-cc2538_armgcc\openstack\04-TRAN/openudp.c ****     }
 134:build\openmote-cc2538_armgcc\openstack\04-TRAN/openudp.c ****     return forwarding_send(msg);
 534              		.loc 1 134 0
 535 022e 7868     		ldr	r0, [r7, #4]
 536 0230 FFF7FEFF 		bl	forwarding_send
 537 0234 0346     		mov	r3, r0
 135:build\openmote-cc2538_armgcc\openstack\04-TRAN/openudp.c **** }
 538              		.loc 1 135 0
 539 0236 1846     		mov	r0, r3
 540 0238 1037     		adds	r7, r7, #16
 541              		.cfi_def_cfa_offset 8
 542 023a BD46     		mov	sp, r7
 543              		.cfi_def_cfa_register 13
 544              		@ sp needed
 545 023c 80BD     		pop	{r7, pc}
 546              		.cfi_endproc
 547              	.LFE5:
 549              		.align	1
 550              		.global	openudp_sendDone
 551              		.syntax unified
 552              		.thumb
 553              		.thumb_func
 554              		.fpu softvfp
 556              	openudp_sendDone:
 557              	.LFB6:
 136:build\openmote-cc2538_armgcc\openstack\04-TRAN/openudp.c **** 
 137:build\openmote-cc2538_armgcc\openstack\04-TRAN/openudp.c **** void openudp_sendDone(OpenQueueEntry_t* msg, owerror_t error) {
 558              		.loc 1 137 0
 559              		.cfi_startproc
 560              		@ args = 0, pretend = 0, frame = 16
 561              		@ frame_needed = 1, uses_anonymous_args = 0
 562 023e 80B5     		push	{r7, lr}
 563              		.cfi_def_cfa_offset 8
 564              		.cfi_offset 7, -8
 565              		.cfi_offset 14, -4
 566 0240 84B0     		sub	sp, sp, #16
 567              		.cfi_def_cfa_offset 24
 568 0242 00AF     		add	r7, sp, #0
 569              		.cfi_def_cfa_register 7
 570 0244 7860     		str	r0, [r7, #4]
 571 0246 0B46     		mov	r3, r1
 572 0248 FB70     		strb	r3, [r7, #3]
 138:build\openmote-cc2538_armgcc\openstack\04-TRAN/openudp.c ****    udp_resource_desc_t* resource;
 139:build\openmote-cc2538_armgcc\openstack\04-TRAN/openudp.c ****    udp_callbackSendDone_cbt udp_send_done_callback_ptr = NULL;
 573              		.loc 1 139 0
 574 024a 0023     		movs	r3, #0
 575 024c BB60     		str	r3, [r7, #8]
 140:build\openmote-cc2538_armgcc\openstack\04-TRAN/openudp.c **** 
 141:build\openmote-cc2538_armgcc\openstack\04-TRAN/openudp.c ****    msg->owner = COMPONENT_OPENUDP;
 576              		.loc 1 141 0
 577 024e 7B68     		ldr	r3, [r7, #4]
 578 0250 1722     		movs	r2, #23
 579 0252 5A70     		strb	r2, [r3, #1]
 142:build\openmote-cc2538_armgcc\openstack\04-TRAN/openudp.c **** 
 143:build\openmote-cc2538_armgcc\openstack\04-TRAN/openudp.c ****    // iterate list of registered resources
 144:build\openmote-cc2538_armgcc\openstack\04-TRAN/openudp.c ****    resource = openudp_vars.resources;
 580              		.loc 1 144 0
 581 0254 174B     		ldr	r3, .L30
 582 0256 1B68     		ldr	r3, [r3]
 583 0258 FB60     		str	r3, [r7, #12]
 145:build\openmote-cc2538_armgcc\openstack\04-TRAN/openudp.c ****    while (NULL != resource) {
 584              		.loc 1 145 0
 585 025a 12E0     		b	.L22
 586              	.L27:
 146:build\openmote-cc2538_armgcc\openstack\04-TRAN/openudp.c ****       if (resource->port == msg->l4_sourcePortORicmpv6Type) {
 587              		.loc 1 146 0
 588 025c FB68     		ldr	r3, [r7, #12]
 589 025e 1A88     		ldrh	r2, [r3]
 590 0260 7B68     		ldr	r3, [r7, #4]
 591 0262 5B8A     		ldrh	r3, [r3, #18]
 592 0264 9A42     		cmp	r2, r3
 593 0266 09D1     		bne	.L23
 147:build\openmote-cc2538_armgcc\openstack\04-TRAN/openudp.c ****          // there is a registration for this port, either forward the send completion or simply rel
 148:build\openmote-cc2538_armgcc\openstack\04-TRAN/openudp.c ****         udp_send_done_callback_ptr = (resource->callbackSendDone == NULL) ? openudp_sendDone_defaul
 594              		.loc 1 148 0
 595 0268 FB68     		ldr	r3, [r7, #12]
 596 026a 9B68     		ldr	r3, [r3, #8]
 149:build\openmote-cc2538_armgcc\openstack\04-TRAN/openudp.c ****                                                                           : resource->callbackSendD
 597              		.loc 1 149 0
 598 026c 002B     		cmp	r3, #0
 599 026e 02D0     		beq	.L24
 600              		.loc 1 149 0 is_stmt 0 discriminator 1
 601 0270 FB68     		ldr	r3, [r7, #12]
 602 0272 9B68     		ldr	r3, [r3, #8]
 603 0274 00E0     		b	.L25
 604              	.L24:
 605              		.loc 1 149 0 discriminator 2
 606 0276 104B     		ldr	r3, .L30+4
 607              	.L25:
 148:build\openmote-cc2538_armgcc\openstack\04-TRAN/openudp.c ****                                                                           : resource->callbackSendD
 608              		.loc 1 148 0 is_stmt 1
 609 0278 BB60     		str	r3, [r7, #8]
 150:build\openmote-cc2538_armgcc\openstack\04-TRAN/openudp.c ****          break;
 610              		.loc 1 150 0
 611 027a 05E0     		b	.L26
 612              	.L23:
 151:build\openmote-cc2538_armgcc\openstack\04-TRAN/openudp.c ****       }
 152:build\openmote-cc2538_armgcc\openstack\04-TRAN/openudp.c ****       resource = resource->next;
 613              		.loc 1 152 0
 614 027c FB68     		ldr	r3, [r7, #12]
 615 027e DB68     		ldr	r3, [r3, #12]
 616 0280 FB60     		str	r3, [r7, #12]
 617              	.L22:
 145:build\openmote-cc2538_armgcc\openstack\04-TRAN/openudp.c ****       if (resource->port == msg->l4_sourcePortORicmpv6Type) {
 618              		.loc 1 145 0
 619 0282 FB68     		ldr	r3, [r7, #12]
 620 0284 002B     		cmp	r3, #0
 621 0286 E9D1     		bne	.L27
 622              	.L26:
 153:build\openmote-cc2538_armgcc\openstack\04-TRAN/openudp.c ****    }
 154:build\openmote-cc2538_armgcc\openstack\04-TRAN/openudp.c **** 
 155:build\openmote-cc2538_armgcc\openstack\04-TRAN/openudp.c ****    if (udp_send_done_callback_ptr == NULL) {
 623              		.loc 1 155 0
 624 0288 BB68     		ldr	r3, [r7, #8]
 625 028a 002B     		cmp	r3, #0
 626 028c 0AD1     		bne	.L28
 156:build\openmote-cc2538_armgcc\openstack\04-TRAN/openudp.c ****       openserial_printError(COMPONENT_OPENUDP,ERR_UNSUPPORTED_PORT_NUMBER,
 157:build\openmote-cc2538_armgcc\openstack\04-TRAN/openudp.c ****                             (errorparameter_t)msg->l4_sourcePortORicmpv6Type,
 627              		.loc 1 157 0
 628 028e 7B68     		ldr	r3, [r7, #4]
 629 0290 5A8A     		ldrh	r2, [r3, #18]
 156:build\openmote-cc2538_armgcc\openstack\04-TRAN/openudp.c ****       openserial_printError(COMPONENT_OPENUDP,ERR_UNSUPPORTED_PORT_NUMBER,
 630              		.loc 1 156 0
 631 0292 0523     		movs	r3, #5
 632 0294 0921     		movs	r1, #9
 633 0296 1720     		movs	r0, #23
 634 0298 FFF7FEFF 		bl	openserial_printError
 158:build\openmote-cc2538_armgcc\openstack\04-TRAN/openudp.c ****                             (errorparameter_t)5);
 159:build\openmote-cc2538_armgcc\openstack\04-TRAN/openudp.c ****       openqueue_freePacketBuffer(msg);
 635              		.loc 1 159 0
 636 029c 7868     		ldr	r0, [r7, #4]
 637 029e FFF7FEFF 		bl	openqueue_freePacketBuffer
 160:build\openmote-cc2538_armgcc\openstack\04-TRAN/openudp.c ****       return;
 638              		.loc 1 160 0
 639 02a2 04E0     		b	.L21
 640              	.L28:
 161:build\openmote-cc2538_armgcc\openstack\04-TRAN/openudp.c ****    }
 162:build\openmote-cc2538_armgcc\openstack\04-TRAN/openudp.c **** 
 163:build\openmote-cc2538_armgcc\openstack\04-TRAN/openudp.c ****    // handle send completion
 164:build\openmote-cc2538_armgcc\openstack\04-TRAN/openudp.c ****    udp_send_done_callback_ptr(msg, error);
 641              		.loc 1 164 0
 642 02a4 FA78     		ldrb	r2, [r7, #3]	@ zero_extendqisi2
 643 02a6 BB68     		ldr	r3, [r7, #8]
 644 02a8 1146     		mov	r1, r2
 645 02aa 7868     		ldr	r0, [r7, #4]
 646 02ac 9847     		blx	r3
 647              	.LVL0:
 648              	.L21:
 165:build\openmote-cc2538_armgcc\openstack\04-TRAN/openudp.c **** }
 649              		.loc 1 165 0
 650 02ae 1037     		adds	r7, r7, #16
 651              		.cfi_def_cfa_offset 8
 652 02b0 BD46     		mov	sp, r7
 653              		.cfi_def_cfa_register 13
 654              		@ sp needed
 655 02b2 80BD     		pop	{r7, pc}
 656              	.L31:
 657              		.align	2
 658              	.L30:
 659 02b4 00000000 		.word	openudp_vars
 660 02b8 00000000 		.word	openudp_sendDone_default_handler
 661              		.cfi_endproc
 662              	.LFE6:
 664              		.align	1
 665              		.global	openudp_receive
 666              		.syntax unified
 667              		.thumb
 668              		.thumb_func
 669              		.fpu softvfp
 671              	openudp_receive:
 672              	.LFB7:
 166:build\openmote-cc2538_armgcc\openstack\04-TRAN/openudp.c **** 
 167:build\openmote-cc2538_armgcc\openstack\04-TRAN/openudp.c **** void openudp_receive(OpenQueueEntry_t* msg) {
 673              		.loc 1 167 0
 674              		.cfi_startproc
 675              		@ args = 0, pretend = 0, frame = 24
 676              		@ frame_needed = 1, uses_anonymous_args = 0
 677 02bc 80B5     		push	{r7, lr}
 678              		.cfi_def_cfa_offset 8
 679              		.cfi_offset 7, -8
 680              		.cfi_offset 14, -4
 681 02be 86B0     		sub	sp, sp, #24
 682              		.cfi_def_cfa_offset 32
 683 02c0 00AF     		add	r7, sp, #0
 684              		.cfi_def_cfa_register 7
 685 02c2 7860     		str	r0, [r7, #4]
 168:build\openmote-cc2538_armgcc\openstack\04-TRAN/openudp.c ****    uint8_t temp_8b;
 169:build\openmote-cc2538_armgcc\openstack\04-TRAN/openudp.c ****    udp_resource_desc_t* resource;
 170:build\openmote-cc2538_armgcc\openstack\04-TRAN/openudp.c ****    udp_callbackReceive_cbt udp_receive_done_callback_ptr = NULL;
 686              		.loc 1 170 0
 687 02c4 0023     		movs	r3, #0
 688 02c6 3B61     		str	r3, [r7, #16]
 171:build\openmote-cc2538_armgcc\openstack\04-TRAN/openudp.c **** 
 172:build\openmote-cc2538_armgcc\openstack\04-TRAN/openudp.c ****    msg->owner = COMPONENT_OPENUDP;
 689              		.loc 1 172 0
 690 02c8 7B68     		ldr	r3, [r7, #4]
 691 02ca 1722     		movs	r2, #23
 692 02cc 5A70     		strb	r2, [r3, #1]
 173:build\openmote-cc2538_armgcc\openstack\04-TRAN/openudp.c **** 
 174:build\openmote-cc2538_armgcc\openstack\04-TRAN/openudp.c ****    if (msg->l4_protocol_compressed==TRUE) {
 693              		.loc 1 174 0
 694 02ce 7B68     		ldr	r3, [r7, #4]
 695 02d0 1B7C     		ldrb	r3, [r3, #16]	@ zero_extendqisi2
 696 02d2 002B     		cmp	r3, #0
 697 02d4 00F09A80 		beq	.L33
 175:build\openmote-cc2538_armgcc\openstack\04-TRAN/openudp.c ****       // get the UDP header encoding byte
 176:build\openmote-cc2538_armgcc\openstack\04-TRAN/openudp.c ****       temp_8b = *((uint8_t*)(msg->payload));
 698              		.loc 1 176 0
 699 02d8 7B68     		ldr	r3, [r7, #4]
 700 02da 5B68     		ldr	r3, [r3, #4]
 701 02dc 1B78     		ldrb	r3, [r3]
 702 02de FB73     		strb	r3, [r7, #15]
 177:build\openmote-cc2538_armgcc\openstack\04-TRAN/openudp.c ****       packetfunctions_tossHeader(msg,sizeof(temp_8b));
 703              		.loc 1 177 0
 704 02e0 0121     		movs	r1, #1
 705 02e2 7868     		ldr	r0, [r7, #4]
 706 02e4 FFF7FEFF 		bl	packetfunctions_tossHeader
 178:build\openmote-cc2538_armgcc\openstack\04-TRAN/openudp.c ****       switch (temp_8b & NHC_UDP_PORTS_MASK) {
 707              		.loc 1 178 0
 708 02e8 FB7B     		ldrb	r3, [r7, #15]	@ zero_extendqisi2
 709 02ea 03F00303 		and	r3, r3, #3
 710 02ee 032B     		cmp	r3, #3
 711 02f0 00F2AF80 		bhi	.L40
 712 02f4 01A2     		adr	r2, .L36
 713 02f6 52F823F0 		ldr	pc, [r2, r3, lsl #2]
 714 02fa 00BF     		.p2align 2
 715              	.L36:
 716 02fc 0D030000 		.word	.L35+1
 717 0300 55030000 		.word	.L37+1
 718 0304 91030000 		.word	.L38+1
 719 0308 CD030000 		.word	.L39+1
 720              		.p2align 1
 721              	.L35:
 179:build\openmote-cc2538_armgcc\openstack\04-TRAN/openudp.c ****          case NHC_UDP_PORTS_INLINE:
 180:build\openmote-cc2538_armgcc\openstack\04-TRAN/openudp.c ****             // source port:         16 bits in-line
 181:build\openmote-cc2538_armgcc\openstack\04-TRAN/openudp.c ****             // dest port:           16 bits in-line
 182:build\openmote-cc2538_armgcc\openstack\04-TRAN/openudp.c ****             msg->l4_sourcePortORicmpv6Type  = msg->payload[0]*256+msg->payload[1];
 722              		.loc 1 182 0
 723 030c 7B68     		ldr	r3, [r7, #4]
 724 030e 5B68     		ldr	r3, [r3, #4]
 725 0310 1B78     		ldrb	r3, [r3]	@ zero_extendqisi2
 726 0312 9BB2     		uxth	r3, r3
 727 0314 1B02     		lsls	r3, r3, #8
 728 0316 9AB2     		uxth	r2, r3
 729 0318 7B68     		ldr	r3, [r7, #4]
 730 031a 5B68     		ldr	r3, [r3, #4]
 731 031c 0133     		adds	r3, r3, #1
 732 031e 1B78     		ldrb	r3, [r3]	@ zero_extendqisi2
 733 0320 9BB2     		uxth	r3, r3
 734 0322 1344     		add	r3, r3, r2
 735 0324 9AB2     		uxth	r2, r3
 736 0326 7B68     		ldr	r3, [r7, #4]
 737 0328 5A82     		strh	r2, [r3, #18]	@ movhi
 183:build\openmote-cc2538_armgcc\openstack\04-TRAN/openudp.c ****             msg->l4_destination_port        = msg->payload[2]*256+msg->payload[3];
 738              		.loc 1 183 0
 739 032a 7B68     		ldr	r3, [r7, #4]
 740 032c 5B68     		ldr	r3, [r3, #4]
 741 032e 0233     		adds	r3, r3, #2
 742 0330 1B78     		ldrb	r3, [r3]	@ zero_extendqisi2
 743 0332 9BB2     		uxth	r3, r3
 744 0334 1B02     		lsls	r3, r3, #8
 745 0336 9AB2     		uxth	r2, r3
 746 0338 7B68     		ldr	r3, [r7, #4]
 747 033a 5B68     		ldr	r3, [r3, #4]
 748 033c 0333     		adds	r3, r3, #3
 749 033e 1B78     		ldrb	r3, [r3]	@ zero_extendqisi2
 750 0340 9BB2     		uxth	r3, r3
 751 0342 1344     		add	r3, r3, r2
 752 0344 9AB2     		uxth	r2, r3
 753 0346 7B68     		ldr	r3, [r7, #4]
 754 0348 9A82     		strh	r2, [r3, #20]	@ movhi
 184:build\openmote-cc2538_armgcc\openstack\04-TRAN/openudp.c ****             packetfunctions_tossHeader(msg,2+2);
 755              		.loc 1 184 0
 756 034a 0421     		movs	r1, #4
 757 034c 7868     		ldr	r0, [r7, #4]
 758 034e FFF7FEFF 		bl	packetfunctions_tossHeader
 185:build\openmote-cc2538_armgcc\openstack\04-TRAN/openudp.c ****             break;
 759              		.loc 1 185 0
 760 0352 7EE0     		b	.L40
 761              	.L37:
 186:build\openmote-cc2538_armgcc\openstack\04-TRAN/openudp.c ****          case NHC_UDP_PORTS_16S_8D:
 187:build\openmote-cc2538_armgcc\openstack\04-TRAN/openudp.c ****             // source port:         16 bits in-line
 188:build\openmote-cc2538_armgcc\openstack\04-TRAN/openudp.c ****             // dest port:   0xf0  +  8 bits in-line
 189:build\openmote-cc2538_armgcc\openstack\04-TRAN/openudp.c ****             msg->l4_sourcePortORicmpv6Type  = msg->payload[0]*256+msg->payload[1];
 762              		.loc 1 189 0
 763 0354 7B68     		ldr	r3, [r7, #4]
 764 0356 5B68     		ldr	r3, [r3, #4]
 765 0358 1B78     		ldrb	r3, [r3]	@ zero_extendqisi2
 766 035a 9BB2     		uxth	r3, r3
 767 035c 1B02     		lsls	r3, r3, #8
 768 035e 9AB2     		uxth	r2, r3
 769 0360 7B68     		ldr	r3, [r7, #4]
 770 0362 5B68     		ldr	r3, [r3, #4]
 771 0364 0133     		adds	r3, r3, #1
 772 0366 1B78     		ldrb	r3, [r3]	@ zero_extendqisi2
 773 0368 9BB2     		uxth	r3, r3
 774 036a 1344     		add	r3, r3, r2
 775 036c 9AB2     		uxth	r2, r3
 776 036e 7B68     		ldr	r3, [r7, #4]
 777 0370 5A82     		strh	r2, [r3, #18]	@ movhi
 190:build\openmote-cc2538_armgcc\openstack\04-TRAN/openudp.c ****             msg->l4_destination_port        = 0xf000 +            msg->payload[2];
 778              		.loc 1 190 0
 779 0372 7B68     		ldr	r3, [r7, #4]
 780 0374 5B68     		ldr	r3, [r3, #4]
 781 0376 0233     		adds	r3, r3, #2
 782 0378 1B78     		ldrb	r3, [r3]	@ zero_extendqisi2
 783 037a 9BB2     		uxth	r3, r3
 784 037c A3F58053 		sub	r3, r3, #4096
 785 0380 9AB2     		uxth	r2, r3
 786 0382 7B68     		ldr	r3, [r7, #4]
 787 0384 9A82     		strh	r2, [r3, #20]	@ movhi
 191:build\openmote-cc2538_armgcc\openstack\04-TRAN/openudp.c ****             packetfunctions_tossHeader(msg,2+1);
 788              		.loc 1 191 0
 789 0386 0321     		movs	r1, #3
 790 0388 7868     		ldr	r0, [r7, #4]
 791 038a FFF7FEFF 		bl	packetfunctions_tossHeader
 192:build\openmote-cc2538_armgcc\openstack\04-TRAN/openudp.c ****             break;
 792              		.loc 1 192 0
 793 038e 60E0     		b	.L40
 794              	.L38:
 193:build\openmote-cc2538_armgcc\openstack\04-TRAN/openudp.c ****          case NHC_UDP_PORTS_8S_16D:
 194:build\openmote-cc2538_armgcc\openstack\04-TRAN/openudp.c ****             // source port: 0xf0  +  8 bits in-line
 195:build\openmote-cc2538_armgcc\openstack\04-TRAN/openudp.c ****             // dest port:   0xf0  +  8 bits in-line
 196:build\openmote-cc2538_armgcc\openstack\04-TRAN/openudp.c ****             msg->l4_sourcePortORicmpv6Type  = 0xf000 +            msg->payload[0];
 795              		.loc 1 196 0
 796 0390 7B68     		ldr	r3, [r7, #4]
 797 0392 5B68     		ldr	r3, [r3, #4]
 798 0394 1B78     		ldrb	r3, [r3]	@ zero_extendqisi2
 799 0396 9BB2     		uxth	r3, r3
 800 0398 A3F58053 		sub	r3, r3, #4096
 801 039c 9AB2     		uxth	r2, r3
 802 039e 7B68     		ldr	r3, [r7, #4]
 803 03a0 5A82     		strh	r2, [r3, #18]	@ movhi
 197:build\openmote-cc2538_armgcc\openstack\04-TRAN/openudp.c ****             msg->l4_destination_port        = msg->payload[1]*256+msg->payload[2];
 804              		.loc 1 197 0
 805 03a2 7B68     		ldr	r3, [r7, #4]
 806 03a4 5B68     		ldr	r3, [r3, #4]
 807 03a6 0133     		adds	r3, r3, #1
 808 03a8 1B78     		ldrb	r3, [r3]	@ zero_extendqisi2
 809 03aa 9BB2     		uxth	r3, r3
 810 03ac 1B02     		lsls	r3, r3, #8
 811 03ae 9AB2     		uxth	r2, r3
 812 03b0 7B68     		ldr	r3, [r7, #4]
 813 03b2 5B68     		ldr	r3, [r3, #4]
 814 03b4 0233     		adds	r3, r3, #2
 815 03b6 1B78     		ldrb	r3, [r3]	@ zero_extendqisi2
 816 03b8 9BB2     		uxth	r3, r3
 817 03ba 1344     		add	r3, r3, r2
 818 03bc 9AB2     		uxth	r2, r3
 819 03be 7B68     		ldr	r3, [r7, #4]
 820 03c0 9A82     		strh	r2, [r3, #20]	@ movhi
 198:build\openmote-cc2538_armgcc\openstack\04-TRAN/openudp.c ****             packetfunctions_tossHeader(msg,1+2);
 821              		.loc 1 198 0
 822 03c2 0321     		movs	r1, #3
 823 03c4 7868     		ldr	r0, [r7, #4]
 824 03c6 FFF7FEFF 		bl	packetfunctions_tossHeader
 199:build\openmote-cc2538_armgcc\openstack\04-TRAN/openudp.c ****             break;
 825              		.loc 1 199 0
 826 03ca 42E0     		b	.L40
 827              	.L39:
 200:build\openmote-cc2538_armgcc\openstack\04-TRAN/openudp.c ****          case NHC_UDP_PORTS_4S_4D:
 201:build\openmote-cc2538_armgcc\openstack\04-TRAN/openudp.c ****             // source port: 0xf0b +  4 bits in-line
 202:build\openmote-cc2538_armgcc\openstack\04-TRAN/openudp.c ****             // dest port:   0xf0b +  4 bits in-line
 203:build\openmote-cc2538_armgcc\openstack\04-TRAN/openudp.c ****             msg->l4_sourcePortORicmpv6Type  = 0xf0b0 + ((msg->payload[0] >> 4) & 0x0f);
 828              		.loc 1 203 0
 829 03cc 7B68     		ldr	r3, [r7, #4]
 830 03ce 5B68     		ldr	r3, [r3, #4]
 831 03d0 1B78     		ldrb	r3, [r3]	@ zero_extendqisi2
 832 03d2 1B09     		lsrs	r3, r3, #4
 833 03d4 DBB2     		uxtb	r3, r3
 834 03d6 9BB2     		uxth	r3, r3
 835 03d8 03F00F03 		and	r3, r3, #15
 836 03dc 9BB2     		uxth	r3, r3
 837 03de A3F57563 		sub	r3, r3, #3920
 838 03e2 9AB2     		uxth	r2, r3
 839 03e4 7B68     		ldr	r3, [r7, #4]
 840 03e6 5A82     		strh	r2, [r3, #18]	@ movhi
 204:build\openmote-cc2538_armgcc\openstack\04-TRAN/openudp.c ****             msg->l4_destination_port        = 0xf0b0 + ((msg->payload[0] >> 0) & 0x0f);
 841              		.loc 1 204 0
 842 03e8 7B68     		ldr	r3, [r7, #4]
 843 03ea 5B68     		ldr	r3, [r3, #4]
 844 03ec 1B78     		ldrb	r3, [r3]	@ zero_extendqisi2
 845 03ee 9BB2     		uxth	r3, r3
 846 03f0 03F00F03 		and	r3, r3, #15
 847 03f4 9BB2     		uxth	r3, r3
 848 03f6 A3F57563 		sub	r3, r3, #3920
 849 03fa 9AB2     		uxth	r2, r3
 850 03fc 7B68     		ldr	r3, [r7, #4]
 851 03fe 9A82     		strh	r2, [r3, #20]	@ movhi
 205:build\openmote-cc2538_armgcc\openstack\04-TRAN/openudp.c ****             packetfunctions_tossHeader(msg,1);
 852              		.loc 1 205 0
 853 0400 0121     		movs	r1, #1
 854 0402 7868     		ldr	r0, [r7, #4]
 855 0404 FFF7FEFF 		bl	packetfunctions_tossHeader
 206:build\openmote-cc2538_armgcc\openstack\04-TRAN/openudp.c ****             break;
 856              		.loc 1 206 0
 857 0408 00BF     		nop
 858 040a 22E0     		b	.L40
 859              	.L33:
 207:build\openmote-cc2538_armgcc\openstack\04-TRAN/openudp.c ****       }
 208:build\openmote-cc2538_armgcc\openstack\04-TRAN/openudp.c ****    } else {
 209:build\openmote-cc2538_armgcc\openstack\04-TRAN/openudp.c ****       msg->l4_sourcePortORicmpv6Type  = msg->payload[0]*256+msg->payload[1];
 860              		.loc 1 209 0
 861 040c 7B68     		ldr	r3, [r7, #4]
 862 040e 5B68     		ldr	r3, [r3, #4]
 863 0410 1B78     		ldrb	r3, [r3]	@ zero_extendqisi2
 864 0412 9BB2     		uxth	r3, r3
 865 0414 1B02     		lsls	r3, r3, #8
 866 0416 9AB2     		uxth	r2, r3
 867 0418 7B68     		ldr	r3, [r7, #4]
 868 041a 5B68     		ldr	r3, [r3, #4]
 869 041c 0133     		adds	r3, r3, #1
 870 041e 1B78     		ldrb	r3, [r3]	@ zero_extendqisi2
 871 0420 9BB2     		uxth	r3, r3
 872 0422 1344     		add	r3, r3, r2
 873 0424 9AB2     		uxth	r2, r3
 874 0426 7B68     		ldr	r3, [r7, #4]
 875 0428 5A82     		strh	r2, [r3, #18]	@ movhi
 210:build\openmote-cc2538_armgcc\openstack\04-TRAN/openudp.c ****       msg->l4_destination_port        = msg->payload[2]*256+msg->payload[3];
 876              		.loc 1 210 0
 877 042a 7B68     		ldr	r3, [r7, #4]
 878 042c 5B68     		ldr	r3, [r3, #4]
 879 042e 0233     		adds	r3, r3, #2
 880 0430 1B78     		ldrb	r3, [r3]	@ zero_extendqisi2
 881 0432 9BB2     		uxth	r3, r3
 882 0434 1B02     		lsls	r3, r3, #8
 883 0436 9AB2     		uxth	r2, r3
 884 0438 7B68     		ldr	r3, [r7, #4]
 885 043a 5B68     		ldr	r3, [r3, #4]
 886 043c 0333     		adds	r3, r3, #3
 887 043e 1B78     		ldrb	r3, [r3]	@ zero_extendqisi2
 888 0440 9BB2     		uxth	r3, r3
 889 0442 1344     		add	r3, r3, r2
 890 0444 9AB2     		uxth	r2, r3
 891 0446 7B68     		ldr	r3, [r7, #4]
 892 0448 9A82     		strh	r2, [r3, #20]	@ movhi
 211:build\openmote-cc2538_armgcc\openstack\04-TRAN/openudp.c ****       packetfunctions_tossHeader(msg,sizeof(udp_ht));
 893              		.loc 1 211 0
 894 044a 0821     		movs	r1, #8
 895 044c 7868     		ldr	r0, [r7, #4]
 896 044e FFF7FEFF 		bl	packetfunctions_tossHeader
 897              	.L40:
 212:build\openmote-cc2538_armgcc\openstack\04-TRAN/openudp.c ****    }
 213:build\openmote-cc2538_armgcc\openstack\04-TRAN/openudp.c ****    
 214:build\openmote-cc2538_armgcc\openstack\04-TRAN/openudp.c ****    // iterate list of registered resources
 215:build\openmote-cc2538_armgcc\openstack\04-TRAN/openudp.c ****    resource = openudp_vars.resources;
 898              		.loc 1 215 0
 899 0452 174B     		ldr	r3, .L50
 900 0454 1B68     		ldr	r3, [r3]
 901 0456 7B61     		str	r3, [r7, #20]
 216:build\openmote-cc2538_armgcc\openstack\04-TRAN/openudp.c ****    while (NULL != resource) {
 902              		.loc 1 216 0
 903 0458 12E0     		b	.L41
 904              	.L46:
 217:build\openmote-cc2538_armgcc\openstack\04-TRAN/openudp.c ****       if (resource->port == msg->l4_destination_port) {
 905              		.loc 1 217 0
 906 045a 7B69     		ldr	r3, [r7, #20]
 907 045c 1A88     		ldrh	r2, [r3]
 908 045e 7B68     		ldr	r3, [r7, #4]
 909 0460 9B8A     		ldrh	r3, [r3, #20]
 910 0462 9A42     		cmp	r2, r3
 911 0464 09D1     		bne	.L42
 218:build\openmote-cc2538_armgcc\openstack\04-TRAN/openudp.c ****         udp_receive_done_callback_ptr = (resource->callbackReceive == NULL) ? openudp_receive_defau
 912              		.loc 1 218 0
 913 0466 7B69     		ldr	r3, [r7, #20]
 914 0468 5B68     		ldr	r3, [r3, #4]
 219:build\openmote-cc2538_armgcc\openstack\04-TRAN/openudp.c ****                                                                             : resource->callbackRec
 915              		.loc 1 219 0
 916 046a 002B     		cmp	r3, #0
 917 046c 02D0     		beq	.L43
 918              		.loc 1 219 0 is_stmt 0 discriminator 1
 919 046e 7B69     		ldr	r3, [r7, #20]
 920 0470 5B68     		ldr	r3, [r3, #4]
 921 0472 00E0     		b	.L44
 922              	.L43:
 923              		.loc 1 219 0 discriminator 2
 924 0474 0F4B     		ldr	r3, .L50+4
 925              	.L44:
 218:build\openmote-cc2538_armgcc\openstack\04-TRAN/openudp.c ****         udp_receive_done_callback_ptr = (resource->callbackReceive == NULL) ? openudp_receive_defau
 926              		.loc 1 218 0 is_stmt 1
 927 0476 3B61     		str	r3, [r7, #16]
 220:build\openmote-cc2538_armgcc\openstack\04-TRAN/openudp.c ****          break;
 928              		.loc 1 220 0
 929 0478 05E0     		b	.L45
 930              	.L42:
 221:build\openmote-cc2538_armgcc\openstack\04-TRAN/openudp.c ****       }
 222:build\openmote-cc2538_armgcc\openstack\04-TRAN/openudp.c ****       resource = resource->next;
 931              		.loc 1 222 0
 932 047a 7B69     		ldr	r3, [r7, #20]
 933 047c DB68     		ldr	r3, [r3, #12]
 934 047e 7B61     		str	r3, [r7, #20]
 935              	.L41:
 216:build\openmote-cc2538_armgcc\openstack\04-TRAN/openudp.c ****       if (resource->port == msg->l4_destination_port) {
 936              		.loc 1 216 0
 937 0480 7B69     		ldr	r3, [r7, #20]
 938 0482 002B     		cmp	r3, #0
 939 0484 E9D1     		bne	.L46
 940              	.L45:
 223:build\openmote-cc2538_armgcc\openstack\04-TRAN/openudp.c ****    }
 224:build\openmote-cc2538_armgcc\openstack\04-TRAN/openudp.c **** 
 225:build\openmote-cc2538_armgcc\openstack\04-TRAN/openudp.c ****    if (udp_receive_done_callback_ptr == NULL) {
 941              		.loc 1 225 0
 942 0486 3B69     		ldr	r3, [r7, #16]
 943 0488 002B     		cmp	r3, #0
 944 048a 0AD1     		bne	.L47
 226:build\openmote-cc2538_armgcc\openstack\04-TRAN/openudp.c ****       openserial_printError(COMPONENT_OPENUDP,ERR_UNSUPPORTED_PORT_NUMBER,
 227:build\openmote-cc2538_armgcc\openstack\04-TRAN/openudp.c ****                             (errorparameter_t)msg->l4_destination_port,
 945              		.loc 1 227 0
 946 048c 7B68     		ldr	r3, [r7, #4]
 947 048e 9A8A     		ldrh	r2, [r3, #20]
 226:build\openmote-cc2538_armgcc\openstack\04-TRAN/openudp.c ****       openserial_printError(COMPONENT_OPENUDP,ERR_UNSUPPORTED_PORT_NUMBER,
 948              		.loc 1 226 0
 949 0490 0623     		movs	r3, #6
 950 0492 0921     		movs	r1, #9
 951 0494 1720     		movs	r0, #23
 952 0496 FFF7FEFF 		bl	openserial_printError
 228:build\openmote-cc2538_armgcc\openstack\04-TRAN/openudp.c ****                             (errorparameter_t)6);
 229:build\openmote-cc2538_armgcc\openstack\04-TRAN/openudp.c ****       openqueue_freePacketBuffer(msg);
 953              		.loc 1 229 0
 954 049a 7868     		ldr	r0, [r7, #4]
 955 049c FFF7FEFF 		bl	openqueue_freePacketBuffer
 230:build\openmote-cc2538_armgcc\openstack\04-TRAN/openudp.c ****    } else {
 231:build\openmote-cc2538_armgcc\openstack\04-TRAN/openudp.c ****       // forward message to resource
 232:build\openmote-cc2538_armgcc\openstack\04-TRAN/openudp.c ****       udp_receive_done_callback_ptr(msg);  
 233:build\openmote-cc2538_armgcc\openstack\04-TRAN/openudp.c ****    }
 234:build\openmote-cc2538_armgcc\openstack\04-TRAN/openudp.c **** }
 956              		.loc 1 234 0
 957 04a0 02E0     		b	.L49
 958              	.L47:
 232:build\openmote-cc2538_armgcc\openstack\04-TRAN/openudp.c ****    }
 959              		.loc 1 232 0
 960 04a2 3B69     		ldr	r3, [r7, #16]
 961 04a4 7868     		ldr	r0, [r7, #4]
 962 04a6 9847     		blx	r3
 963              	.LVL1:
 964              	.L49:
 965              		.loc 1 234 0
 966 04a8 00BF     		nop
 967 04aa 1837     		adds	r7, r7, #24
 968              		.cfi_def_cfa_offset 8
 969 04ac BD46     		mov	sp, r7
 970              		.cfi_def_cfa_register 13
 971              		@ sp needed
 972 04ae 80BD     		pop	{r7, pc}
 973              	.L51:
 974              		.align	2
 975              	.L50:
 976 04b0 00000000 		.word	openudp_vars
 977 04b4 00000000 		.word	openudp_receive_default_handler
 978              		.cfi_endproc
 979              	.LFE7:
 981              		.align	1
 982              		.global	openudp_debugPrint
 983              		.syntax unified
 984              		.thumb
 985              		.thumb_func
 986              		.fpu softvfp
 988              	openudp_debugPrint:
 989              	.LFB8:
 235:build\openmote-cc2538_armgcc\openstack\04-TRAN/openudp.c **** 
 236:build\openmote-cc2538_armgcc\openstack\04-TRAN/openudp.c **** bool openudp_debugPrint(void) {
 990              		.loc 1 236 0
 991              		.cfi_startproc
 992              		@ args = 0, pretend = 0, frame = 0
 993              		@ frame_needed = 1, uses_anonymous_args = 0
 994              		@ link register save eliminated.
 995 04b8 80B4     		push	{r7}
 996              		.cfi_def_cfa_offset 4
 997              		.cfi_offset 7, -4
 998 04ba 00AF     		add	r7, sp, #0
 999              		.cfi_def_cfa_register 7
 237:build\openmote-cc2538_armgcc\openstack\04-TRAN/openudp.c ****    return FALSE;
 1000              		.loc 1 237 0
 1001 04bc 0023     		movs	r3, #0
 238:build\openmote-cc2538_armgcc\openstack\04-TRAN/openudp.c **** }
 1002              		.loc 1 238 0
 1003 04be 1846     		mov	r0, r3
 1004 04c0 BD46     		mov	sp, r7
 1005              		.cfi_def_cfa_register 13
 1006              		@ sp needed
 1007 04c2 80BC     		pop	{r7}
 1008              		.cfi_restore 7
 1009              		.cfi_def_cfa_offset 0
 1010 04c4 7047     		bx	lr
 1011              		.cfi_endproc
 1012              	.LFE8:
 1014              		.align	1
 1015              		.syntax unified
 1016              		.thumb
 1017              		.thumb_func
 1018              		.fpu softvfp
 1020              	openudp_sendDone_default_handler:
 1021              	.LFB9:
 239:build\openmote-cc2538_armgcc\openstack\04-TRAN/openudp.c **** 
 240:build\openmote-cc2538_armgcc\openstack\04-TRAN/openudp.c **** //=========================== private =========================================
 241:build\openmote-cc2538_armgcc\openstack\04-TRAN/openudp.c **** 
 242:build\openmote-cc2538_armgcc\openstack\04-TRAN/openudp.c **** static void openudp_sendDone_default_handler(OpenQueueEntry_t* msg, owerror_t error) {
 1022              		.loc 1 242 0
 1023              		.cfi_startproc
 1024              		@ args = 0, pretend = 0, frame = 8
 1025              		@ frame_needed = 1, uses_anonymous_args = 0
 1026 04c6 80B5     		push	{r7, lr}
 1027              		.cfi_def_cfa_offset 8
 1028              		.cfi_offset 7, -8
 1029              		.cfi_offset 14, -4
 1030 04c8 82B0     		sub	sp, sp, #8
 1031              		.cfi_def_cfa_offset 16
 1032 04ca 00AF     		add	r7, sp, #0
 1033              		.cfi_def_cfa_register 7
 1034 04cc 7860     		str	r0, [r7, #4]
 1035 04ce 0B46     		mov	r3, r1
 1036 04d0 FB70     		strb	r3, [r7, #3]
 243:build\openmote-cc2538_armgcc\openstack\04-TRAN/openudp.c ****    openqueue_freePacketBuffer(msg);
 1037              		.loc 1 243 0
 1038 04d2 7868     		ldr	r0, [r7, #4]
 1039 04d4 FFF7FEFF 		bl	openqueue_freePacketBuffer
 244:build\openmote-cc2538_armgcc\openstack\04-TRAN/openudp.c **** }
 1040              		.loc 1 244 0
 1041 04d8 00BF     		nop
 1042 04da 0837     		adds	r7, r7, #8
 1043              		.cfi_def_cfa_offset 8
 1044 04dc BD46     		mov	sp, r7
 1045              		.cfi_def_cfa_register 13
 1046              		@ sp needed
 1047 04de 80BD     		pop	{r7, pc}
 1048              		.cfi_endproc
 1049              	.LFE9:
 1051              		.align	1
 1052              		.syntax unified
 1053              		.thumb
 1054              		.thumb_func
 1055              		.fpu softvfp
 1057              	openudp_receive_default_handler:
 1058              	.LFB10:
 245:build\openmote-cc2538_armgcc\openstack\04-TRAN/openudp.c **** 
 246:build\openmote-cc2538_armgcc\openstack\04-TRAN/openudp.c **** static void openudp_receive_default_handler(OpenQueueEntry_t* msg) {
 1059              		.loc 1 246 0
 1060              		.cfi_startproc
 1061              		@ args = 0, pretend = 0, frame = 8
 1062              		@ frame_needed = 1, uses_anonymous_args = 0
 1063 04e0 80B5     		push	{r7, lr}
 1064              		.cfi_def_cfa_offset 8
 1065              		.cfi_offset 7, -8
 1066              		.cfi_offset 14, -4
 1067 04e2 82B0     		sub	sp, sp, #8
 1068              		.cfi_def_cfa_offset 16
 1069 04e4 00AF     		add	r7, sp, #0
 1070              		.cfi_def_cfa_register 7
 1071 04e6 7860     		str	r0, [r7, #4]
 247:build\openmote-cc2538_armgcc\openstack\04-TRAN/openudp.c ****    openqueue_freePacketBuffer(msg);
 1072              		.loc 1 247 0
 1073 04e8 7868     		ldr	r0, [r7, #4]
 1074 04ea FFF7FEFF 		bl	openqueue_freePacketBuffer
 248:build\openmote-cc2538_armgcc\openstack\04-TRAN/openudp.c **** }
 1075              		.loc 1 248 0
 1076 04ee 00BF     		nop
 1077 04f0 0837     		adds	r7, r7, #8
 1078              		.cfi_def_cfa_offset 8
 1079 04f2 BD46     		mov	sp, r7
 1080              		.cfi_def_cfa_register 13
 1081              		@ sp needed
 1082 04f4 80BD     		pop	{r7, pc}
 1083              		.cfi_endproc
 1084              	.LFE10:
 1086              	.Letext0:
 1087              		.file 2 "c:\\program files (x86)\\gnu tools arm embedded\\7 2018-q2-update\\arm-none-eabi\\include
 1088              		.file 3 "c:\\program files (x86)\\gnu tools arm embedded\\7 2018-q2-update\\arm-none-eabi\\include
 1089              		.file 4 "c:\\program files (x86)\\gnu tools arm embedded\\7 2018-q2-update\\arm-none-eabi\\include
 1090              		.file 5 "c:\\program files (x86)\\gnu tools arm embedded\\7 2018-q2-update\\arm-none-eabi\\include
 1091              		.file 6 "c:\\program files (x86)\\gnu tools arm embedded\\7 2018-q2-update\\lib\\gcc\\arm-none-eab
 1092              		.file 7 "c:\\program files (x86)\\gnu tools arm embedded\\7 2018-q2-update\\arm-none-eabi\\include
 1093              		.file 8 "bsp\\boards\\openmote-cc2538/board_info.h"
 1094              		.file 9 "inc/opendefs.h"
 1095              		.file 10 "build\\openmote-cc2538_armgcc\\openstack\\04-TRAN\\openudp.h"
 1096              		.file 11 "openstack\\03a-IPHC/iphc.h"
 1097              		.file 12 "openapps\\opencoap/opencoap.h"
DEFINED SYMBOLS
                            *ABS*:00000000 openudp.c
C:\Users\Lee\AppData\Local\Temp\ccuKldId.s:16     .rodata:00000000 $d
C:\Users\Lee\AppData\Local\Temp\ccuKldId.s:19     .rodata:00000000 rreg_uriquery
C:\Users\Lee\AppData\Local\Temp\ccuKldId.s:24     .rodata:00000008 infoBoardname
C:\Users\Lee\AppData\Local\Temp\ccuKldId.s:29     .rodata:00000010 infouCName
C:\Users\Lee\AppData\Local\Temp\ccuKldId.s:34     .rodata:00000018 infoRadioName
C:\Users\Lee\AppData\Local\Temp\ccuKldId.s:39     .rodata:00000024 infoStackName
C:\Users\Lee\AppData\Local\Temp\ccuKldId.s:44     .rodata:00000030 ipAddr_ipsoRD
C:\Users\Lee\AppData\Local\Temp\ccuKldId.s:64     .rodata:00000040 ipAddr_motesEecs
C:\Users\Lee\AppData\Local\Temp\ccuKldId.s:84     .rodata:00000050 ipAddr_local
C:\Users\Lee\AppData\Local\Temp\ccuKldId.s:104    .rodata:00000060 ipAddr_motedata
C:\Users\Lee\AppData\Local\Temp\ccuKldId.s:124    .rodata:00000070 ipAddr_ringmaster
                            *COM*:00000004 openudp_vars
C:\Users\Lee\AppData\Local\Temp\ccuKldId.s:143    .text:00000000 $t
C:\Users\Lee\AppData\Local\Temp\ccuKldId.s:150    .text:00000000 openudp_init
C:\Users\Lee\AppData\Local\Temp\ccuKldId.s:179    .text:00000014 $d
C:\Users\Lee\AppData\Local\Temp\ccuKldId.s:183    .text:00000018 $t
C:\Users\Lee\AppData\Local\Temp\ccuKldId.s:190    .text:00000018 openudp_register
C:\Users\Lee\AppData\Local\Temp\ccuKldId.s:228    .text:00000038 $d
C:\Users\Lee\AppData\Local\Temp\ccuKldId.s:232    .text:0000003c $t
C:\Users\Lee\AppData\Local\Temp\ccuKldId.s:239    .text:0000003c openudp_send
C:\Users\Lee\AppData\Local\Temp\ccuKldId.s:373    .text:00000104 $d
C:\Users\Lee\AppData\Local\Temp\ccuKldId.s:377    .text:00000114 $t
C:\Users\Lee\AppData\Local\Temp\ccuKldId.s:556    .text:0000023e openudp_sendDone
C:\Users\Lee\AppData\Local\Temp\ccuKldId.s:659    .text:000002b4 $d
C:\Users\Lee\AppData\Local\Temp\ccuKldId.s:1020   .text:000004c6 openudp_sendDone_default_handler
C:\Users\Lee\AppData\Local\Temp\ccuKldId.s:664    .text:000002bc $t
C:\Users\Lee\AppData\Local\Temp\ccuKldId.s:671    .text:000002bc openudp_receive
C:\Users\Lee\AppData\Local\Temp\ccuKldId.s:716    .text:000002fc $d
C:\Users\Lee\AppData\Local\Temp\ccuKldId.s:720    .text:0000030c $t
C:\Users\Lee\AppData\Local\Temp\ccuKldId.s:976    .text:000004b0 $d
C:\Users\Lee\AppData\Local\Temp\ccuKldId.s:1057   .text:000004e0 openudp_receive_default_handler
C:\Users\Lee\AppData\Local\Temp\ccuKldId.s:981    .text:000004b8 $t
C:\Users\Lee\AppData\Local\Temp\ccuKldId.s:988    .text:000004b8 openudp_debugPrint
                           .group:00000000 wm4.0.93d65e4ff05d5af51629690e5b534e57
                           .group:00000000 wm4._newlib_version.h.4.875b979a44719054cd750d0952ad3fd6
                           .group:00000000 wm4.features.h.33.318b64d71e0957639cfb30f1db1f7ec8
                           .group:00000000 wm4._default_types.h.15.247e5cd201eca3442cbf5404108c4935
                           .group:00000000 wm4._intsup.h.10.cce27fed8484c08a33f522034c30d2b5
                           .group:00000000 wm4._stdint.h.10.c24fa3af3bc1706662bb5593a907e841
                           .group:00000000 wm4.stdint.h.23.d53047a68f4a85177f80b422d52785ed
                           .group:00000000 wm4.toolchain_defs.h.2.e5fd326231d01413e5361944b26cde07
                           .group:00000000 wm4.newlib.h.8.f6e543eac3f2f65163ba2ffe3b04987b
                           .group:00000000 wm4.ieeefp.h.77.220d9cccac42cd58761758bee2df4ce6
                           .group:00000000 wm4.config.h.220.6cac6a9685cfce5e83c17784171638d9
                           .group:00000000 wm4._ansi.h.31.de524f58584151836e90d8620a16f8e8
                           .group:00000000 wm4.stddef.h.39.a38874c8f8a57e66301090908ec2a69f
                           .group:00000000 wm4.lock.h.2.1461d1fff82dffe8bfddc23307f6484f
                           .group:00000000 wm4._types.h.125.5cf8a495f1f7ef36777ad868a1e32068
                           .group:00000000 wm4.stddef.h.161.5349cb105733e8777bfb0cf53c4e3f34
                           .group:00000000 wm4._types.h.184.03611d4f6b5bec9997bcf4279eceba07
                           .group:00000000 wm4.reent.h.17.90c2574d4acdcfce933db5cb09ff35fe
                           .group:00000000 wm4.cdefs.h.47.0bcdf94cb40e176393dd1404056825b4
                           .group:00000000 wm4.string.h.15.dab3980bf35408a4c507182805e2de3a
                           .group:00000000 wm4.stddef.h.161.19e15733342b50ead2919490b095303e
                           .group:00000000 wm4.stdbool.h.29.07dce69c3b78884144b7f7bd19483461
                           .group:00000000 wm4.hw_types.h.67.b10589a0806dcc2d274d6fab6b736519
                           .group:00000000 wm4.interrupt.h.41.272fc4ec0e276feb439e7974d0f77eaf
                           .group:00000000 wm4.board_info.h.22.34c159473b0affd9f1a6f5aa8cf576c9
                           .group:00000000 wm4.opendefs.h.23.3a22b672f37c862344b7aef3ebe35451
                           .group:00000000 wm4.stdio.h.27.3fc80220048df77954e38daec3bb9670
                           .group:00000000 wm4.stdarg.h.34.3a23a216c0c293b3d2ea2e89281481e6
                           .group:00000000 wm4.types.h.40.e8c16e7ec36ba55f133d0616070e25fc
                           .group:00000000 wm4._endian.h.31.65a10590763c3dde1ac4a7f66d7d4891
                           .group:00000000 wm4.endian.h.9.49f3a4695c1b61e8a0808de3c4a106cb
                           .group:00000000 wm4._timeval.h.30.0e8bfd94e85db17dda3286ee81496fe6
                           .group:00000000 wm4.timespec.h.41.d855182eb0e690443ab8651bcedca6e1
                           .group:00000000 wm4.select.h.19.97ca6fd0c752a0f3b6719fd314d361e6
                           .group:00000000 wm4.types.h.69.ed3eae3cf73030a737515151ebcab7a1
                           .group:00000000 wm4.sched.h.22.c60982713a5c428609783c78f9c78d95
                           .group:00000000 wm4._pthreadtypes.h.36.fcee9961c35163dde6267ef772ad1972
                           .group:00000000 wm4.stdio.h.2.4aa87247282eca6c8f36f9de33d8df1a
                           .group:00000000 wm4.stdio.h.81.932d0c162786b883f622b8d05c120c78
                           .group:00000000 wm4.stdarg.h.31.3fa7b8f6daaa31edd1696c08c77f2a73
                           .group:00000000 wm4.openserial.h.32.ea1006cc0a4d06130c082222e630581b
                           .group:00000000 wm4.iphc.h.2.9e7d9d56ac728a3c0b3014283a59854e
                           .group:00000000 wm4.forwarding.h.15.45cb0af1f91ed153925f6c7828496d3e
                           .group:00000000 wm4.IEEE802154.h.2.38fb510ed33a23a9a0660164e6dfab69
                           .group:00000000 wm4.opentimers.h.8.eb1cab84a6e82ba9569a1990291c92ba
                           .group:00000000 wm4.opencoap.h.32.4fd89a1f25836020968932a0f7dffe46
                           .group:00000000 wm4.uinject.h.2.a24cb3dc58bb8181b270afba9da81836
                           .group:00000000 wm4.userialbridge.h.2.ba65066aed51e33abcaf4c4d089f1dd5
                           .group:00000000 wm4.schedule.h.2.655275e038307b96d02df4174b9f26be

UNDEFINED SYMBOLS
packetfunctions_reserveHeaderSize
packetfunctions_htons
packetfunctions_calculateChecksum
forwarding_send
openserial_printError
openqueue_freePacketBuffer
packetfunctions_tossHeader
